<?xml version="1.0" encoding="UTF-8"?>
<coverage generated="1758549843980" clover="3.2.0">
  <project timestamp="1758549843981" name="All files">
    <metrics statements="4472" coveredstatements="257" conditionals="3500" coveredconditionals="140" methods="1478" coveredmethods="77" elements="9450" coveredelements="474" complexity="0" loc="4472" ncloc="4472" packages="7" files="114" classes="114"/>
    <package name="components">
      <metrics statements="2021" coveredstatements="16" conditionals="1864" coveredconditionals="4" methods="641" coveredmethods="1"/>
      <file name="auth-guard.tsx" path="C:\Users\pobrebski\repos\v0-EMBO\components\auth-guard.tsx">
        <metrics statements="23" coveredstatements="0" conditionals="21" coveredconditionals="0" methods="2" coveredmethods="0"/>
        <line num="3" count="0" type="stmt"/>
        <line num="4" count="0" type="stmt"/>
        <line num="5" count="0" type="stmt"/>
        <line num="6" count="0" type="stmt"/>
        <line num="7" count="0" type="stmt"/>
        <line num="15" count="0" type="stmt"/>
        <line num="20" count="0" type="stmt"/>
        <line num="21" count="0" type="stmt"/>
        <line num="24" count="0" type="cond" truecount="0" falsecount="2"/>
        <line num="28" count="0" type="cond" truecount="0" falsecount="2"/>
        <line num="32" count="0" type="stmt"/>
        <line num="33" count="0" type="cond" truecount="0" falsecount="2"/>
        <line num="35" count="0" type="cond" truecount="0" falsecount="2"/>
        <line num="36" count="0" type="stmt"/>
        <line num="37" count="0" type="stmt"/>
        <line num="41" count="0" type="cond" truecount="0" falsecount="4"/>
        <line num="42" count="0" type="stmt"/>
        <line num="43" count="0" type="stmt"/>
        <line num="48" count="0" type="cond" truecount="0" falsecount="2"/>
        <line num="64" count="0" type="cond" truecount="0" falsecount="2"/>
        <line num="65" count="0" type="stmt"/>
        <line num="69" count="0" type="cond" truecount="0" falsecount="4"/>
        <line num="70" count="0" type="stmt"/>
      </file>
      <file name="author-list.tsx" path="C:\Users\pobrebski\repos\v0-EMBO\components\author-list.tsx">
        <metrics statements="16" coveredstatements="0" conditionals="14" coveredconditionals="0" methods="6" coveredmethods="0"/>
        <line num="1" count="0" type="stmt"/>
        <line num="9" count="0" type="cond" truecount="0" falsecount="1"/>
        <line num="11" count="0" type="stmt"/>
        <line num="12" count="0" type="cond" truecount="0" falsecount="2"/>
        <line num="13" count="0" type="stmt"/>
        <line num="17" count="0" type="cond" truecount="0" falsecount="2"/>
        <line num="18" count="0" type="stmt"/>
        <line num="21" count="0" type="stmt"/>
        <line num="25" count="0" type="stmt"/>
        <line num="26" count="0" type="cond" truecount="0" falsecount="2"/>
        <line num="28" count="0" type="stmt"/>
        <line num="29" count="0" type="stmt"/>
        <line num="31" count="0" type="stmt"/>
        <line num="32" count="0" type="cond" truecount="0" falsecount="2"/>
        <line num="42" count="0" type="cond" truecount="0" falsecount="2"/>
        <line num="49" count="0" type="stmt"/>
      </file>
      <file name="collaboration-banner.tsx" path="C:\Users\pobrebski\repos\v0-EMBO\components\collaboration-banner.tsx">
        <metrics statements="37" coveredstatements="0" conditionals="21" coveredconditionals="0" methods="23" coveredmethods="0"/>
        <line num="3" count="0" type="stmt"/>
        <line num="4" count="0" type="stmt"/>
        <line num="5" count="0" type="stmt"/>
        <line num="6" count="0" type="stmt"/>
        <line num="7" count="0" type="stmt"/>
        <line num="8" count="0" type="stmt"/>
        <line num="9" count="0" type="stmt"/>
        <line num="17" count="0" type="stmt"/>
        <line num="63" count="0" type="stmt"/>
        <line num="64" count="0" type="stmt"/>
        <line num="65" count="0" type="stmt"/>
        <line num="66" count="0" type="stmt"/>
        <line num="69" count="0" type="stmt"/>
        <line num="70" count="0" type="stmt"/>
        <line num="71" count="0" type="stmt"/>
        <line num="73" count="0" type="stmt"/>
        <line num="80" count="0" type="stmt"/>
        <line num="83" count="0" type="stmt"/>
        <line num="84" count="0" type="stmt"/>
        <line num="85" count="0" type="stmt"/>
        <line num="87" count="0" type="stmt"/>
        <line num="88" count="0" type="stmt"/>
        <line num="91" count="0" type="cond" truecount="0" falsecount="2"/>
        <line num="96" count="0" type="stmt"/>
        <line num="97" count="0" type="stmt"/>
        <line num="108" count="0" type="cond" truecount="0" falsecount="5"/>
        <line num="109" count="0" type="stmt"/>
        <line num="147" count="0" type="stmt"/>
        <line num="154" count="0" type="stmt"/>
        <line num="179" count="0" type="stmt"/>
        <line num="184" count="0" type="stmt"/>
        <line num="221" count="0" type="stmt"/>
        <line num="222" count="0" type="cond" truecount="0" falsecount="2"/>
        <line num="239" count="0" type="stmt"/>
        <line num="241" count="0" type="stmt"/>
        <line num="266" count="0" type="stmt"/>
        <line num="281" count="0" type="stmt"/>
      </file>
      <file name="data-integration-manager.tsx" path="C:\Users\pobrebski\repos\v0-EMBO\components\data-integration-manager.tsx">
        <metrics statements="49" coveredstatements="0" conditionals="23" coveredconditionals="0" methods="15" coveredmethods="0"/>
        <line num="3" count="0" type="stmt"/>
        <line num="4" count="0" type="stmt"/>
        <line num="5" count="0" type="stmt"/>
        <line num="6" count="0" type="stmt"/>
        <line num="7" count="0" type="stmt"/>
        <line num="20" count="0" type="stmt"/>
        <line num="26" count="0" type="stmt"/>
        <line num="33" count="0" type="stmt"/>
        <line num="34" count="0" type="stmt"/>
        <line num="35" count="0" type="stmt"/>
        <line num="36" count="0" type="stmt"/>
        <line num="37" count="0" type="stmt"/>
        <line num="38" count="0" type="stmt"/>
        <line num="41" count="0" type="stmt"/>
        <line num="54" count="0" type="stmt"/>
        <line num="62" count="0" type="stmt"/>
        <line num="65" count="0" type="stmt"/>
        <line num="66" count="0" type="stmt"/>
        <line num="67" count="0" type="stmt"/>
        <line num="69" count="0" type="stmt"/>
        <line num="70" count="0" type="cond" truecount="0" falsecount="2"/>
        <line num="73" count="0" type="stmt"/>
        <line num="91" count="0" type="stmt"/>
        <line num="93" count="0" type="stmt"/>
        <line num="95" count="0" type="stmt"/>
        <line num="99" count="0" type="stmt"/>
        <line num="100" count="0" type="stmt"/>
        <line num="103" count="0" type="stmt"/>
        <line num="104" count="0" type="stmt"/>
        <line num="107" count="0" type="cond" truecount="0" falsecount="2"/>
        <line num="109" count="0" type="stmt"/>
        <line num="114" count="0" type="stmt"/>
        <line num="115" count="0" type="stmt"/>
        <line num="128" count="0" type="stmt"/>
        <line num="129" count="0" type="cond" truecount="0" falsecount="2"/>
        <line num="131" count="0" type="stmt"/>
        <line num="139" count="0" type="stmt"/>
        <line num="140" count="0" type="stmt"/>
        <line num="150" count="0" type="stmt"/>
        <line num="151" count="0" type="cond" truecount="0" falsecount="4"/>
        <line num="153" count="0" type="stmt"/>
        <line num="154" count="0" type="stmt"/>
        <line num="158" count="0" type="stmt"/>
        <line num="159" count="0" type="stmt"/>
        <line num="189" count="0" type="stmt"/>
        <line num="196" count="0" type="stmt"/>
        <line num="230" count="0" type="stmt"/>
        <line num="241" count="0" type="stmt"/>
        <line num="305" count="0" type="stmt"/>
      </file>
      <file name="deposition-workflow.tsx" path="C:\Users\pobrebski\repos\v0-EMBO\components\deposition-workflow.tsx">
        <metrics statements="50" coveredstatements="0" conditionals="24" coveredconditionals="0" methods="19" coveredmethods="0"/>
        <line num="3" count="0" type="stmt"/>
        <line num="4" count="0" type="stmt"/>
        <line num="5" count="0" type="stmt"/>
        <line num="6" count="0" type="stmt"/>
        <line num="7" count="0" type="stmt"/>
        <line num="8" count="0" type="stmt"/>
        <line num="9" count="0" type="stmt"/>
        <line num="10" count="0" type="stmt"/>
        <line num="26" count="0" type="stmt"/>
        <line num="33" count="0" type="stmt"/>
        <line num="101" count="0" type="stmt"/>
        <line num="102" count="0" type="stmt"/>
        <line num="116" count="0" type="stmt"/>
        <line num="117" count="0" type="stmt"/>
        <line num="143" count="0" type="stmt"/>
        <line num="144" count="0" type="stmt"/>
        <line num="156" count="0" type="stmt"/>
        <line num="157" count="0" type="stmt"/>
        <line num="158" count="0" type="stmt"/>
        <line num="159" count="0" type="stmt"/>
        <line num="160" count="0" type="stmt"/>
        <line num="161" count="0" type="stmt"/>
        <line num="162" count="0" type="stmt"/>
        <line num="163" count="0" type="stmt"/>
        <line num="165" count="0" type="stmt"/>
        <line num="166" count="0" type="stmt"/>
        <line num="168" count="0" type="stmt"/>
        <line num="169" count="0" type="stmt"/>
        <line num="170" count="0" type="stmt"/>
        <line num="171" count="0" type="stmt"/>
        <line num="174" count="0" type="stmt"/>
        <line num="183" count="0" type="stmt"/>
        <line num="184" count="0" type="stmt"/>
        <line num="185" count="0" type="stmt"/>
        <line num="189" count="0" type="stmt"/>
        <line num="202" count="0" type="stmt"/>
        <line num="207" count="0" type="stmt"/>
        <line num="208" count="0" type="stmt"/>
        <line num="211" count="0" type="stmt"/>
        <line num="213" count="0" type="stmt"/>
        <line num="233" count="0" type="stmt"/>
        <line num="280" count="0" type="stmt"/>
        <line num="294" count="0" type="stmt"/>
        <line num="391" count="0" type="stmt"/>
        <line num="407" count="0" type="stmt"/>
        <line num="414" count="0" type="stmt"/>
        <line num="442" count="0" type="stmt"/>
        <line num="459" count="0" type="stmt"/>
        <line num="479" count="0" type="stmt"/>
        <line num="523" count="0" type="stmt"/>
      </file>
      <file name="figures-overview.tsx" path="C:\Users\pobrebski\repos\v0-EMBO\components\figures-overview.tsx">
        <metrics statements="51" coveredstatements="0" conditionals="47" coveredconditionals="0" methods="31" coveredmethods="0"/>
        <line num="3" count="0" type="stmt"/>
        <line num="4" count="0" type="stmt"/>
        <line num="5" count="0" type="stmt"/>
        <line num="6" count="0" type="stmt"/>
        <line num="7" count="0" type="stmt"/>
        <line num="8" count="0" type="stmt"/>
        <line num="9" count="0" type="stmt"/>
        <line num="25" count="0" type="stmt"/>
        <line num="33" count="0" type="stmt"/>
        <line num="236" count="0" type="stmt"/>
        <line num="237" count="0" type="cond" truecount="0" falsecount="2"/>
        <line num="239" count="0" type="cond" truecount="0" falsecount="2"/>
        <line num="241" count="0" type="cond" truecount="0" falsecount="2"/>
        <line num="248" count="0" type="stmt"/>
        <line num="249" count="0" type="stmt"/>
        <line num="271" count="0" type="stmt"/>
        <line num="272" count="0" type="stmt"/>
        <line num="273" count="0" type="stmt"/>
        <line num="275" count="0" type="stmt"/>
        <line num="276" count="0" type="stmt"/>
        <line num="277" count="0" type="stmt"/>
        <line num="280" count="0" type="stmt"/>
        <line num="294" count="0" type="cond" truecount="0" falsecount="2"/>
        <line num="297" count="0" type="cond" truecount="0" falsecount="2"/>
        <line num="306" count="0" type="stmt"/>
        <line num="316" count="0" type="stmt"/>
        <line num="352" count="0" type="stmt"/>
        <line num="380" count="0" type="stmt"/>
        <line num="393" count="0" type="stmt"/>
        <line num="409" count="0" type="stmt"/>
        <line num="411" count="0" type="cond" truecount="0" falsecount="1"/>
        <line num="414" count="0" type="stmt"/>
        <line num="417" count="0" type="cond" truecount="0" falsecount="1"/>
        <line num="420" count="0" type="stmt"/>
        <line num="434" count="0" type="stmt"/>
        <line num="435" count="0" type="stmt"/>
        <line num="436" count="0" type="stmt"/>
        <line num="438" count="0" type="stmt"/>
        <line num="439" count="0" type="stmt"/>
        <line num="440" count="0" type="stmt"/>
        <line num="443" count="0" type="stmt"/>
        <line num="445" count="0" type="stmt"/>
        <line num="446" count="0" type="stmt"/>
        <line num="461" count="0" type="stmt"/>
        <line num="478" count="0" type="cond" truecount="0" falsecount="2"/>
        <line num="491" count="0" type="stmt"/>
        <line num="518" count="0" type="stmt"/>
        <line num="535" count="0" type="stmt"/>
        <line num="544" count="0" type="stmt"/>
        <line num="558" count="0" type="stmt"/>
        <line num="583" count="0" type="stmt"/>
      </file>
      <file name="file-management.tsx" path="C:\Users\pobrebski\repos\v0-EMBO\components\file-management.tsx">
        <metrics statements="105" coveredstatements="0" conditionals="87" coveredconditionals="0" methods="32" coveredmethods="0"/>
        <line num="5" count="0" type="stmt"/>
        <line num="6" count="0" type="stmt"/>
        <line num="7" count="0" type="stmt"/>
        <line num="8" count="0" type="stmt"/>
        <line num="9" count="0" type="stmt"/>
        <line num="10" count="0" type="stmt"/>
        <line num="11" count="0" type="stmt"/>
        <line num="12" count="0" type="stmt"/>
        <line num="13" count="0" type="stmt"/>
        <line num="32" count="0" type="stmt"/>
        <line num="39" count="0" type="stmt"/>
        <line num="153" count="0" type="stmt"/>
        <line num="154" count="0" type="stmt"/>
        <line num="170" count="0" type="stmt"/>
        <line num="171" count="0" type="cond" truecount="0" falsecount="2"/>
        <line num="178" count="0" type="cond" truecount="0" falsecount="2"/>
        <line num="185" count="0" type="cond" truecount="0" falsecount="2"/>
        <line num="192" count="0" type="cond" truecount="0" falsecount="2"/>
        <line num="199" count="0" type="cond" truecount="0" falsecount="2"/>
        <line num="215" count="0" type="stmt"/>
        <line num="216" count="0" type="cond" truecount="0" falsecount="2"/>
        <line num="217" count="0" type="stmt"/>
        <line num="218" count="0" type="stmt"/>
        <line num="219" count="0" type="stmt"/>
        <line num="220" count="0" type="stmt"/>
        <line num="223" count="0" type="stmt"/>
        <line num="224" count="0" type="stmt"/>
        <line num="225" count="0" type="stmt"/>
        <line num="226" count="0" type="stmt"/>
        <line num="227" count="0" type="stmt"/>
        <line num="228" count="0" type="stmt"/>
        <line num="229" count="0" type="stmt"/>
        <line num="230" count="0" type="stmt"/>
        <line num="231" count="0" type="stmt"/>
        <line num="232" count="0" type="stmt"/>
        <line num="233" count="0" type="stmt"/>
        <line num="235" count="0" type="stmt"/>
        <line num="237" count="0" type="cond" truecount="0" falsecount="2"/>
        <line num="238" count="0" type="stmt"/>
        <line num="239" count="0" type="cond" truecount="0" falsecount="2"/>
        <line num="244" count="0" type="stmt"/>
        <line num="249" count="0" type="cond" truecount="0" falsecount="4"/>
        <line num="252" count="0" type="cond" truecount="0" falsecount="4"/>
        <line num="255" count="0" type="cond" truecount="0" falsecount="2"/>
        <line num="256" count="0" type="cond" truecount="0" falsecount="4"/>
        <line num="257" count="0" type="cond" truecount="0" falsecount="4"/>
        <line num="258" count="0" type="cond" truecount="0" falsecount="4"/>
        <line num="259" count="0" type="cond" truecount="0" falsecount="4"/>
        <line num="262" count="0" type="stmt"/>
        <line num="266" count="0" type="stmt"/>
        <line num="267" count="0" type="stmt"/>
        <line num="268" count="0" type="stmt"/>
        <line num="270" count="0" type="cond" truecount="0" falsecount="2"/>
        <line num="271" count="0" type="stmt"/>
        <line num="272" count="0" type="stmt"/>
        <line num="273" count="0" type="cond" truecount="0" falsecount="2"/>
        <line num="274" count="0" type="stmt"/>
        <line num="275" count="0" type="stmt"/>
        <line num="278" count="0" type="cond" truecount="0" falsecount="2"/>
        <line num="279" count="0" type="stmt"/>
        <line num="280" count="0" type="stmt"/>
        <line num="283" count="0" type="cond" truecount="0" falsecount="4"/>
        <line num="284" count="0" type="cond" truecount="0" falsecount="4"/>
        <line num="285" count="0" type="stmt"/>
        <line num="288" count="0" type="stmt"/>
        <line num="289" count="0" type="cond" truecount="0" falsecount="2"/>
        <line num="290" count="0" type="cond" truecount="0" falsecount="2"/>
        <line num="292" count="0" type="stmt"/>
        <line num="293" count="0" type="stmt"/>
        <line num="297" count="0" type="stmt"/>
        <line num="302" count="0" type="stmt"/>
        <line num="303" count="0" type="stmt"/>
        <line num="304" count="0" type="cond" truecount="0" falsecount="2"/>
        <line num="306" count="0" type="stmt"/>
        <line num="308" count="0" type="stmt"/>
        <line num="309" count="0" type="stmt"/>
        <line num="310" count="0" type="stmt"/>
        <line num="311" count="0" type="cond" truecount="0" falsecount="2"/>
        <line num="312" count="0" type="cond" truecount="0" falsecount="2"/>
        <line num="313" count="0" type="stmt"/>
        <line num="315" count="0" type="stmt"/>
        <line num="332" count="0" type="stmt"/>
        <line num="333" count="0" type="stmt"/>
        <line num="334" count="0" type="stmt"/>
        <line num="336" count="0" type="stmt"/>
        <line num="342" count="0" type="stmt"/>
        <line num="343" count="0" type="stmt"/>
        <line num="344" count="0" type="stmt"/>
        <line num="345" count="0" type="cond" truecount="0" falsecount="2"/>
        <line num="356" count="0" type="stmt"/>
        <line num="357" count="0" type="stmt"/>
        <line num="360" count="0" type="stmt"/>
        <line num="361" count="0" type="stmt"/>
        <line num="362" count="0" type="stmt"/>
        <line num="363" count="0" type="stmt"/>
        <line num="384" count="0" type="stmt"/>
        <line num="415" count="0" type="stmt"/>
        <line num="477" count="0" type="stmt"/>
        <line num="487" count="0" type="stmt"/>
        <line num="497" count="0" type="stmt"/>
        <line num="507" count="0" type="stmt"/>
        <line num="518" count="0" type="stmt"/>
        <line num="559" count="0" type="stmt"/>
        <line num="594" count="0" type="stmt"/>
        <line num="612" count="0" type="stmt"/>
      </file>
      <file name="linked-information-editor.tsx" path="C:\Users\pobrebski\repos\v0-EMBO\components\linked-information-editor.tsx">
        <metrics statements="60" coveredstatements="0" conditionals="71" coveredconditionals="0" methods="22" coveredmethods="0"/>
        <line num="3" count="0" type="stmt"/>
        <line num="4" count="0" type="stmt"/>
        <line num="5" count="0" type="stmt"/>
        <line num="6" count="0" type="stmt"/>
        <line num="7" count="0" type="stmt"/>
        <line num="8" count="0" type="stmt"/>
        <line num="9" count="0" type="stmt"/>
        <line num="10" count="0" type="stmt"/>
        <line num="11" count="0" type="stmt"/>
        <line num="33" count="0" type="stmt"/>
        <line num="45" count="0" type="stmt"/>
        <line num="46" count="0" type="stmt"/>
        <line num="70" count="0" type="stmt"/>
        <line num="79" count="0" type="stmt"/>
        <line num="80" count="0" type="cond" truecount="0" falsecount="2"/>
        <line num="82" count="0" type="cond" truecount="0" falsecount="4"/>
        <line num="84" count="0" type="stmt"/>
        <line num="85" count="0" type="cond" truecount="0" falsecount="2"/>
        <line num="89" count="0" type="stmt"/>
        <line num="90" count="0" type="cond" truecount="0" falsecount="2"/>
        <line num="94" count="0" type="stmt"/>
        <line num="95" count="0" type="cond" truecount="0" falsecount="2"/>
        <line num="99" count="0" type="stmt"/>
        <line num="103" count="0" type="stmt"/>
        <line num="104" count="0" type="stmt"/>
        <line num="105" count="0" type="cond" truecount="0" falsecount="2"/>
        <line num="108" count="0" type="stmt"/>
        <line num="109" count="0" type="cond" truecount="0" falsecount="5"/>
        <line num="110" count="0" type="stmt"/>
        <line num="111" count="0" type="stmt"/>
        <line num="113" count="0" type="stmt"/>
        <line num="126" count="0" type="stmt"/>
        <line num="127" count="0" type="cond" truecount="0" falsecount="4"/>
        <line num="128" count="0" type="stmt"/>
        <line num="138" count="0" type="stmt"/>
        <line num="141" count="0" type="stmt"/>
        <line num="151" count="0" type="stmt"/>
        <line num="152" count="0" type="stmt"/>
        <line num="155" count="0" type="stmt"/>
        <line num="156" count="0" type="stmt"/>
        <line num="157" count="0" type="cond" truecount="0" falsecount="2"/>
        <line num="159" count="0" type="cond" truecount="0" falsecount="2"/>
        <line num="160" count="0" type="cond" truecount="0" falsecount="4"/>
        <line num="162" count="0" type="stmt"/>
        <line num="163" count="0" type="stmt"/>
        <line num="164" count="0" type="stmt"/>
        <line num="165" count="0" type="stmt"/>
        <line num="168" count="0" type="cond" truecount="0" falsecount="3"/>
        <line num="180" count="0" type="stmt"/>
        <line num="185" count="0" type="stmt"/>
        <line num="194" count="0" type="stmt"/>
        <line num="221" count="0" type="stmt"/>
        <line num="235" count="0" type="stmt"/>
        <line num="256" count="0" type="stmt"/>
        <line num="270" count="0" type="stmt"/>
        <line num="279" count="0" type="stmt"/>
        <line num="289" count="0" type="stmt"/>
        <line num="296" count="0" type="stmt"/>
        <line num="309" count="0" type="stmt"/>
        <line num="326" count="0" type="stmt"/>
      </file>
      <file name="manuscript-dashboard.tsx" path="C:\Users\pobrebski\repos\v0-EMBO\components\manuscript-dashboard.tsx">
        <metrics statements="642" coveredstatements="0" conditionals="509" coveredconditionals="0" methods="168" coveredmethods="0"/>
        <line num="5" count="0" type="stmt"/>
        <line num="6" count="0" type="stmt"/>
        <line num="7" count="0" type="stmt"/>
        <line num="8" count="0" type="stmt"/>
        <line num="9" count="0" type="stmt"/>
        <line num="10" count="0" type="stmt"/>
        <line num="11" count="0" type="stmt"/>
        <line num="12" count="0" type="stmt"/>
        <line num="13" count="0" type="stmt"/>
        <line num="14" count="0" type="stmt"/>
        <line num="15" count="0" type="stmt"/>
        <line num="16" count="0" type="stmt"/>
        <line num="17" count="0" type="stmt"/>
        <line num="19" count="0" type="stmt"/>
        <line num="20" count="0" type="stmt"/>
        <line num="21" count="0" type="stmt"/>
        <line num="22" count="0" type="stmt"/>
        <line num="23" count="0" type="stmt"/>
        <line num="24" count="0" type="stmt"/>
        <line num="27" count="0" type="stmt"/>
        <line num="434" count="0" type="stmt"/>
        <line num="436" count="0" type="cond" truecount="0" falsecount="2"/>
        <line num="437" count="0" type="stmt"/>
        <line num="443" count="0" type="stmt"/>
        <line num="445" count="0" type="cond" truecount="0" falsecount="4"/>
        <line num="449" count="0" type="stmt"/>
        <line num="452" count="0" type="cond" truecount="0" falsecount="5"/>
        <line num="454" count="0" type="stmt"/>
        <line num="455" count="0" type="cond" truecount="0" falsecount="2"/>
        <line num="457" count="0" type="stmt"/>
        <line num="458" count="0" type="stmt"/>
        <line num="459" count="0" type="stmt"/>
        <line num="460" count="0" type="stmt"/>
        <line num="462" count="0" type="stmt"/>
        <line num="463" count="0" type="stmt"/>
        <line num="464" count="0" type="stmt"/>
        <line num="465" count="0" type="stmt"/>
        <line num="467" count="0" type="stmt"/>
        <line num="477" count="0" type="stmt"/>
        <line num="478" count="0" type="stmt"/>
        <line num="479" count="0" type="stmt"/>
        <line num="480" count="0" type="stmt"/>
        <line num="481" count="0" type="stmt"/>
        <line num="483" count="0" type="stmt"/>
        <line num="492" count="0" type="stmt"/>
        <line num="493" count="0" type="stmt"/>
        <line num="494" count="0" type="stmt"/>
        <line num="495" count="0" type="stmt"/>
        <line num="496" count="0" type="stmt"/>
        <line num="497" count="0" type="stmt"/>
        <line num="498" count="0" type="stmt"/>
        <line num="499" count="0" type="stmt"/>
        <line num="500" count="0" type="stmt"/>
        <line num="501" count="0" type="stmt"/>
        <line num="502" count="0" type="stmt"/>
        <line num="503" count="0" type="stmt"/>
        <line num="504" count="0" type="stmt"/>
        <line num="505" count="0" type="stmt"/>
        <line num="506" count="0" type="stmt"/>
        <line num="507" count="0" type="stmt"/>
        <line num="508" count="0" type="stmt"/>
        <line num="509" count="0" type="stmt"/>
        <line num="510" count="0" type="stmt"/>
        <line num="511" count="0" type="stmt"/>
        <line num="512" count="0" type="stmt"/>
        <line num="513" count="0" type="stmt"/>
        <line num="514" count="0" type="stmt"/>
        <line num="515" count="0" type="stmt"/>
        <line num="516" count="0" type="stmt"/>
        <line num="518" count="0" type="stmt"/>
        <line num="532" count="0" type="stmt"/>
        <line num="533" count="0" type="stmt"/>
        <line num="539" count="0" type="stmt"/>
        <line num="540" count="0" type="stmt"/>
        <line num="543" count="0" type="stmt"/>
        <line num="544" count="0" type="stmt"/>
        <line num="547" count="0" type="cond" truecount="0" falsecount="4"/>
        <line num="548" count="0" type="stmt"/>
        <line num="551" count="0" type="stmt"/>
        <line num="554" count="0" type="stmt"/>
        <line num="555" count="0" type="cond" truecount="0" falsecount="2"/>
        <line num="557" count="0" type="stmt"/>
        <line num="558" count="0" type="stmt"/>
        <line num="559" count="0" type="cond" truecount="0" falsecount="2"/>
        <line num="560" count="0" type="cond" truecount="0" falsecount="2"/>
        <line num="561" count="0" type="stmt"/>
        <line num="562" count="0" type="stmt"/>
        <line num="569" count="0" type="stmt"/>
        <line num="575" count="0" type="stmt"/>
        <line num="576" count="0" type="cond" truecount="0" falsecount="2"/>
        <line num="579" count="0" type="stmt"/>
        <line num="580" count="0" type="cond" truecount="0" falsecount="2"/>
        <line num="581" count="0" type="stmt"/>
        <line num="585" count="0" type="stmt"/>
        <line num="586" count="0" type="stmt"/>
        <line num="587" count="0" type="cond" truecount="0" falsecount="2"/>
        <line num="588" count="0" type="cond" truecount="0" falsecount="2"/>
        <line num="589" count="0" type="stmt"/>
        <line num="590" count="0" type="stmt"/>
        <line num="596" count="0" type="stmt"/>
        <line num="601" count="0" type="stmt"/>
        <line num="602" count="0" type="cond" truecount="0" falsecount="2"/>
        <line num="603" count="0" type="stmt"/>
        <line num="604" count="0" type="cond" truecount="0" falsecount="2"/>
        <line num="605" count="0" type="stmt"/>
        <line num="610" count="0" type="stmt"/>
        <line num="611" count="0" type="cond" truecount="0" falsecount="2"/>
        <line num="613" count="0" type="stmt"/>
        <line num="614" count="0" type="stmt"/>
        <line num="615" count="0" type="cond" truecount="0" falsecount="2"/>
        <line num="616" count="0" type="stmt"/>
        <line num="617" count="0" type="stmt"/>
        <line num="623" count="0" type="stmt"/>
        <line num="628" count="0" type="stmt"/>
        <line num="631" count="0" type="stmt"/>
        <line num="632" count="0" type="stmt"/>
        <line num="636" count="0" type="stmt"/>
        <line num="637" count="0" type="stmt"/>
        <line num="638" count="0" type="cond" truecount="0" falsecount="2"/>
        <line num="639" count="0" type="stmt"/>
        <line num="640" count="0" type="stmt"/>
        <line num="646" count="0" type="stmt"/>
        <line num="651" count="0" type="stmt"/>
        <line num="652" count="0" type="stmt"/>
        <line num="653" count="0" type="stmt"/>
        <line num="658" count="0" type="stmt"/>
        <line num="662" count="0" type="stmt"/>
        <line num="663" count="0" type="cond" truecount="0" falsecount="2"/>
        <line num="664" count="0" type="stmt"/>
        <line num="665" count="0" type="stmt"/>
        <line num="668" count="0" type="cond" truecount="0" falsecount="3"/>
        <line num="670" count="0" type="cond" truecount="0" falsecount="2"/>
        <line num="672" count="0" type="stmt"/>
        <line num="673" count="0" type="stmt"/>
        <line num="674" count="0" type="cond" truecount="0" falsecount="2"/>
        <line num="675" count="0" type="stmt"/>
        <line num="681" count="0" type="stmt"/>
        <line num="689" count="0" type="stmt"/>
        <line num="690" count="0" type="stmt"/>
        <line num="694" count="0" type="stmt"/>
        <line num="695" count="0" type="stmt"/>
        <line num="696" count="0" type="cond" truecount="0" falsecount="2"/>
        <line num="697" count="0" type="stmt"/>
        <line num="703" count="0" type="stmt"/>
        <line num="708" count="0" type="stmt"/>
        <line num="709" count="0" type="stmt"/>
        <line num="714" count="0" type="stmt"/>
        <line num="715" count="0" type="stmt"/>
        <line num="719" count="0" type="stmt"/>
        <line num="720" count="0" type="cond" truecount="0" falsecount="2"/>
        <line num="721" count="0" type="stmt"/>
        <line num="722" count="0" type="stmt"/>
        <line num="725" count="0" type="cond" truecount="0" falsecount="2"/>
        <line num="727" count="0" type="stmt"/>
        <line num="728" count="0" type="stmt"/>
        <line num="729" count="0" type="cond" truecount="0" falsecount="2"/>
        <line num="730" count="0" type="stmt"/>
        <line num="736" count="0" type="stmt"/>
        <line num="744" count="0" type="stmt"/>
        <line num="745" count="0" type="stmt"/>
        <line num="749" count="0" type="stmt"/>
        <line num="750" count="0" type="stmt"/>
        <line num="751" count="0" type="cond" truecount="0" falsecount="2"/>
        <line num="752" count="0" type="stmt"/>
        <line num="758" count="0" type="stmt"/>
        <line num="763" count="0" type="stmt"/>
        <line num="764" count="0" type="stmt"/>
        <line num="769" count="0" type="stmt"/>
        <line num="770" count="0" type="stmt"/>
        <line num="774" count="0" type="stmt"/>
        <line num="775" count="0" type="cond" truecount="0" falsecount="5"/>
        <line num="776" count="0" type="cond" truecount="0" falsecount="3"/>
        <line num="777" count="0" type="stmt"/>
        <line num="780" count="0" type="cond" truecount="0" falsecount="1"/>
        <line num="783" count="0" type="cond" truecount="0" falsecount="2"/>
        <line num="784" count="0" type="cond" truecount="0" falsecount="2"/>
        <line num="788" count="0" type="stmt"/>
        <line num="789" count="0" type="stmt"/>
        <line num="792" count="0" type="stmt"/>
        <line num="793" count="0" type="stmt"/>
        <line num="796" count="0" type="stmt"/>
        <line num="797" count="0" type="stmt"/>
        <line num="799" count="0" type="stmt"/>
        <line num="801" count="0" type="stmt"/>
        <line num="804" count="0" type="stmt"/>
        <line num="805" count="0" type="stmt"/>
        <line num="806" count="0" type="stmt"/>
        <line num="808" count="0" type="cond" truecount="0" falsecount="2"/>
        <line num="809" count="0" type="stmt"/>
        <line num="820" count="0" type="cond" truecount="0" falsecount="2"/>
        <line num="821" count="0" type="stmt"/>
        <line num="832" count="0" type="cond" truecount="0" falsecount="2"/>
        <line num="833" count="0" type="stmt"/>
        <line num="842" count="0" type="stmt"/>
        <line num="843" count="0" type="stmt"/>
        <line num="845" count="0" type="cond" truecount="0" falsecount="2"/>
        <line num="846" count="0" type="stmt"/>
        <line num="855" count="0" type="stmt"/>
        <line num="858" count="0" type="stmt"/>
        <line num="862" count="0" type="stmt"/>
        <line num="863" count="0" type="stmt"/>
        <line num="864" count="0" type="stmt"/>
        <line num="865" count="0" type="stmt"/>
        <line num="868" count="0" type="stmt"/>
        <line num="870" count="0" type="stmt"/>
        <line num="874" count="0" type="stmt"/>
        <line num="883" count="0" type="cond" truecount="0" falsecount="2"/>
        <line num="884" count="0" type="stmt"/>
        <line num="888" count="0" type="stmt"/>
        <line num="889" count="0" type="cond" truecount="0" falsecount="2"/>
        <line num="894" count="0" type="stmt"/>
        <line num="895" count="0" type="stmt"/>
        <line num="898" count="0" type="stmt"/>
        <line num="899" count="0" type="stmt"/>
        <line num="900" count="0" type="stmt"/>
        <line num="901" count="0" type="stmt"/>
        <line num="902" count="0" type="stmt"/>
        <line num="905" count="0" type="stmt"/>
        <line num="906" count="0" type="stmt"/>
        <line num="910" count="0" type="stmt"/>
        <line num="913" count="0" type="cond" truecount="0" falsecount="4"/>
        <line num="914" count="0" type="stmt"/>
        <line num="915" count="0" type="stmt"/>
        <line num="920" count="0" type="stmt"/>
        <line num="926" count="0" type="cond" truecount="0" falsecount="2"/>
        <line num="927" count="0" type="stmt"/>
        <line num="928" count="0" type="stmt"/>
        <line num="933" count="0" type="stmt"/>
        <line num="936" count="0" type="stmt"/>
        <line num="937" count="0" type="stmt"/>
        <line num="938" count="0" type="cond" truecount="0" falsecount="2"/>
        <line num="939" count="0" type="stmt"/>
        <line num="940" count="0" type="stmt"/>
        <line num="943" count="0" type="stmt"/>
        <line num="944" count="0" type="stmt"/>
        <line num="945" count="0" type="stmt"/>
        <line num="946" count="0" type="stmt"/>
        <line num="948" count="0" type="stmt"/>
        <line num="949" count="0" type="stmt"/>
        <line num="950" count="0" type="stmt"/>
        <line num="951" count="0" type="stmt"/>
        <line num="952" count="0" type="stmt"/>
        <line num="959" count="0" type="stmt"/>
        <line num="960" count="0" type="cond" truecount="0" falsecount="2"/>
        <line num="963" count="0" type="stmt"/>
        <line num="964" count="0" type="cond" truecount="0" falsecount="2"/>
        <line num="966" count="0" type="stmt"/>
        <line num="967" count="0" type="stmt"/>
        <line num="972" count="0" type="stmt"/>
        <line num="975" count="0" type="stmt"/>
        <line num="977" count="0" type="cond" truecount="0" falsecount="2"/>
        <line num="978" count="0" type="cond" truecount="0" falsecount="2"/>
        <line num="981" count="0" type="cond" truecount="0" falsecount="2"/>
        <line num="982" count="0" type="cond" truecount="0" falsecount="4"/>
        <line num="984" count="0" type="cond" truecount="0" falsecount="4"/>
        <line num="985" count="0" type="stmt"/>
        <line num="987" count="0" type="stmt"/>
        <line num="991" count="0" type="cond" truecount="0" falsecount="4"/>
        <line num="992" count="0" type="stmt"/>
        <line num="996" count="0" type="cond" truecount="0" falsecount="2"/>
        <line num="997" count="0" type="cond" truecount="0" falsecount="4"/>
        <line num="998" count="0" type="cond" truecount="0" falsecount="4"/>
        <line num="1002" count="0" type="cond" truecount="0" falsecount="2"/>
        <line num="1003" count="0" type="cond" truecount="0" falsecount="2"/>
        <line num="1004" count="0" type="cond" truecount="0" falsecount="2"/>
        <line num="1008" count="0" type="cond" truecount="0" falsecount="2"/>
        <line num="1009" count="0" type="stmt"/>
        <line num="1010" count="0" type="stmt"/>
        <line num="1020" count="0" type="stmt"/>
        <line num="1021" count="0" type="stmt"/>
        <line num="1025" count="0" type="stmt"/>
        <line num="1028" count="0" type="stmt"/>
        <line num="1029" count="0" type="stmt"/>
        <line num="1030" count="0" type="stmt"/>
        <line num="1032" count="0" type="cond" truecount="0" falsecount="4"/>
        <line num="1033" count="0" type="stmt"/>
        <line num="1034" count="0" type="stmt"/>
        <line num="1037" count="0" type="cond" truecount="0" falsecount="2"/>
        <line num="1038" count="0" type="stmt"/>
        <line num="1039" count="0" type="stmt"/>
        <line num="1042" count="0" type="cond" truecount="0" falsecount="4"/>
        <line num="1043" count="0" type="cond" truecount="0" falsecount="4"/>
        <line num="1044" count="0" type="stmt"/>
        <line num="1047" count="0" type="stmt"/>
        <line num="1048" count="0" type="cond" truecount="0" falsecount="4"/>
        <line num="1049" count="0" type="cond" truecount="0" falsecount="4"/>
        <line num="1051" count="0" type="cond" truecount="0" falsecount="4"/>
        <line num="1052" count="0" type="cond" truecount="0" falsecount="4"/>
        <line num="1054" count="0" type="cond" truecount="0" falsecount="4"/>
        <line num="1055" count="0" type="cond" truecount="0" falsecount="4"/>
        <line num="1057" count="0" type="stmt"/>
        <line num="1061" count="0" type="cond" truecount="0" falsecount="4"/>
        <line num="1062" count="0" type="stmt"/>
        <line num="1070" count="0" type="stmt"/>
        <line num="1073" count="0" type="stmt"/>
        <line num="1074" count="0" type="cond" truecount="0" falsecount="2"/>
        <line num="1075" count="0" type="cond" truecount="0" falsecount="2"/>
        <line num="1077" count="0" type="stmt"/>
        <line num="1078" count="0" type="stmt"/>
        <line num="1082" count="0" type="stmt"/>
        <line num="1083" count="0" type="cond" truecount="0" falsecount="2"/>
        <line num="1084" count="0" type="cond" truecount="0" falsecount="2"/>
        <line num="1085" count="0" type="cond" truecount="0" falsecount="2"/>
        <line num="1086" count="0" type="cond" truecount="0" falsecount="2"/>
        <line num="1087" count="0" type="stmt"/>
        <line num="1088" count="0" type="cond" truecount="0" falsecount="2"/>
        <line num="1090" count="0" type="cond" truecount="0" falsecount="2"/>
        <line num="1091" count="0" type="stmt"/>
        <line num="1092" count="0" type="stmt"/>
        <line num="1095" count="0" type="cond" truecount="0" falsecount="4"/>
        <line num="1096" count="0" type="stmt"/>
        <line num="1097" count="0" type="stmt"/>
        <line num="1101" count="0" type="cond" truecount="0" falsecount="2"/>
        <line num="1102" count="0" type="stmt"/>
        <line num="1103" count="0" type="stmt"/>
        <line num="1104" count="0" type="stmt"/>
        <line num="1105" count="0" type="cond" truecount="0" falsecount="4"/>
        <line num="1106" count="0" type="stmt"/>
        <line num="1107" count="0" type="stmt"/>
        <line num="1108" count="0" type="cond" truecount="0" falsecount="2"/>
        <line num="1109" count="0" type="stmt"/>
        <line num="1110" count="0" type="cond" truecount="0" falsecount="2"/>
        <line num="1111" count="0" type="stmt"/>
        <line num="1113" count="0" type="stmt"/>
        <line num="1115" count="0" type="cond" truecount="0" falsecount="4"/>
        <line num="1116" count="0" type="stmt"/>
        <line num="1117" count="0" type="stmt"/>
        <line num="1118" count="0" type="stmt"/>
        <line num="1119" count="0" type="cond" truecount="0" falsecount="2"/>
        <line num="1120" count="0" type="stmt"/>
        <line num="1121" count="0" type="stmt"/>
        <line num="1122" count="0" type="stmt"/>
        <line num="1125" count="0" type="cond" truecount="0" falsecount="2"/>
        <line num="1126" count="0" type="stmt"/>
        <line num="1127" count="0" type="stmt"/>
        <line num="1128" count="0" type="stmt"/>
        <line num="1129" count="0" type="cond" truecount="0" falsecount="2"/>
        <line num="1130" count="0" type="stmt"/>
        <line num="1131" count="0" type="stmt"/>
        <line num="1132" count="0" type="stmt"/>
        <line num="1133" count="0" type="cond" truecount="0" falsecount="2"/>
        <line num="1134" count="0" type="stmt"/>
        <line num="1135" count="0" type="stmt"/>
        <line num="1136" count="0" type="stmt"/>
        <line num="1137" count="0" type="cond" truecount="0" falsecount="2"/>
        <line num="1138" count="0" type="stmt"/>
        <line num="1139" count="0" type="stmt"/>
        <line num="1140" count="0" type="stmt"/>
        <line num="1143" count="0" type="cond" truecount="0" falsecount="2"/>
        <line num="1144" count="0" type="stmt"/>
        <line num="1145" count="0" type="stmt"/>
        <line num="1146" count="0" type="stmt"/>
        <line num="1150" count="0" type="stmt"/>
        <line num="1151" count="0" type="stmt"/>
        <line num="1152" count="0" type="stmt"/>
        <line num="1169" count="0" type="stmt"/>
        <line num="1170" count="0" type="cond" truecount="0" falsecount="2"/>
        <line num="1185" count="0" type="stmt"/>
        <line num="1194" count="0" type="cond" truecount="0" falsecount="4"/>
        <line num="1201" count="0" type="stmt"/>
        <line num="1205" count="0" type="stmt"/>
        <line num="1210" count="0" type="stmt"/>
        <line num="1213" count="0" type="stmt"/>
        <line num="1214" count="0" type="stmt"/>
        <line num="1216" count="0" type="cond" truecount="0" falsecount="2"/>
        <line num="1217" count="0" type="stmt"/>
        <line num="1218" count="0" type="stmt"/>
        <line num="1219" count="0" type="stmt"/>
        <line num="1222" count="0" type="stmt"/>
        <line num="1224" count="0" type="stmt"/>
        <line num="1225" count="0" type="stmt"/>
        <line num="1227" count="0" type="stmt"/>
        <line num="1228" count="0" type="stmt"/>
        <line num="1230" count="0" type="stmt"/>
        <line num="1238" count="0" type="cond" truecount="0" falsecount="2"/>
        <line num="1239" count="0" type="stmt"/>
        <line num="1242" count="0" type="stmt"/>
        <line num="1245" count="0" type="stmt"/>
        <line num="1246" count="0" type="stmt"/>
        <line num="1247" count="0" type="stmt"/>
        <line num="1274" count="0" type="stmt"/>
        <line num="1276" count="0" type="stmt"/>
        <line num="1278" count="0" type="stmt"/>
        <line num="1280" count="0" type="stmt"/>
        <line num="1281" count="0" type="stmt"/>
        <line num="1287" count="0" type="stmt"/>
        <line num="1288" count="0" type="cond" truecount="0" falsecount="2"/>
        <line num="1289" count="0" type="stmt"/>
        <line num="1291" count="0" type="stmt"/>
        <line num="1295" count="0" type="stmt"/>
        <line num="1299" count="0" type="stmt"/>
        <line num="1300" count="0" type="stmt"/>
        <line num="1304" count="0" type="stmt"/>
        <line num="1306" count="0" type="cond" truecount="0" falsecount="4"/>
        <line num="1307" count="0" type="stmt"/>
        <line num="1310" count="0" type="stmt"/>
        <line num="1314" count="0" type="stmt"/>
        <line num="1315" count="0" type="cond" truecount="0" falsecount="2"/>
        <line num="1316" count="0" type="stmt"/>
        <line num="1317" count="0" type="stmt"/>
        <line num="1320" count="0" type="cond" truecount="0" falsecount="2"/>
        <line num="1321" count="0" type="stmt"/>
        <line num="1322" count="0" type="stmt"/>
        <line num="1325" count="0" type="stmt"/>
        <line num="1328" count="0" type="stmt"/>
        <line num="1329" count="0" type="cond" truecount="0" falsecount="2"/>
        <line num="1330" count="0" type="stmt"/>
        <line num="1336" count="0" type="stmt"/>
        <line num="1337" count="0" type="cond" truecount="0" falsecount="2"/>
        <line num="1338" count="0" type="stmt"/>
        <line num="1339" count="0" type="cond" truecount="0" falsecount="2"/>
        <line num="1340" count="0" type="cond" truecount="0" falsecount="2"/>
        <line num="1341" count="0" type="cond" truecount="0" falsecount="2"/>
        <line num="1342" count="0" type="cond" truecount="0" falsecount="4"/>
        <line num="1343" count="0" type="stmt"/>
        <line num="1344" count="0" type="cond" truecount="0" falsecount="2"/>
        <line num="1345" count="0" type="cond" truecount="0" falsecount="2"/>
        <line num="1346" count="0" type="stmt"/>
        <line num="1347" count="0" type="cond" truecount="0" falsecount="2"/>
        <line num="1348" count="0" type="cond" truecount="0" falsecount="2"/>
        <line num="1349" count="0" type="cond" truecount="0" falsecount="2"/>
        <line num="1350" count="0" type="stmt"/>
        <line num="1351" count="0" type="cond" truecount="0" falsecount="2"/>
        <line num="1355" count="0" type="stmt"/>
        <line num="1358" count="0" type="stmt"/>
        <line num="1359" count="0" type="cond" truecount="0" falsecount="2"/>
        <line num="1360" count="0" type="stmt"/>
        <line num="1361" count="0" type="stmt"/>
        <line num="1362" count="0" type="stmt"/>
        <line num="1363" count="0" type="stmt"/>
        <line num="1364" count="0" type="stmt"/>
        <line num="1365" count="0" type="stmt"/>
        <line num="1367" count="0" type="stmt"/>
        <line num="1377" count="0" type="stmt"/>
        <line num="1378" count="0" type="cond" truecount="0" falsecount="2"/>
        <line num="1379" count="0" type="stmt"/>
        <line num="1389" count="0" type="stmt"/>
        <line num="1391" count="0" type="cond" truecount="0" falsecount="2"/>
        <line num="1392" count="0" type="stmt"/>
        <line num="1396" count="0" type="cond" truecount="0" falsecount="2"/>
        <line num="1397" count="0" type="cond" truecount="0" falsecount="4"/>
        <line num="1398" count="0" type="cond" truecount="0" falsecount="2"/>
        <line num="1402" count="0" type="stmt"/>
        <line num="1405" count="0" type="stmt"/>
        <line num="1406" count="0" type="cond" truecount="0" falsecount="2"/>
        <line num="1407" count="0" type="stmt"/>
        <line num="1413" count="0" type="stmt"/>
        <line num="1415" count="0" type="cond" truecount="0" falsecount="2"/>
        <line num="1416" count="0" type="stmt"/>
        <line num="1419" count="0" type="cond" truecount="0" falsecount="2"/>
        <line num="1420" count="0" type="cond" truecount="0" falsecount="2"/>
        <line num="1421" count="0" type="stmt"/>
        <line num="1423" count="0" type="stmt"/>
        <line num="1427" count="0" type="stmt"/>
        <line num="1430" count="0" type="stmt"/>
        <line num="1431" count="0" type="cond" truecount="0" falsecount="2"/>
        <line num="1432" count="0" type="stmt"/>
        <line num="1435" count="0" type="stmt"/>
        <line num="1437" count="0" type="cond" truecount="0" falsecount="2"/>
        <line num="1438" count="0" type="stmt"/>
        <line num="1441" count="0" type="cond" truecount="0" falsecount="2"/>
        <line num="1442" count="0" type="cond" truecount="0" falsecount="2"/>
        <line num="1445" count="0" type="stmt"/>
        <line num="1448" count="0" type="stmt"/>
        <line num="1449" count="0" type="stmt"/>
        <line num="1450" count="0" type="stmt"/>
        <line num="1452" count="0" type="stmt"/>
        <line num="1453" count="0" type="cond" truecount="0" falsecount="2"/>
        <line num="1455" count="0" type="stmt"/>
        <line num="1456" count="0" type="stmt"/>
        <line num="1458" count="0" type="stmt"/>
        <line num="1459" count="0" type="cond" truecount="0" falsecount="2"/>
        <line num="1469" count="0" type="stmt"/>
        <line num="1470" count="0" type="stmt"/>
        <line num="1471" count="0" type="stmt"/>
        <line num="1474" count="0" type="stmt"/>
        <line num="1475" count="0" type="stmt"/>
        <line num="1476" count="0" type="stmt"/>
        <line num="1477" count="0" type="cond" truecount="0" falsecount="2"/>
        <line num="1482" count="0" type="stmt"/>
        <line num="1483" count="0" type="stmt"/>
        <line num="1486" count="0" type="stmt"/>
        <line num="1487" count="0" type="stmt"/>
        <line num="1488" count="0" type="stmt"/>
        <line num="1491" count="0" type="stmt"/>
        <line num="1492" count="0" type="cond" truecount="0" falsecount="2"/>
        <line num="1494" count="0" type="stmt"/>
        <line num="1495" count="0" type="cond" truecount="0" falsecount="2"/>
        <line num="1497" count="0" type="stmt"/>
        <line num="1500" count="0" type="stmt"/>
        <line num="1503" count="0" type="stmt"/>
        <line num="1504" count="0" type="cond" truecount="0" falsecount="7"/>
        <line num="1508" count="0" type="stmt"/>
        <line num="1511" count="0" type="stmt"/>
        <line num="1513" count="0" type="stmt"/>
        <line num="1515" count="0" type="stmt"/>
        <line num="1519" count="0" type="stmt"/>
        <line num="1520" count="0" type="stmt"/>
        <line num="1521" count="0" type="cond" truecount="0" falsecount="2"/>
        <line num="1522" count="0" type="stmt"/>
        <line num="1523" count="0" type="cond" truecount="0" falsecount="2"/>
        <line num="1524" count="0" type="stmt"/>
        <line num="1529" count="0" type="stmt"/>
        <line num="1530" count="0" type="stmt"/>
        <line num="1531" count="0" type="stmt"/>
        <line num="1534" count="0" type="stmt"/>
        <line num="1535" count="0" type="cond" truecount="0" falsecount="2"/>
        <line num="1536" count="0" type="cond" truecount="0" falsecount="2"/>
        <line num="1537" count="0" type="stmt"/>
        <line num="1538" count="0" type="cond" truecount="0" falsecount="2"/>
        <line num="1539" count="0" type="stmt"/>
        <line num="1542" count="0" type="stmt"/>
        <line num="1583" count="0" type="cond" truecount="0" falsecount="6"/>
        <line num="1584" count="0" type="stmt"/>
        <line num="1593" count="0" type="stmt"/>
        <line num="1690" count="0" type="stmt"/>
        <line num="1737" count="0" type="stmt"/>
        <line num="1752" count="0" type="stmt"/>
        <line num="1753" count="0" type="stmt"/>
        <line num="1754" count="0" type="cond" truecount="0" falsecount="2"/>
        <line num="1756" count="0" type="cond" truecount="0" falsecount="4"/>
        <line num="1758" count="0" type="stmt"/>
        <line num="1835" count="0" type="stmt"/>
        <line num="1836" count="0" type="cond" truecount="0" falsecount="4"/>
        <line num="1837" count="0" type="stmt"/>
        <line num="1838" count="0" type="stmt"/>
        <line num="1842" count="0" type="stmt"/>
        <line num="1843" count="0" type="cond" truecount="0" falsecount="2"/>
        <line num="1844" count="0" type="stmt"/>
        <line num="1845" count="0" type="stmt"/>
        <line num="1849" count="0" type="stmt"/>
        <line num="1851" count="0" type="stmt"/>
        <line num="1852" count="0" type="stmt"/>
        <line num="1853" count="0" type="stmt"/>
        <line num="1854" count="0" type="stmt"/>
        <line num="1855" count="0" type="stmt"/>
        <line num="1984" count="0" type="cond" truecount="0" falsecount="1"/>
        <line num="1988" count="0" type="stmt"/>
        <line num="1996" count="0" type="cond" truecount="0" falsecount="1"/>
        <line num="2000" count="0" type="stmt"/>
        <line num="2009" count="0" type="cond" truecount="0" falsecount="1"/>
        <line num="2013" count="0" type="stmt"/>
        <line num="2046" count="0" type="stmt"/>
        <line num="2050" count="0" type="stmt"/>
        <line num="2073" count="0" type="stmt"/>
        <line num="2092" count="0" type="stmt"/>
        <line num="2103" count="0" type="stmt"/>
        <line num="2114" count="0" type="stmt"/>
        <line num="2125" count="0" type="stmt"/>
        <line num="2140" count="0" type="stmt"/>
        <line num="2149" count="0" type="stmt"/>
        <line num="2150" count="0" type="stmt"/>
        <line num="2152" count="0" type="cond" truecount="0" falsecount="2"/>
        <line num="2153" count="0" type="stmt"/>
        <line num="2154" count="0" type="stmt"/>
        <line num="2157" count="0" type="stmt"/>
        <line num="2158" count="0" type="stmt"/>
        <line num="2159" count="0" type="stmt"/>
        <line num="2160" count="0" type="stmt"/>
        <line num="2163" count="0" type="stmt"/>
        <line num="2164" count="0" type="stmt"/>
        <line num="2167" count="0" type="cond" truecount="0" falsecount="2"/>
        <line num="2168" count="0" type="stmt"/>
        <line num="2172" count="0" type="cond" truecount="0" falsecount="2"/>
        <line num="2173" count="0" type="stmt"/>
        <line num="2177" count="0" type="stmt"/>
        <line num="2180" count="0" type="cond" truecount="0" falsecount="2"/>
        <line num="2181" count="0" type="stmt"/>
        <line num="2185" count="0" type="cond" truecount="0" falsecount="2"/>
        <line num="2186" count="0" type="stmt"/>
        <line num="2189" count="0" type="stmt"/>
        <line num="2194" count="0" type="stmt"/>
        <line num="2205" count="0" type="stmt"/>
        <line num="2206" count="0" type="stmt"/>
        <line num="2207" count="0" type="stmt"/>
        <line num="2222" count="0" type="stmt"/>
        <line num="2223" count="0" type="stmt"/>
        <line num="2224" count="0" type="cond" truecount="0" falsecount="4"/>
        <line num="2225" count="0" type="stmt"/>
        <line num="2226" count="0" type="stmt"/>
        <line num="2237" count="0" type="stmt"/>
        <line num="2238" count="0" type="stmt"/>
        <line num="2239" count="0" type="stmt"/>
        <line num="2240" count="0" type="stmt"/>
        <line num="2241" count="0" type="stmt"/>
        <line num="2254" count="0" type="stmt"/>
        <line num="2255" count="0" type="stmt"/>
        <line num="2256" count="0" type="stmt"/>
        <line num="2257" count="0" type="stmt"/>
        <line num="2267" count="0" type="stmt"/>
        <line num="2268" count="0" type="stmt"/>
        <line num="2269" count="0" type="stmt"/>
        <line num="2270" count="0" type="stmt"/>
        <line num="2281" count="0" type="stmt"/>
        <line num="2282" count="0" type="stmt"/>
        <line num="2283" count="0" type="stmt"/>
        <line num="2284" count="0" type="stmt"/>
        <line num="2293" count="0" type="stmt"/>
        <line num="2294" count="0" type="stmt"/>
        <line num="2295" count="0" type="stmt"/>
        <line num="2296" count="0" type="stmt"/>
        <line num="2305" count="0" type="stmt"/>
        <line num="2306" count="0" type="stmt"/>
        <line num="2307" count="0" type="stmt"/>
        <line num="2308" count="0" type="stmt"/>
        <line num="2322" count="0" type="stmt"/>
        <line num="2323" count="0" type="stmt"/>
        <line num="2324" count="0" type="stmt"/>
        <line num="2325" count="0" type="stmt"/>
        <line num="2326" count="0" type="stmt"/>
        <line num="2348" count="0" type="stmt"/>
        <line num="2349" count="0" type="stmt"/>
        <line num="2350" count="0" type="stmt"/>
        <line num="2360" count="0" type="stmt"/>
        <line num="2361" count="0" type="stmt"/>
        <line num="2362" count="0" type="stmt"/>
        <line num="2376" count="0" type="stmt"/>
        <line num="2377" count="0" type="stmt"/>
        <line num="2378" count="0" type="cond" truecount="0" falsecount="2"/>
        <line num="2393" count="0" type="cond" truecount="0" falsecount="2"/>
        <line num="2394" count="0" type="stmt"/>
        <line num="2395" count="0" type="stmt"/>
        <line num="2398" count="0" type="cond" truecount="0" falsecount="2"/>
        <line num="2399" count="0" type="cond" truecount="0" falsecount="2"/>
        <line num="2402" count="0" type="stmt"/>
        <line num="2408" count="0" type="stmt"/>
        <line num="2414" count="0" type="stmt"/>
        <line num="2415" count="0" type="stmt"/>
        <line num="2416" count="0" type="stmt"/>
        <line num="2417" count="0" type="stmt"/>
        <line num="2418" count="0" type="stmt"/>
        <line num="2490" count="0" type="cond" truecount="0" falsecount="4"/>
        <line num="2502" count="0" type="cond" truecount="0" falsecount="4"/>
        <line num="2545" count="0" type="stmt"/>
        <line num="2563" count="0" type="stmt"/>
        <line num="2566" count="0" type="cond" truecount="0" falsecount="2"/>
        <line num="2567" count="0" type="stmt"/>
        <line num="2568" count="0" type="cond" truecount="0" falsecount="2"/>
        <line num="2569" count="0" type="stmt"/>
        <line num="2580" count="0" type="stmt"/>
        <line num="2627" count="0" type="stmt"/>
        <line num="2704" count="0" type="stmt"/>
      </file>
      <file name="manuscript-detail-utils.tsx" path="C:\Users\pobrebski\repos\v0-EMBO\components\manuscript-detail-utils.tsx">
        <metrics statements="37" coveredstatements="16" conditionals="25" coveredconditionals="4" methods="16" coveredmethods="1"/>
        <line num="1" count="1" type="stmt"/>
        <line num="2" count="1" type="stmt"/>
        <line num="3" count="1" type="stmt"/>
        <line num="10" count="1" type="stmt"/>
        <line num="13" count="1" type="stmt"/>
        <line num="14" count="0" type="stmt"/>
        <line num="27" count="1" type="stmt"/>
        <line num="28" count="0" type="stmt"/>
        <line num="35" count="0" type="stmt"/>
        <line num="57" count="22" type="stmt"/>
        <line num="58" count="22" type="cond" truecount="1" falsecount="2"/>
        <line num="59" count="22" type="cond" truecount="3" falsecount="1"/>
        <line num="60" count="0" type="stmt"/>
        <line num="62" count="22" type="stmt"/>
        <line num="66" count="1" type="stmt"/>
        <line num="87" count="0" type="stmt"/>
        <line num="89" count="0" type="cond" truecount="0" falsecount="2"/>
        <line num="90" count="0" type="cond" truecount="0" falsecount="2"/>
        <line num="100" count="0" type="stmt"/>
        <line num="109" count="0" type="cond" truecount="0" falsecount="4"/>
        <line num="119" count="0" type="stmt"/>
        <line num="135" count="0" type="stmt"/>
        <line num="145" count="0" type="stmt"/>
        <line num="156" count="0" type="stmt"/>
        <line num="160" count="1" type="stmt"/>
        <line num="161" count="0" type="stmt"/>
        <line num="164" count="1" type="stmt"/>
        <line num="165" count="0" type="stmt"/>
        <line num="166" count="0" type="stmt"/>
        <line num="167" count="0" type="stmt"/>
        <line num="172" count="1" type="stmt"/>
        <line num="185" count="1" type="stmt"/>
        <line num="186" count="0" type="stmt"/>
        <line num="187" count="0" type="cond" truecount="0" falsecount="2"/>
        <line num="190" count="1" type="stmt"/>
        <line num="191" count="0" type="stmt"/>
        <line num="192" count="0" type="cond" truecount="0" falsecount="2"/>
      </file>
      <file name="manuscript-detail.tsx" path="C:\Users\pobrebski\repos\v0-EMBO\components\manuscript-detail.tsx">
        <metrics statements="819" coveredstatements="0" conditionals="929" coveredconditionals="0" methods="250" coveredmethods="0"/>
        <line num="5" count="0" type="stmt"/>
        <line num="6" count="0" type="stmt"/>
        <line num="7" count="0" type="stmt"/>
        <line num="8" count="0" type="stmt"/>
        <line num="9" count="0" type="stmt"/>
        <line num="10" count="0" type="stmt"/>
        <line num="11" count="0" type="stmt"/>
        <line num="12" count="0" type="stmt"/>
        <line num="13" count="0" type="stmt"/>
        <line num="42" count="0" type="stmt"/>
        <line num="43" count="0" type="stmt"/>
        <line num="44" count="0" type="stmt"/>
        <line num="45" count="0" type="stmt"/>
        <line num="49" count="0" type="stmt"/>
        <line num="50" count="0" type="stmt"/>
        <line num="51" count="0" type="stmt"/>
        <line num="60" count="0" type="stmt"/>
        <line num="61" count="0" type="stmt"/>
        <line num="62" count="0" type="stmt"/>
        <line num="64" count="0" type="stmt"/>
        <line num="73" count="0" type="stmt"/>
        <line num="310" count="0" type="stmt"/>
        <line num="312" count="0" type="stmt"/>
        <line num="313" count="0" type="stmt"/>
        <line num="314" count="0" type="cond" truecount="0" falsecount="4"/>
        <line num="315" count="0" type="stmt"/>
        <line num="318" count="0" type="stmt"/>
        <line num="322" count="0" type="cond" truecount="0" falsecount="2"/>
        <line num="337" count="0" type="stmt"/>
        <line num="338" count="0" type="cond" truecount="0" falsecount="2"/>
        <line num="339" count="0" type="stmt"/>
        <line num="340" count="0" type="cond" truecount="0" falsecount="2"/>
        <line num="341" count="0" type="stmt"/>
        <line num="342" count="0" type="cond" truecount="0" falsecount="2"/>
        <line num="343" count="0" type="stmt"/>
        <line num="344" count="0" type="cond" truecount="0" falsecount="2"/>
        <line num="345" count="0" type="stmt"/>
        <line num="347" count="0" type="stmt"/>
        <line num="350" count="0" type="stmt"/>
        <line num="351" count="0" type="cond" truecount="0" falsecount="2"/>
        <line num="352" count="0" type="stmt"/>
        <line num="353" count="0" type="cond" truecount="0" falsecount="2"/>
        <line num="354" count="0" type="stmt"/>
        <line num="355" count="0" type="cond" truecount="0" falsecount="2"/>
        <line num="356" count="0" type="stmt"/>
        <line num="357" count="0" type="cond" truecount="0" falsecount="2"/>
        <line num="358" count="0" type="stmt"/>
        <line num="360" count="0" type="stmt"/>
        <line num="364" count="0" type="stmt"/>
        <line num="379" count="0" type="cond" truecount="0" falsecount="2"/>
        <line num="380" count="0" type="stmt"/>
        <line num="381" count="0" type="stmt"/>
        <line num="383" count="0" type="stmt"/>
        <line num="384" count="0" type="stmt"/>
        <line num="385" count="0" type="stmt"/>
        <line num="387" count="0" type="stmt"/>
        <line num="388" count="0" type="stmt"/>
        <line num="396" count="0" type="stmt"/>
        <line num="397" count="0" type="stmt"/>
        <line num="400" count="0" type="stmt"/>
        <line num="464" count="0" type="stmt"/>
        <line num="465" count="0" type="stmt"/>
        <line num="467" count="0" type="stmt"/>
        <line num="473" count="0" type="stmt"/>
        <line num="476" count="0" type="cond" truecount="0" falsecount="2"/>
        <line num="477" count="0" type="stmt"/>
        <line num="487" count="0" type="stmt"/>
        <line num="511" count="0" type="stmt"/>
        <line num="515" count="0" type="cond" truecount="0" falsecount="2"/>
        <line num="516" count="0" type="stmt"/>
        <line num="519" count="0" type="cond" truecount="0" falsecount="4"/>
        <line num="520" count="0" type="stmt"/>
        <line num="526" count="0" type="stmt"/>
        <line num="534" count="0" type="cond" truecount="0" falsecount="4"/>
        <line num="535" count="0" type="stmt"/>
        <line num="541" count="0" type="stmt"/>
        <line num="549" count="0" type="cond" truecount="0" falsecount="4"/>
        <line num="550" count="0" type="stmt"/>
        <line num="556" count="0" type="stmt"/>
        <line num="564" count="0" type="cond" truecount="0" falsecount="4"/>
        <line num="565" count="0" type="stmt"/>
        <line num="571" count="0" type="stmt"/>
        <line num="580" count="0" type="cond" truecount="0" falsecount="2"/>
        <line num="581" count="0" type="stmt"/>
        <line num="588" count="0" type="cond" truecount="0" falsecount="2"/>
        <line num="589" count="0" type="stmt"/>
        <line num="598" count="0" type="stmt"/>
        <line num="602" count="0" type="cond" truecount="0" falsecount="2"/>
        <line num="603" count="0" type="stmt"/>
        <line num="606" count="0" type="stmt"/>
        <line num="610" count="0" type="stmt"/>
        <line num="612" count="0" type="stmt"/>
        <line num="619" count="0" type="cond" truecount="0" falsecount="2"/>
        <line num="620" count="0" type="stmt"/>
        <line num="628" count="0" type="cond" truecount="0" falsecount="4"/>
        <line num="629" count="0" type="stmt"/>
        <line num="636" count="0" type="cond" truecount="0" falsecount="4"/>
        <line num="637" count="0" type="stmt"/>
        <line num="644" count="0" type="stmt"/>
        <line num="648" count="0" type="cond" truecount="0" falsecount="2"/>
        <line num="649" count="0" type="stmt"/>
        <line num="652" count="0" type="cond" truecount="0" falsecount="2"/>
        <line num="653" count="0" type="stmt"/>
        <line num="665" count="0" type="cond" truecount="0" falsecount="2"/>
        <line num="666" count="0" type="stmt"/>
        <line num="679" count="0" type="cond" truecount="0" falsecount="2"/>
        <line num="680" count="0" type="stmt"/>
        <line num="692" count="0" type="cond" truecount="0" falsecount="2"/>
        <line num="693" count="0" type="stmt"/>
        <line num="706" count="0" type="cond" truecount="0" falsecount="2"/>
        <line num="707" count="0" type="stmt"/>
        <line num="719" count="0" type="cond" truecount="0" falsecount="2"/>
        <line num="720" count="0" type="stmt"/>
        <line num="733" count="0" type="cond" truecount="0" falsecount="2"/>
        <line num="734" count="0" type="stmt"/>
        <line num="746" count="0" type="stmt"/>
        <line num="756" count="0" type="cond" truecount="0" falsecount="2"/>
        <line num="757" count="0" type="stmt"/>
        <line num="760" count="0" type="cond" truecount="0" falsecount="4"/>
        <line num="761" count="0" type="stmt"/>
        <line num="768" count="0" type="stmt"/>
        <line num="775" count="0" type="cond" truecount="0" falsecount="4"/>
        <line num="776" count="0" type="stmt"/>
        <line num="783" count="0" type="stmt"/>
        <line num="790" count="0" type="cond" truecount="0" falsecount="4"/>
        <line num="791" count="0" type="stmt"/>
        <line num="798" count="0" type="stmt"/>
        <line num="805" count="0" type="cond" truecount="0" falsecount="4"/>
        <line num="806" count="0" type="stmt"/>
        <line num="813" count="0" type="stmt"/>
        <line num="822" count="0" type="stmt"/>
        <line num="830" count="0" type="cond" truecount="0" falsecount="2"/>
        <line num="831" count="0" type="stmt"/>
        <line num="840" count="0" type="cond" truecount="0" falsecount="2"/>
        <line num="841" count="0" type="stmt"/>
        <line num="851" count="0" type="stmt"/>
        <line num="856" count="0" type="stmt"/>
        <line num="860" count="0" type="stmt"/>
        <line num="862" count="0" type="cond" truecount="0" falsecount="2"/>
        <line num="863" count="0" type="stmt"/>
        <line num="867" count="0" type="stmt"/>
        <line num="868" count="0" type="stmt"/>
        <line num="869" count="0" type="stmt"/>
        <line num="870" count="0" type="stmt"/>
        <line num="871" count="0" type="stmt"/>
        <line num="872" count="0" type="stmt"/>
        <line num="873" count="0" type="stmt"/>
        <line num="874" count="0" type="stmt"/>
        <line num="875" count="0" type="stmt"/>
        <line num="876" count="0" type="stmt"/>
        <line num="877" count="0" type="stmt"/>
        <line num="878" count="0" type="stmt"/>
        <line num="879" count="0" type="stmt"/>
        <line num="880" count="0" type="stmt"/>
        <line num="881" count="0" type="stmt"/>
        <line num="882" count="0" type="stmt"/>
        <line num="883" count="0" type="stmt"/>
        <line num="884" count="0" type="stmt"/>
        <line num="885" count="0" type="stmt"/>
        <line num="886" count="0" type="stmt"/>
        <line num="887" count="0" type="stmt"/>
        <line num="888" count="0" type="stmt"/>
        <line num="895" count="0" type="stmt"/>
        <line num="896" count="0" type="stmt"/>
        <line num="897" count="0" type="stmt"/>
        <line num="898" count="0" type="stmt"/>
        <line num="899" count="0" type="stmt"/>
        <line num="900" count="0" type="stmt"/>
        <line num="901" count="0" type="stmt"/>
        <line num="902" count="0" type="stmt"/>
        <line num="903" count="0" type="stmt"/>
        <line num="904" count="0" type="stmt"/>
        <line num="905" count="0" type="stmt"/>
        <line num="907" count="0" type="stmt"/>
        <line num="909" count="0" type="stmt"/>
        <line num="911" count="0" type="stmt"/>
        <line num="912" count="0" type="stmt"/>
        <line num="918" count="0" type="cond" truecount="0" falsecount="2"/>
        <line num="919" count="0" type="stmt"/>
        <line num="925" count="0" type="stmt"/>
        <line num="928" count="0" type="stmt"/>
        <line num="929" count="0" type="stmt"/>
        <line num="930" count="0" type="stmt"/>
        <line num="933" count="0" type="stmt"/>
        <line num="936" count="0" type="stmt"/>
        <line num="938" count="0" type="cond" truecount="0" falsecount="2"/>
        <line num="939" count="0" type="stmt"/>
        <line num="942" count="0" type="stmt"/>
        <line num="943" count="0" type="stmt"/>
        <line num="945" count="0" type="cond" truecount="0" falsecount="2"/>
        <line num="946" count="0" type="stmt"/>
        <line num="947" count="0" type="stmt"/>
        <line num="948" count="0" type="stmt"/>
        <line num="949" count="0" type="stmt"/>
        <line num="952" count="0" type="stmt"/>
        <line num="953" count="0" type="stmt"/>
        <line num="960" count="0" type="cond" truecount="0" falsecount="2"/>
        <line num="961" count="0" type="stmt"/>
        <line num="962" count="0" type="cond" truecount="0" falsecount="2"/>
        <line num="964" count="0" type="stmt"/>
        <line num="967" count="0" type="cond" truecount="0" falsecount="4"/>
        <line num="968" count="0" type="stmt"/>
        <line num="972" count="0" type="stmt"/>
        <line num="973" count="0" type="stmt"/>
        <line num="974" count="0" type="stmt"/>
        <line num="975" count="0" type="cond" truecount="0" falsecount="2"/>
        <line num="976" count="0" type="stmt"/>
        <line num="979" count="0" type="stmt"/>
        <line num="983" count="0" type="stmt"/>
        <line num="986" count="0" type="stmt"/>
        <line num="987" count="0" type="cond" truecount="0" falsecount="2"/>
        <line num="998" count="0" type="cond" truecount="0" falsecount="5"/>
        <line num="999" count="0" type="stmt"/>
        <line num="1000" count="0" type="cond" truecount="0" falsecount="2"/>
        <line num="1003" count="0" type="cond" truecount="0" falsecount="2"/>
        <line num="1005" count="0" type="cond" truecount="0" falsecount="4"/>
        <line num="1006" count="0" type="stmt"/>
        <line num="1007" count="0" type="stmt"/>
        <line num="1021" count="0" type="cond" truecount="0" falsecount="4"/>
        <line num="1022" count="0" type="stmt"/>
        <line num="1023" count="0" type="stmt"/>
        <line num="1037" count="0" type="cond" truecount="0" falsecount="4"/>
        <line num="1038" count="0" type="stmt"/>
        <line num="1039" count="0" type="cond" truecount="0" falsecount="2"/>
        <line num="1040" count="0" type="stmt"/>
        <line num="1041" count="0" type="stmt"/>
        <line num="1058" count="0" type="stmt"/>
        <line num="1062" count="0" type="cond" truecount="0" falsecount="2"/>
        <line num="1072" count="0" type="cond" truecount="0" falsecount="2"/>
        <line num="1080" count="0" type="cond" truecount="0" falsecount="2"/>
        <line num="1092" count="0" type="cond" truecount="0" falsecount="2"/>
        <line num="1101" count="0" type="cond" truecount="0" falsecount="2"/>
        <line num="1111" count="0" type="cond" truecount="0" falsecount="4"/>
        <line num="1112" count="0" type="stmt"/>
        <line num="1115" count="0" type="cond" truecount="0" falsecount="4"/>
        <line num="1116" count="0" type="stmt"/>
        <line num="1117" count="0" type="cond" truecount="0" falsecount="2"/>
        <line num="1118" count="0" type="stmt"/>
        <line num="1119" count="0" type="stmt"/>
        <line num="1135" count="0" type="stmt"/>
        <line num="1139" count="0" type="cond" truecount="0" falsecount="2"/>
        <line num="1140" count="0" type="stmt"/>
        <line num="1141" count="0" type="stmt"/>
        <line num="1142" count="0" type="stmt"/>
        <line num="1143" count="0" type="stmt"/>
        <line num="1144" count="0" type="stmt"/>
        <line num="1147" count="0" type="stmt"/>
        <line num="1148" count="0" type="stmt"/>
        <line num="1153" count="0" type="cond" truecount="0" falsecount="2"/>
        <line num="1154" count="0" type="stmt"/>
        <line num="1158" count="0" type="stmt"/>
        <line num="1159" count="0" type="stmt"/>
        <line num="1161" count="0" type="stmt"/>
        <line num="1162" count="0" type="stmt"/>
        <line num="1163" count="0" type="stmt"/>
        <line num="1164" count="0" type="stmt"/>
        <line num="1167" count="0" type="stmt"/>
        <line num="1168" count="0" type="stmt"/>
        <line num="1171" count="0" type="cond" truecount="0" falsecount="2"/>
        <line num="1173" count="0" type="stmt"/>
        <line num="1181" count="0" type="stmt"/>
        <line num="1182" count="0" type="cond" truecount="0" falsecount="4"/>
        <line num="1184" count="0" type="stmt"/>
        <line num="1185" count="0" type="cond" truecount="0" falsecount="2"/>
        <line num="1188" count="0" type="stmt"/>
        <line num="1191" count="0" type="stmt"/>
        <line num="1194" count="0" type="cond" truecount="0" falsecount="2"/>
        <line num="1228" count="0" type="stmt"/>
        <line num="1229" count="0" type="stmt"/>
        <line num="1230" count="0" type="stmt"/>
        <line num="1232" count="0" type="stmt"/>
        <line num="1235" count="0" type="stmt"/>
        <line num="1257" count="0" type="cond" truecount="0" falsecount="2"/>
        <line num="1258" count="0" type="stmt"/>
        <line num="1260" count="0" type="stmt"/>
        <line num="1262" count="0" type="stmt"/>
        <line num="1267" count="0" type="stmt"/>
        <line num="1268" count="0" type="cond" truecount="0" falsecount="2"/>
        <line num="1269" count="0" type="stmt"/>
        <line num="1270" count="0" type="stmt"/>
        <line num="1273" count="0" type="cond" truecount="0" falsecount="2"/>
        <line num="1274" count="0" type="stmt"/>
        <line num="1275" count="0" type="stmt"/>
        <line num="1278" count="0" type="stmt"/>
        <line num="1279" count="0" type="stmt"/>
        <line num="1281" count="0" type="stmt"/>
        <line num="1282" count="0" type="stmt"/>
        <line num="1290" count="0" type="cond" truecount="0" falsecount="2"/>
        <line num="1291" count="0" type="stmt"/>
        <line num="1294" count="0" type="stmt"/>
        <line num="1297" count="0" type="cond" truecount="0" falsecount="2"/>
        <line num="1298" count="0" type="cond" truecount="0" falsecount="2"/>
        <line num="1299" count="0" type="stmt"/>
        <line num="1300" count="0" type="stmt"/>
        <line num="1307" count="0" type="cond" truecount="0" falsecount="2"/>
        <line num="1308" count="0" type="stmt"/>
        <line num="1316" count="0" type="cond" truecount="0" falsecount="2"/>
        <line num="1317" count="0" type="stmt"/>
        <line num="1318" count="0" type="stmt"/>
        <line num="1320" count="0" type="cond" truecount="0" falsecount="2"/>
        <line num="1321" count="0" type="cond" truecount="0" falsecount="2"/>
        <line num="1326" count="0" type="stmt"/>
        <line num="1327" count="0" type="stmt"/>
        <line num="1328" count="0" type="stmt"/>
        <line num="1329" count="0" type="stmt"/>
        <line num="1331" count="0" type="stmt"/>
        <line num="1340" count="0" type="stmt"/>
        <line num="1342" count="0" type="stmt"/>
        <line num="1344" count="0" type="stmt"/>
        <line num="1346" count="0" type="cond" truecount="0" falsecount="2"/>
        <line num="1348" count="0" type="stmt"/>
        <line num="1351" count="0" type="stmt"/>
        <line num="1352" count="0" type="stmt"/>
        <line num="1353" count="0" type="stmt"/>
        <line num="1354" count="0" type="stmt"/>
        <line num="1355" count="0" type="cond" truecount="0" falsecount="2"/>
        <line num="1356" count="0" type="cond" truecount="0" falsecount="2"/>
        <line num="1357" count="0" type="cond" truecount="0" falsecount="2"/>
        <line num="1358" count="0" type="stmt"/>
        <line num="1360" count="0" type="stmt"/>
        <line num="1364" count="0" type="stmt"/>
        <line num="1368" count="0" type="stmt"/>
        <line num="1378" count="0" type="cond" truecount="0" falsecount="2"/>
        <line num="1379" count="0" type="stmt"/>
        <line num="1403" count="0" type="stmt"/>
        <line num="1406" count="0" type="stmt"/>
        <line num="1416" count="0" type="stmt"/>
        <line num="1421" count="0" type="stmt"/>
        <line num="1422" count="0" type="stmt"/>
        <line num="1436" count="0" type="stmt"/>
        <line num="1440" count="0" type="stmt"/>
        <line num="1441" count="0" type="stmt"/>
[...]
        <line num="250" count="0" type="stmt"/>
        <line num="251" count="0" type="cond" truecount="0" falsecount="2"/>
        <line num="253" count="0" type="stmt"/>
        <line num="254" count="0" type="stmt"/>
        <line num="256" count="0" type="stmt"/>
      </file>
      <file name="image-utils.ts" path="C:\Users\pobrebski\repos\v0-EMBO\lib\image-utils.ts">
        <metrics statements="45" coveredstatements="0" conditionals="33" coveredconditionals="0" methods="10" coveredmethods="0"/>
        <line num="17" count="0" type="stmt"/>
        <line num="22" count="0" type="stmt"/>
        <line num="24" count="0" type="cond" truecount="0" falsecount="2"/>
        <line num="25" count="0" type="cond" truecount="0" falsecount="2"/>
        <line num="26" count="0" type="cond" truecount="0" falsecount="2"/>
        <line num="27" count="0" type="cond" truecount="0" falsecount="2"/>
        <line num="28" count="0" type="cond" truecount="0" falsecount="2"/>
        <line num="29" count="0" type="cond" truecount="0" falsecount="2"/>
        <line num="31" count="0" type="stmt"/>
        <line num="32" count="0" type="stmt"/>
        <line num="34" count="0" type="cond" truecount="0" falsecount="2"/>
        <line num="40" count="0" type="stmt"/>
        <line num="45" count="0" type="stmt"/>
        <line num="55" count="0" type="stmt"/>
        <line num="61" count="0" type="stmt"/>
        <line num="77" count="0" type="cond" truecount="0" falsecount="2"/>
        <line num="78" count="0" type="stmt"/>
        <line num="82" count="0" type="cond" truecount="0" falsecount="2"/>
        <line num="83" count="0" type="stmt"/>
        <line num="100" count="0" type="stmt"/>
        <line num="101" count="0" type="stmt"/>
        <line num="102" count="0" type="stmt"/>
        <line num="103" count="0" type="stmt"/>
        <line num="104" count="0" type="stmt"/>
        <line num="107" count="0" type="stmt"/>
        <line num="113" count="0" type="stmt"/>
        <line num="119" count="0" type="cond" truecount="0" falsecount="2"/>
        <line num="121" count="0" type="stmt"/>
        <line num="122" count="0" type="stmt"/>
        <line num="125" count="0" type="stmt"/>
        <line num="132" count="0" type="stmt"/>
        <line num="133" count="0" type="stmt"/>
        <line num="134" count="0" type="stmt"/>
        <line num="135" count="0" type="stmt"/>
        <line num="136" count="0" type="stmt"/>
        <line num="137" count="0" type="stmt"/>
        <line num="144" count="0" type="stmt"/>
        <line num="150" count="0" type="cond" truecount="0" falsecount="2"/>
        <line num="152" count="0" type="stmt"/>
        <line num="154" count="0" type="stmt"/>
        <line num="155" count="0" type="stmt"/>
        <line num="156" count="0" type="cond" truecount="0" falsecount="4"/>
        <line num="157" count="0" type="stmt"/>
        <line num="160" count="0" type="stmt"/>
        <line num="164" count="0" type="stmt"/>
      </file>
      <file name="mock-manuscript-details.ts" path="C:\Users\pobrebski\repos\v0-EMBO\lib\mock-manuscript-details.ts">
        <metrics statements="3" coveredstatements="0" conditionals="0" coveredconditionals="0" methods="0" coveredmethods="0"/>
        <line num="5" count="0" type="stmt"/>
        <line num="22" count="0" type="stmt"/>
        <line num="39" count="0" type="stmt"/>
      </file>
      <file name="mock.ts" path="C:\Users\pobrebski\repos\v0-EMBO\lib\mock.ts">
        <metrics statements="4" coveredstatements="0" conditionals="0" coveredconditionals="0" methods="0" coveredmethods="0"/>
        <line num="1" count="0" type="stmt"/>
        <line num="233" count="0" type="stmt"/>
        <line num="254" count="0" type="stmt"/>
        <line num="272" count="0" type="stmt"/>
      </file>
      <file name="real-data-integration.ts" path="C:\Users\pobrebski\repos\v0-EMBO\lib\real-data-integration.ts">
        <metrics statements="20" coveredstatements="0" conditionals="6" coveredconditionals="0" methods="4" coveredmethods="0"/>
        <line num="3" count="0" type="stmt"/>
        <line num="22" count="0" type="stmt"/>
        <line num="23" count="0" type="stmt"/>
        <line num="24" count="0" type="stmt"/>
        <line num="25" count="0" type="stmt"/>
        <line num="26" count="0" type="cond" truecount="0" falsecount="2"/>
        <line num="27" count="0" type="stmt"/>
        <line num="28" count="0" type="stmt"/>
        <line num="31" count="0" type="stmt"/>
        <line num="32" count="0" type="stmt"/>
        <line num="33" count="0" type="cond" truecount="0" falsecount="2"/>
        <line num="36" count="0" type="stmt"/>
        <line num="38" count="0" type="stmt"/>
        <line num="39" count="0" type="stmt"/>
        <line num="41" count="0" type="stmt"/>
        <line num="46" count="0" type="stmt"/>
        <line num="50" count="0" type="cond" truecount="0" falsecount="2"/>
        <line num="62" count="0" type="stmt"/>
        <line num="64" count="0" type="stmt"/>
        <line num="65" count="0" type="stmt"/>
      </file>
      <file name="real-data-loader.ts" path="C:\Users\pobrebski\repos\v0-EMBO\lib\real-data-loader.ts">
        <metrics statements="24" coveredstatements="0" conditionals="8" coveredconditionals="0" methods="7" coveredmethods="0"/>
        <line num="30" count="0" type="stmt"/>
        <line num="31" count="0" type="stmt"/>
        <line num="32" count="0" type="stmt"/>
        <line num="33" count="0" type="cond" truecount="0" falsecount="2"/>
        <line num="34" count="0" type="stmt"/>
        <line num="37" count="0" type="stmt"/>
        <line num="38" count="0" type="cond" truecount="0" falsecount="2"/>
        <line num="40" count="0" type="stmt"/>
        <line num="41" count="0" type="stmt"/>
        <line num="47" count="0" type="stmt"/>
        <line num="48" count="0" type="stmt"/>
        <line num="53" count="0" type="stmt"/>
        <line num="67" count="0" type="stmt"/>
        <line num="68" count="0" type="stmt"/>
        <line num="71" count="0" type="stmt"/>
        <line num="72" count="0" type="stmt"/>
        <line num="74" count="0" type="stmt"/>
        <line num="75" count="0" type="cond" truecount="0" falsecount="2"/>
        <line num="76" count="0" type="stmt"/>
        <line num="81" count="0" type="stmt"/>
        <line num="86" count="0" type="stmt"/>
        <line num="114" count="0" type="stmt"/>
        <line num="115" count="0" type="cond" truecount="0" falsecount="2"/>
        <line num="117" count="0" type="stmt"/>
      </file>
      <file name="real-figures-data.ts" path="C:\Users\pobrebski\repos\v0-EMBO\lib\real-figures-data.ts">
        <metrics statements="1" coveredstatements="0" conditionals="0" coveredconditionals="0" methods="0" coveredmethods="0"/>
        <line num="3" count="0" type="stmt"/>
      </file>
      <file name="status-mapping.ts" path="C:\Users\pobrebski\repos\v0-EMBO\lib\status-mapping.ts">
        <metrics statements="28" coveredstatements="7" conditionals="21" coveredconditionals="0" methods="6" coveredmethods="3"/>
        <line num="14" count="1" type="stmt"/>
        <line num="108" count="1" type="stmt"/>
        <line num="119" count="0" type="stmt"/>
        <line num="120" count="0" type="stmt"/>
        <line num="121" count="0" type="cond" truecount="0" falsecount="2"/>
        <line num="129" count="6" type="stmt"/>
        <line num="130" count="6" type="stmt"/>
        <line num="131" count="60" type="stmt"/>
        <line num="132" count="30" type="stmt"/>
        <line num="134" count="6" type="stmt"/>
        <line num="138" count="0" type="stmt"/>
        <line num="139" count="0" type="cond" truecount="0" falsecount="5"/>
        <line num="141" count="0" type="stmt"/>
        <line num="143" count="0" type="stmt"/>
        <line num="145" count="0" type="stmt"/>
        <line num="147" count="0" type="stmt"/>
        <line num="149" count="0" type="stmt"/>
        <line num="154" count="0" type="stmt"/>
        <line num="155" count="0" type="stmt"/>
        <line num="157" count="0" type="cond" truecount="0" falsecount="2"/>
        <line num="158" count="0" type="stmt"/>
        <line num="161" count="0" type="cond" truecount="0" falsecount="4"/>
        <line num="162" count="0" type="stmt"/>
        <line num="165" count="0" type="cond" truecount="0" falsecount="4"/>
        <line num="166" count="0" type="stmt"/>
        <line num="169" count="0" type="cond" truecount="0" falsecount="4"/>
        <line num="170" count="0" type="stmt"/>
        <line num="173" count="0" type="stmt"/>
      </file>
      <file name="test-real-data.ts" path="C:\Users\pobrebski\repos\v0-EMBO\lib\test-real-data.ts">
        <metrics statements="20" coveredstatements="0" conditionals="2" coveredconditionals="0" methods="4" coveredmethods="0"/>
        <line num="3" count="0" type="stmt"/>
        <line num="5" count="0" type="stmt"/>
        <line num="6" count="0" type="stmt"/>
        <line num="8" count="0" type="stmt"/>
        <line num="9" count="0" type="stmt"/>
        <line num="11" count="0" type="stmt"/>
        <line num="13" count="0" type="stmt"/>
        <line num="14" count="0" type="stmt"/>
        <line num="15" count="0" type="stmt"/>
        <line num="16" count="0" type="stmt"/>
        <line num="17" count="0" type="stmt"/>
        <line num="18" count="0" type="stmt"/>
        <line num="19" count="0" type="stmt"/>
        <line num="21" count="0" type="stmt"/>
        <line num="22" count="0" type="stmt"/>
        <line num="25" count="0" type="stmt"/>
        <line num="27" count="0" type="stmt"/>
        <line num="28" count="0" type="stmt"/>
        <line num="33" count="0" type="cond" truecount="0" falsecount="2"/>
        <line num="34" count="0" type="stmt"/>
      </file>
      <file name="utils.ts" path="C:\Users\pobrebski\repos\v0-EMBO\lib\utils.ts">
        <metrics statements="4" coveredstatements="4" conditionals="0" coveredconditionals="0" methods="1" coveredmethods="1"/>
        <line num="1" count="2" type="stmt"/>
        <line num="2" count="2" type="stmt"/>
        <line num="4" count="317" type="stmt"/>
        <line num="5" count="317" type="stmt"/>
      </file>
    </package>
    <package name="lib.utils">
      <metrics statements="151" coveredstatements="88" conditionals="153" coveredconditionals="83" methods="33" coveredmethods="17"/>
      <file name="date-utils.ts" path="C:\Users\pobrebski\repos\v0-EMBO\lib\utils\date-utils.ts">
        <metrics statements="25" coveredstatements="24" conditionals="29" coveredconditionals="17" methods="3" coveredmethods="3"/>
        <line num="3" count="5" type="cond" truecount="1" falsecount="0"/>
        <line num="4" count="5" type="stmt"/>
        <line num="6" count="5" type="cond" truecount="2" falsecount="0"/>
        <line num="7" count="1" type="stmt"/>
        <line num="10" count="4" type="cond" truecount="3" falsecount="1"/>
        <line num="12" count="2" type="stmt"/>
        <line num="19" count="1" type="stmt"/>
        <line num="28" count="1" type="stmt"/>
        <line num="31" count="0" type="stmt"/>
        <line num="35" count="6" type="stmt"/>
        <line num="36" count="7" type="stmt"/>
        <line num="37" count="7" type="stmt"/>
        <line num="39" count="7" type="cond" truecount="1" falsecount="1"/>
        <line num="40" count="7" type="cond" truecount="1" falsecount="3"/>
        <line num="42" count="7" type="stmt"/>
        <line num="43" count="7" type="cond" truecount="1" falsecount="3"/>
        <line num="45" count="7" type="stmt"/>
        <line num="46" count="7" type="cond" truecount="1" falsecount="3"/>
        <line num="48" count="7" type="stmt"/>
        <line num="49" count="7" type="cond" truecount="1" falsecount="1"/>
        <line num="52" count="6" type="stmt"/>
        <line num="53" count="6" type="stmt"/>
        <line num="54" count="6" type="cond" truecount="4" falsecount="0"/>
        <line num="56" count="3" type="stmt"/>
        <line num="57" count="3" type="cond" truecount="2" falsecount="0"/>
      </file>
      <file name="manuscript-utils.ts" path="C:\Users\pobrebski\repos\v0-EMBO\lib\utils\manuscript-utils.ts">
        <metrics statements="65" coveredstatements="64" conditionals="79" coveredconditionals="66" methods="14" coveredmethods="14"/>
        <line num="4" count="6" type="stmt"/>
        <line num="5" count="7" type="cond" truecount="2" falsecount="0"/>
        <line num="7" count="6" type="stmt"/>
        <line num="9" count="6" type="stmt"/>
        <line num="10" count="24" type="stmt"/>
        <line num="20" count="24" type="stmt"/>
        <line num="21" count="141" type="stmt"/>
        <line num="27" count="3" type="stmt"/>
        <line num="28" count="8" type="stmt"/>
        <line num="29" count="3" type="stmt"/>
        <line num="32" count="3" type="cond" truecount="4" falsecount="0"/>
        <line num="33" count="3" type="stmt"/>
        <line num="34" count="1" type="stmt"/>
        <line num="37" count="2" type="stmt"/>
        <line num="41" count="2" type="stmt"/>
        <line num="42" count="2" type="stmt"/>
        <line num="49" count="2" type="stmt"/>
        <line num="50" count="8" type="cond" truecount="2" falsecount="0"/>
        <line num="51" count="8" type="cond" truecount="1" falsecount="1"/>
        <line num="52" count="8" type="stmt"/>
        <line num="56" count="2" type="stmt"/>
        <line num="60" count="7" type="stmt"/>
        <line num="71" count="7" type="stmt"/>
        <line num="74" count="7" type="cond" truecount="2" falsecount="0"/>
        <line num="75" count="1" type="stmt"/>
        <line num="79" count="7" type="stmt"/>
        <line num="81" count="25" type="cond" truecount="4" falsecount="0"/>
        <line num="82" count="4" type="cond" truecount="2" falsecount="0"/>
        <line num="86" count="22" type="cond" truecount="4" falsecount="0"/>
        <line num="87" count="4" type="cond" truecount="2" falsecount="0"/>
        <line num="91" count="19" type="cond" truecount="4" falsecount="0"/>
        <line num="92" count="4" type="cond" truecount="1" falsecount="1"/>
        <line num="93" count="4" type="cond" truecount="2" falsecount="0"/>
        <line num="96" count="17" type="stmt"/>
        <line num="100" count="7" type="stmt"/>
        <line num="101" count="13" type="stmt"/>
        <line num="102" count="13" type="stmt"/>
        <line num="104" count="13" type="cond" truecount="4" falsecount="0"/>
        <line num="105" count="7" type="stmt"/>
        <line num="106" count="7" type="stmt"/>
        <line num="109" count="13" type="cond" truecount="2" falsecount="0"/>
        <line num="110" count="6" type="stmt"/>
        <line num="111" count="6" type="stmt"/>
        <line num="114" count="13" type="cond" truecount="3" falsecount="1"/>
        <line num="115" count="10" type="cond" truecount="3" falsecount="1"/>
        <line num="116" count="0" type="stmt"/>
        <line num="120" count="7" type="stmt"/>
        <line num="121" count="16" type="cond" truecount="4" falsecount="0"/>
        <line num="122" count="6" type="cond" truecount="2" falsecount="2"/>
        <line num="123" count="6" type="stmt"/>
        <line num="128" count="6" type="stmt"/>
        <line num="129" count="6" type="cond" truecount="5" falsecount="0"/>
        <line num="131" count="2" type="stmt"/>
        <line num="133" count="1" type="stmt"/>
        <line num="135" count="1" type="stmt"/>
        <line num="137" count="1" type="stmt"/>
        <line num="139" count="1" type="stmt"/>
        <line num="144" count="7" type="stmt"/>
        <line num="145" count="7" type="cond" truecount="6" falsecount="0"/>
        <line num="147" count="2" type="stmt"/>
        <line num="149" count="1" type="stmt"/>
        <line num="151" count="1" type="stmt"/>
        <line num="153" count="1" type="stmt"/>
        <line num="155" count="1" type="stmt"/>
        <line num="157" count="1" type="stmt"/>
      </file>
      <file name="sort-utils.ts" path="C:\Users\pobrebski\repos\v0-EMBO\lib\utils\sort-utils.ts">
        <metrics statements="42" coveredstatements="0" conditionals="43" coveredconditionals="0" methods="10" coveredmethods="0"/>
        <line num="5" count="0" type="stmt"/>
        <line num="10" count="0" type="stmt"/>
        <line num="11" count="0" type="stmt"/>
        <line num="12" count="0" type="stmt"/>
        <line num="15" count="0" type="cond" truecount="0" falsecount="4"/>
        <line num="16" count="0" type="stmt"/>
        <line num="17" count="0" type="stmt"/>
        <line num="21" count="0" type="cond" truecount="0" falsecount="2"/>
        <line num="22" count="0" type="stmt"/>
        <line num="23" count="0" type="stmt"/>
        <line num="27" count="0" type="cond" truecount="0" falsecount="4"/>
        <line num="28" count="0" type="cond" truecount="0" falsecount="4"/>
        <line num="29" count="0" type="stmt"/>
        <line num="33" count="0" type="stmt"/>
        <line num="42" count="0" type="stmt"/>
        <line num="44" count="0" type="cond" truecount="0" falsecount="2"/>
        <line num="45" count="0" type="stmt"/>
        <line num="47" count="0" type="cond" truecount="0" falsecount="3"/>
        <line num="51" count="0" type="cond" truecount="0" falsecount="2"/>
        <line num="55" count="0" type="cond" truecount="0" falsecount="4"/>
        <line num="56" count="0" type="cond" truecount="0" falsecount="2"/>
        <line num="60" count="0" type="cond" truecount="0" falsecount="4"/>
        <line num="61" count="0" type="cond" truecount="0" falsecount="2"/>
        <line num="65" count="0" type="cond" truecount="0" falsecount="4"/>
        <line num="66" count="0" type="cond" truecount="0" falsecount="2"/>
        <line num="69" count="0" type="stmt"/>
        <line num="73" count="0" type="stmt"/>
        <line num="74" count="0" type="stmt"/>
        <line num="75" count="0" type="stmt"/>
        <line num="76" count="0" type="cond" truecount="0" falsecount="2"/>
        <line num="77" count="0" type="stmt"/>
        <line num="79" count="0" type="stmt"/>
        <line num="80" count="0" type="stmt"/>
        <line num="84" count="0" type="stmt"/>
        <line num="85" count="0" type="stmt"/>
        <line num="86" count="0" type="stmt"/>
        <line num="87" count="0" type="stmt"/>
        <line num="88" count="0" type="cond" truecount="0" falsecount="2"/>
        <line num="89" count="0" type="stmt"/>
        <line num="92" count="0" type="stmt"/>
        <line num="93" count="0" type="stmt"/>
        <line num="95" count="0" type="stmt"/>
      </file>
      <file name="validation-utils.ts" path="C:\Users\pobrebski\repos\v0-EMBO\lib\utils\validation-utils.ts">
        <metrics statements="19" coveredstatements="0" conditionals="2" coveredconditionals="0" methods="6" coveredmethods="0"/>
        <line num="3" count="0" type="stmt"/>
        <line num="4" count="0" type="stmt"/>
        <line num="5" count="0" type="stmt"/>
        <line num="8" count="0" type="stmt"/>
        <line num="10" count="0" type="stmt"/>
        <line num="11" count="0" type="stmt"/>
        <line num="14" count="0" type="stmt"/>
        <line num="15" count="0" type="stmt"/>
        <line num="18" count="0" type="stmt"/>
        <line num="19" count="0" type="stmt"/>
        <line num="20" count="0" type="stmt"/>
        <line num="21" count="0" type="stmt"/>
        <line num="23" count="0" type="stmt"/>
        <line num="27" count="0" type="stmt"/>
        <line num="29" count="0" type="stmt"/>
        <line num="30" count="0" type="stmt"/>
        <line num="33" count="0" type="stmt"/>
        <line num="34" count="0" type="cond" truecount="0" falsecount="2"/>
        <line num="35" count="0" type="stmt"/>
      </file>
    </package>
  </project>
</coverage>
