TN:
SF:components\auth-guard.tsx
FN:15,AuthGuard
FN:32,(anonymous_2)
FNF:2
FNH:0
FNDA:0,AuthGuard
FNDA:0,(anonymous_2)
DA:3,0
DA:4,0
DA:5,0
DA:6,0
DA:7,0
DA:15,0
DA:20,0
DA:21,0
DA:24,0
DA:28,0
DA:32,0
DA:33,0
DA:35,0
DA:36,0
DA:37,0
DA:41,0
DA:42,0
DA:43,0
DA:48,0
DA:64,0
DA:65,0
DA:69,0
DA:70,0
LF:23
LH:0
BRDA:18,0,0,0
BRDA:24,1,0,0
BRDA:24,1,1,0
BRDA:28,2,0,0
BRDA:28,2,1,0
BRDA:33,3,0,0
BRDA:33,3,1,0
BRDA:35,4,0,0
BRDA:35,4,1,0
BRDA:41,5,0,0
BRDA:41,5,1,0
BRDA:41,6,0,0
BRDA:41,6,1,0
BRDA:48,7,0,0
BRDA:48,7,1,0
BRDA:64,8,0,0
BRDA:64,8,1,0
BRDA:69,9,0,0
BRDA:69,9,1,0
BRDA:69,10,0,0
BRDA:69,10,1,0
BRF:21
BRH:0
end_of_record
TN:
SF:components\author-list.tsx
FN:9,AuthorList
FN:11,(anonymous_3)
FN:18,(anonymous_4)
FN:25,(anonymous_5)
FN:31,(anonymous_6)
FN:48,(anonymous_7)
FNF:6
FNH:0
FNDA:0,AuthorList
FNDA:0,(anonymous_3)
FNDA:0,(anonymous_4)
FNDA:0,(anonymous_5)
FNDA:0,(anonymous_6)
FNDA:0,(anonymous_7)
DA:1,0
DA:9,0
DA:11,0
DA:12,0
DA:13,0
DA:17,0
DA:18,0
DA:21,0
DA:25,0
DA:26,0
DA:28,0
DA:29,0
DA:31,0
DA:32,0
DA:42,0
DA:49,0
LF:16
LH:0
BRDA:9,0,0,0
BRDA:12,1,0,0
BRDA:12,1,1,0
BRDA:17,2,0,0
BRDA:17,2,1,0
BRDA:26,3,0,0
BRDA:26,3,1,0
BRDA:32,4,0,0
BRDA:32,4,1,0
BRDA:42,5,0,0
BRDA:42,5,1,0
BRDA:50,6,0,0
BRDA:50,6,1,0
BRDA:51,7,0,0
BRF:14
BRH:0
end_of_record
TN:
SF:components\collaboration-banner.tsx
FN:63,CollaborationBanner
FN:69,(anonymous_2)
FN:70,(anonymous_3)
FN:71,(anonymous_4)
FN:73,(anonymous_5)
FN:80,(anonymous_6)
FN:83,(anonymous_7)
FN:84,(anonymous_8)
FN:87,(anonymous_9)
FN:88,(anonymous_10)
FN:90,(anonymous_11)
FN:96,(anonymous_12)
FN:97,(anonymous_13)
FN:146,(anonymous_14)
FN:154,(anonymous_15)
FN:178,(anonymous_16)
FN:184,(anonymous_17)
FN:221,(anonymous_18)
FN:222,(anonymous_19)
FN:239,(anonymous_20)
FN:240,(anonymous_21)
FN:266,(anonymous_22)
FN:281,(anonymous_23)
FNF:23
FNH:0
FNDA:0,CollaborationBanner
FNDA:0,(anonymous_2)
FNDA:0,(anonymous_3)
FNDA:0,(anonymous_4)
FNDA:0,(anonymous_5)
FNDA:0,(anonymous_6)
FNDA:0,(anonymous_7)
FNDA:0,(anonymous_8)
FNDA:0,(anonymous_9)
FNDA:0,(anonymous_10)
FNDA:0,(anonymous_11)
FNDA:0,(anonymous_12)
FNDA:0,(anonymous_13)
FNDA:0,(anonymous_14)
FNDA:0,(anonymous_15)
FNDA:0,(anonymous_16)
FNDA:0,(anonymous_17)
FNDA:0,(anonymous_18)
FNDA:0,(anonymous_19)
FNDA:0,(anonymous_20)
FNDA:0,(anonymous_21)
FNDA:0,(anonymous_22)
FNDA:0,(anonymous_23)
DA:3,0
DA:4,0
DA:5,0
DA:6,0
DA:7,0
DA:8,0
DA:9,0
DA:17,0
DA:63,0
DA:64,0
DA:65,0
DA:66,0
DA:69,0
DA:70,0
DA:71,0
DA:73,0
DA:80,0
DA:83,0
DA:84,0
DA:85,0
DA:87,0
DA:88,0
DA:91,0
DA:96,0
DA:97,0
DA:108,0
DA:109,0
DA:147,0
DA:154,0
DA:179,0
DA:184,0
DA:221,0
DA:222,0
DA:239,0
DA:241,0
DA:266,0
DA:281,0
LF:37
LH:0
BRDA:75,0,0,0
BRDA:75,0,1,0
BRDA:91,1,0,0
BRDA:91,1,1,0
BRDA:108,2,0,0
BRDA:108,2,1,0
BRDA:108,3,0,0
BRDA:108,3,1,0
BRDA:108,3,2,0
BRDA:115,4,0,0
BRDA:133,5,0,0
BRDA:141,6,0,0
BRDA:141,6,1,0
BRDA:158,7,0,0
BRDA:193,8,0,0
BRDA:193,8,1,0
BRDA:196,9,0,0
BRDA:214,10,0,0
BRDA:222,11,0,0
BRDA:222,11,1,0
BRDA:302,12,0,0
BRF:21
BRH:0
end_of_record
TN:
SF:components\data-integration-manager.tsx
FN:33,DataIntegrationManager
FN:65,(anonymous_5)
FN:93,(anonymous_6)
FN:95,(anonymous_7)
FN:114,(anonymous_8)
FN:115,(anonymous_9)
FN:128,(anonymous_10)
FN:139,(anonymous_11)
FN:150,(anonymous_12)
FN:158,(anonymous_13)
FN:189,(anonymous_14)
FN:196,(anonymous_15)
FN:229,(anonymous_16)
FN:240,(anonymous_17)
FN:305,(anonymous_18)
FNF:15
FNH:0
FNDA:0,DataIntegrationManager
FNDA:0,(anonymous_5)
FNDA:0,(anonymous_6)
FNDA:0,(anonymous_7)
FNDA:0,(anonymous_8)
FNDA:0,(anonymous_9)
FNDA:0,(anonymous_10)
FNDA:0,(anonymous_11)
FNDA:0,(anonymous_12)
FNDA:0,(anonymous_13)
FNDA:0,(anonymous_14)
FNDA:0,(anonymous_15)
FNDA:0,(anonymous_16)
FNDA:0,(anonymous_17)
FNDA:0,(anonymous_18)
DA:3,0
DA:4,0
DA:5,0
DA:6,0
DA:7,0
DA:20,0
DA:26,0
DA:33,0
DA:34,0
DA:35,0
DA:36,0
DA:37,0
DA:38,0
DA:41,0
DA:54,0
DA:62,0
DA:65,0
DA:66,0
DA:67,0
DA:69,0
DA:70,0
DA:73,0
DA:91,0
DA:93,0
DA:95,0
DA:99,0
DA:100,0
DA:103,0
DA:104,0
DA:107,0
DA:109,0
DA:114,0
DA:115,0
DA:128,0
DA:129,0
DA:131,0
DA:139,0
DA:140,0
DA:150,0
DA:151,0
DA:153,0
DA:154,0
DA:158,0
DA:159,0
DA:189,0
DA:196,0
DA:230,0
DA:241,0
DA:305,0
LF:49
LH:0
BRDA:70,0,0,0
BRDA:70,0,1,0
BRDA:107,1,0,0
BRDA:107,1,1,0
BRDA:129,2,0,0
BRDA:129,2,1,0
BRDA:151,3,0,0
BRDA:151,3,1,0
BRDA:151,4,0,0
BRDA:151,4,1,0
BRDA:205,5,0,0
BRDA:211,6,0,0
BRDA:225,7,0,0
BRDA:245,8,0,0
BRDA:249,9,0,0
BRDA:249,9,1,0
BRDA:274,10,0,0
BRDA:274,10,1,0
BRDA:290,11,0,0
BRDA:290,11,1,0
BRDA:297,12,0,0
BRDA:297,12,1,0
BRDA:303,13,0,0
BRF:23
BRH:0
end_of_record
TN:
SF:components\deposition-workflow.tsx
FN:101,(anonymous_1)
FN:116,(anonymous_2)
FN:143,(anonymous_3)
FN:156,DepositionWorkflow
FN:168,(anonymous_5)
FN:184,(anonymous_6)
FN:202,(anonymous_7)
FN:211,(anonymous_8)
FN:213,(anonymous_9)
FN:233,(anonymous_10)
FN:279,(anonymous_11)
FN:293,(anonymous_12)
FN:390,(anonymous_13)
FN:407,(anonymous_14)
FN:414,(anonymous_15)
FN:441,(anonymous_16)
FN:459,(anonymous_17)
FN:478,(anonymous_18)
FN:522,(anonymous_19)
FNF:19
FNH:0
FNDA:0,(anonymous_1)
FNDA:0,(anonymous_2)
FNDA:0,(anonymous_3)
FNDA:0,DepositionWorkflow
FNDA:0,(anonymous_5)
FNDA:0,(anonymous_6)
FNDA:0,(anonymous_7)
FNDA:0,(anonymous_8)
FNDA:0,(anonymous_9)
FNDA:0,(anonymous_10)
FNDA:0,(anonymous_11)
FNDA:0,(anonymous_12)
FNDA:0,(anonymous_13)
FNDA:0,(anonymous_14)
FNDA:0,(anonymous_15)
FNDA:0,(anonymous_16)
FNDA:0,(anonymous_17)
FNDA:0,(anonymous_18)
FNDA:0,(anonymous_19)
DA:3,0
DA:4,0
DA:5,0
DA:6,0
DA:7,0
DA:8,0
DA:9,0
DA:10,0
DA:26,0
DA:33,0
DA:101,0
DA:102,0
DA:116,0
DA:117,0
DA:143,0
DA:144,0
DA:156,0
DA:157,0
DA:158,0
DA:159,0
DA:160,0
DA:161,0
DA:162,0
DA:163,0
DA:165,0
DA:166,0
DA:168,0
DA:169,0
DA:170,0
DA:171,0
DA:174,0
DA:183,0
DA:184,0
DA:185,0
DA:189,0
DA:202,0
DA:207,0
DA:208,0
DA:211,0
DA:213,0
DA:233,0
DA:280,0
DA:294,0
DA:391,0
DA:407,0
DA:414,0
DA:442,0
DA:459,0
DA:479,0
DA:523,0
LF:50
LH:0
BRDA:242,0,0,0
BRDA:242,0,1,0
BRDA:245,1,0,0
BRDA:245,1,1,0
BRDA:246,2,0,0
BRDA:253,3,0,0
BRDA:257,4,0,0
BRDA:257,4,1,0
BRDA:260,5,0,0
BRDA:264,6,0,0
BRDA:264,6,1,0
BRDA:267,7,0,0
BRDA:275,8,0,0
BRDA:289,9,0,0
BRDA:289,9,1,0
BRDA:317,10,0,0
BRDA:369,11,0,0
BRDA:369,11,1,0
BRDA:386,12,0,0
BRDA:423,13,0,0
BRDA:431,14,0,0
BRDA:454,15,0,0
BRDA:505,16,0,0
BRDA:512,17,0,0
BRF:24
BRH:0
end_of_record
TN:
SF:components\figures-overview.tsx
FN:236,(anonymous_1)
FN:248,(anonymous_2)
FN:271,FiguresOverview
FN:275,(anonymous_4)
FN:277,(anonymous_5)
FN:277,(anonymous_6)
FN:280,(anonymous_7)
FN:280,(anonymous_8)
FN:294,(anonymous_9)
FN:297,(anonymous_10)
FN:305,(anonymous_11)
FN:316,(anonymous_12)
FN:351,(anonymous_13)
FN:379,(anonymous_14)
FN:392,(anonymous_15)
FN:409,(anonymous_16)
FN:411,(anonymous_17)
FN:414,(anonymous_18)
FN:417,(anonymous_19)
FN:420,(anonymous_20)
FN:433,FigureValidationView
FN:438,(anonymous_22)
FN:443,(anonymous_23)
FN:460,(anonymous_24)
FN:478,(anonymous_25)
FN:490,(anonymous_26)
FN:518,(anonymous_27)
FN:535,(anonymous_28)
FN:544,(anonymous_29)
FN:557,(anonymous_30)
FN:582,(anonymous_31)
FNF:31
FNH:0
FNDA:0,(anonymous_1)
FNDA:0,(anonymous_2)
FNDA:0,FiguresOverview
FNDA:0,(anonymous_4)
FNDA:0,(anonymous_5)
FNDA:0,(anonymous_6)
FNDA:0,(anonymous_7)
FNDA:0,(anonymous_8)
FNDA:0,(anonymous_9)
FNDA:0,(anonymous_10)
FNDA:0,(anonymous_11)
FNDA:0,(anonymous_12)
FNDA:0,(anonymous_13)
FNDA:0,(anonymous_14)
FNDA:0,(anonymous_15)
FNDA:0,(anonymous_16)
FNDA:0,(anonymous_17)
FNDA:0,(anonymous_18)
FNDA:0,(anonymous_19)
FNDA:0,(anonymous_20)
FNDA:0,FigureValidationView
FNDA:0,(anonymous_22)
FNDA:0,(anonymous_23)
FNDA:0,(anonymous_24)
FNDA:0,(anonymous_25)
FNDA:0,(anonymous_26)
FNDA:0,(anonymous_27)
FNDA:0,(anonymous_28)
FNDA:0,(anonymous_29)
FNDA:0,(anonymous_30)
FNDA:0,(anonymous_31)
DA:3,0
DA:4,0
DA:5,0
DA:6,0
DA:7,0
DA:8,0
DA:9,0
DA:25,0
DA:33,0
DA:236,0
DA:237,0
DA:239,0
DA:241,0
DA:248,0
DA:249,0
DA:271,0
DA:272,0
DA:273,0
DA:275,0
DA:276,0
DA:277,0
DA:280,0
DA:294,0
DA:297,0
DA:306,0
DA:316,0
DA:352,0
DA:380,0
DA:393,0
DA:409,0
DA:411,0
DA:414,0
DA:417,0
DA:420,0
DA:434,0
DA:435,0
DA:436,0
DA:438,0
DA:439,0
DA:440,0
DA:443,0
DA:445,0
DA:446,0
DA:461,0
DA:478,0
DA:491,0
DA:518,0
DA:535,0
DA:544,0
DA:558,0
DA:583,0
LF:51
LH:0
BRDA:237,0,0,0
BRDA:237,0,1,0
BRDA:239,1,0,0
BRDA:239,1,1,0
BRDA:241,2,0,0
BRDA:241,2,1,0
BRDA:290,3,0,0
BRDA:290,3,1,0
BRDA:294,4,0,0
BRDA:294,4,1,0
BRDA:297,5,0,0
BRDA:297,5,1,0
BRDA:304,6,0,0
BRDA:304,6,1,0
BRDA:312,7,0,0
BRDA:345,8,0,0
BRDA:345,8,1,0
BRDA:355,9,0,0
BRDA:355,9,1,0
BRDA:357,10,0,0
BRDA:357,10,1,0
BRDA:359,11,0,0
BRDA:359,11,1,0
BRDA:376,12,0,0
BRDA:376,12,1,0
BRDA:411,13,0,0
BRDA:417,14,0,0
BRDA:455,15,0,0
BRDA:455,15,1,0
BRDA:464,16,0,0
BRDA:464,16,1,0
BRDA:466,17,0,0
BRDA:466,17,1,0
BRDA:468,18,0,0
BRDA:468,18,1,0
BRDA:478,19,0,0
BRDA:478,19,1,0
BRDA:493,20,0,0
BRDA:493,20,1,0
BRDA:494,21,0,0
BRDA:494,21,1,0
BRDA:494,22,0,0
BRDA:494,22,1,0
BRDA:502,23,0,0
BRDA:502,23,1,0
BRDA:532,24,0,0
BRDA:554,25,0,0
BRF:47
BRH:0
end_of_record
TN:
SF:components\file-management.tsx
FN:153,(anonymous_1)
FN:170,(anonymous_2)
FN:215,(anonymous_3)
FN:223,FileManagement
FN:235,(anonymous_5)
FN:266,(anonymous_6)
FN:288,(anonymous_7)
FN:297,(anonymous_8)
FN:302,(anonymous_9)
FN:306,(anonymous_10)
FN:309,(anonymous_11)
FN:310,(anonymous_12)
FN:332,(anonymous_13)
FN:342,(anonymous_14)
FN:343,(anonymous_15)
FN:344,(anonymous_16)
FN:356,(anonymous_17)
FN:357,(anonymous_18)
FN:357,(anonymous_19)
FN:361,(anonymous_20)
FN:362,(anonymous_21)
FN:363,(anonymous_22)
FN:384,(anonymous_23)
FN:415,(anonymous_24)
FN:477,(anonymous_25)
FN:487,(anonymous_26)
FN:497,(anonymous_27)
FN:507,(anonymous_28)
FN:517,(anonymous_29)
FN:558,(anonymous_30)
FN:594,(anonymous_31)
FN:612,(anonymous_32)
FNF:32
FNH:0
FNDA:0,(anonymous_1)
FNDA:0,(anonymous_2)
FNDA:0,(anonymous_3)
FNDA:0,FileManagement
FNDA:0,(anonymous_5)
FNDA:0,(anonymous_6)
FNDA:0,(anonymous_7)
FNDA:0,(anonymous_8)
FNDA:0,(anonymous_9)
FNDA:0,(anonymous_10)
FNDA:0,(anonymous_11)
FNDA:0,(anonymous_12)
FNDA:0,(anonymous_13)
FNDA:0,(anonymous_14)
FNDA:0,(anonymous_15)
FNDA:0,(anonymous_16)
FNDA:0,(anonymous_17)
FNDA:0,(anonymous_18)
FNDA:0,(anonymous_19)
FNDA:0,(anonymous_20)
FNDA:0,(anonymous_21)
FNDA:0,(anonymous_22)
FNDA:0,(anonymous_23)
FNDA:0,(anonymous_24)
FNDA:0,(anonymous_25)
FNDA:0,(anonymous_26)
FNDA:0,(anonymous_27)
FNDA:0,(anonymous_28)
FNDA:0,(anonymous_29)
FNDA:0,(anonymous_30)
FNDA:0,(anonymous_31)
FNDA:0,(anonymous_32)
DA:5,0
DA:6,0
DA:7,0
DA:8,0
DA:9,0
DA:10,0
DA:11,0
DA:12,0
DA:13,0
DA:32,0
DA:39,0
DA:153,0
DA:154,0
DA:170,0
DA:171,0
DA:178,0
DA:185,0
DA:192,0
DA:199,0
DA:215,0
DA:216,0
DA:217,0
DA:218,0
DA:219,0
DA:220,0
DA:223,0
DA:224,0
DA:225,0
DA:226,0
DA:227,0
DA:228,0
DA:229,0
DA:230,0
DA:231,0
DA:232,0
DA:233,0
DA:235,0
DA:237,0
DA:238,0
DA:239,0
DA:244,0
DA:249,0
DA:252,0
DA:255,0
DA:256,0
DA:257,0
DA:258,0
DA:259,0
DA:262,0
DA:266,0
DA:267,0
DA:268,0
DA:270,0
DA:271,0
DA:272,0
DA:273,0
DA:274,0
DA:275,0
DA:278,0
DA:279,0
DA:280,0
DA:283,0
DA:284,0
DA:285,0
DA:288,0
DA:289,0
DA:290,0
DA:292,0
DA:293,0
DA:297,0
DA:302,0
DA:303,0
DA:304,0
DA:306,0
DA:308,0
DA:309,0
DA:310,0
DA:311,0
DA:312,0
DA:313,0
DA:315,0
DA:332,0
DA:333,0
DA:334,0
DA:336,0
DA:342,0
DA:343,0
DA:344,0
DA:345,0
DA:356,0
DA:357,0
DA:360,0
DA:361,0
DA:362,0
DA:363,0
DA:384,0
DA:415,0
DA:477,0
DA:487,0
DA:497,0
DA:507,0
DA:518,0
DA:559,0
DA:594,0
DA:612,0
LF:105
LH:0
BRDA:171,0,0,0
BRDA:171,0,1,0
BRDA:178,1,0,0
BRDA:178,1,1,0
BRDA:185,2,0,0
BRDA:185,2,1,0
BRDA:192,3,0,0
BRDA:192,3,1,0
BRDA:199,4,0,0
BRDA:199,4,1,0
BRDA:216,5,0,0
BRDA:216,5,1,0
BRDA:237,6,0,0
BRDA:237,6,1,0
BRDA:239,7,0,0
BRDA:239,7,1,0
BRDA:240,8,0,0
BRDA:240,8,1,0
BRDA:240,8,2,0
BRDA:249,9,0,0
BRDA:249,9,1,0
BRDA:249,10,0,0
BRDA:249,10,1,0
BRDA:252,11,0,0
BRDA:252,11,1,0
BRDA:252,12,0,0
BRDA:252,12,1,0
BRDA:255,13,0,0
BRDA:255,13,1,0
BRDA:256,14,0,0
BRDA:256,14,1,0
BRDA:256,15,0,0
BRDA:256,15,1,0
BRDA:257,16,0,0
BRDA:257,16,1,0
BRDA:257,17,0,0
BRDA:257,17,1,0
BRDA:258,18,0,0
BRDA:258,18,1,0
BRDA:258,19,0,0
BRDA:258,19,1,0
BRDA:259,20,0,0
BRDA:259,20,1,0
BRDA:259,21,0,0
BRDA:259,21,1,0
BRDA:270,22,0,0
BRDA:270,22,1,0
BRDA:273,23,0,0
BRDA:273,23,1,0
BRDA:278,24,0,0
BRDA:278,24,1,0
BRDA:283,25,0,0
BRDA:283,25,1,0
BRDA:283,26,0,0
BRDA:283,26,1,0
BRDA:284,27,0,0
BRDA:284,27,1,0
BRDA:284,28,0,0
BRDA:284,28,1,0
BRDA:289,29,0,0
BRDA:289,29,1,0
BRDA:290,30,0,0
BRDA:290,30,1,0
BRDA:299,31,0,0
BRDA:304,32,0,0
BRDA:304,32,1,0
BRDA:311,33,0,0
BRDA:311,33,1,0
BRDA:312,34,0,0
BRDA:312,34,1,0
BRDA:321,35,0,0
BRDA:321,35,1,0
BRDA:345,36,0,0
BRDA:345,36,1,0
BRDA:392,37,0,0
BRDA:521,38,0,0
BRDA:521,38,1,0
BRDA:523,39,0,0
BRDA:523,39,1,0
BRDA:543,40,0,0
BRDA:543,40,1,0
BRDA:553,41,0,0
BRDA:553,41,1,0
BRDA:561,42,0,0
BRDA:561,42,1,0
BRDA:570,43,0,0
BRDA:624,44,0,0
BRF:87
BRH:0
end_of_record
TN:
SF:components\linked-information-editor.tsx
FN:45,LinkedInformationEditor
FN:79,(anonymous_2)
FN:103,(anonymous_3)
FN:104,(anonymous_4)
FN:108,(anonymous_5)
FN:151,(anonymous_6)
FN:152,(anonymous_7)
FN:155,(anonymous_8)
FN:156,(anonymous_9)
FN:168,(anonymous_10)
FN:179,(anonymous_11)
FN:185,(anonymous_12)
FN:194,(anonymous_13)
FN:221,(anonymous_14)
FN:235,(anonymous_15)
FN:256,(anonymous_16)
FN:270,(anonymous_17)
FN:279,(anonymous_18)
FN:289,(anonymous_19)
FN:295,(anonymous_20)
FN:309,(anonymous_21)
FN:326,(anonymous_22)
FNF:22
FNH:0
FNDA:0,LinkedInformationEditor
FNDA:0,(anonymous_2)
FNDA:0,(anonymous_3)
FNDA:0,(anonymous_4)
FNDA:0,(anonymous_5)
FNDA:0,(anonymous_6)
FNDA:0,(anonymous_7)
FNDA:0,(anonymous_8)
FNDA:0,(anonymous_9)
FNDA:0,(anonymous_10)
FNDA:0,(anonymous_11)
FNDA:0,(anonymous_12)
FNDA:0,(anonymous_13)
FNDA:0,(anonymous_14)
FNDA:0,(anonymous_15)
FNDA:0,(anonymous_16)
FNDA:0,(anonymous_17)
FNDA:0,(anonymous_18)
FNDA:0,(anonymous_19)
FNDA:0,(anonymous_20)
FNDA:0,(anonymous_21)
FNDA:0,(anonymous_22)
DA:3,0
DA:4,0
DA:5,0
DA:6,0
DA:7,0
DA:8,0
DA:9,0
DA:10,0
DA:11,0
DA:33,0
DA:45,0
DA:46,0
DA:70,0
DA:79,0
DA:80,0
DA:82,0
DA:84,0
DA:85,0
DA:89,0
DA:90,0
DA:94,0
DA:95,0
DA:99,0
DA:103,0
DA:104,0
DA:105,0
DA:108,0
DA:109,0
DA:110,0
DA:111,0
DA:113,0
DA:126,0
DA:127,0
DA:128,0
DA:138,0
DA:141,0
DA:151,0
DA:152,0
DA:155,0
DA:156,0
DA:157,0
DA:159,0
DA:160,0
DA:162,0
DA:163,0
DA:164,0
DA:165,0
DA:168,0
DA:180,0
DA:185,0
DA:194,0
DA:221,0
DA:235,0
DA:256,0
DA:270,0
DA:279,0
DA:289,0
DA:296,0
DA:309,0
DA:326,0
LF:60
LH:0
BRDA:80,0,0,0
BRDA:80,0,1,0
BRDA:82,1,0,0
BRDA:82,1,1,0
BRDA:82,1,2,0
BRDA:82,1,3,0
BRDA:85,2,0,0
BRDA:85,2,1,0
BRDA:90,3,0,0
BRDA:90,3,1,0
BRDA:95,4,0,0
BRDA:95,4,1,0
BRDA:105,5,0,0
BRDA:105,5,1,0
BRDA:109,6,0,0
BRDA:109,6,1,0
BRDA:109,7,0,0
BRDA:109,7,1,0
BRDA:109,7,2,0
BRDA:119,8,0,0
BRDA:119,8,1,0
BRDA:120,9,0,0
BRDA:120,9,1,0
BRDA:121,10,0,0
BRDA:121,10,1,0
BRDA:127,11,0,0
BRDA:127,11,1,0
BRDA:127,12,0,0
BRDA:127,12,1,0
BRDA:132,13,0,0
BRDA:132,13,1,0
BRDA:133,14,0,0
BRDA:133,14,1,0
BRDA:134,15,0,0
BRDA:134,15,1,0
BRDA:157,16,0,0
BRDA:157,16,1,0
BRDA:159,17,0,0
BRDA:159,17,1,0
BRDA:160,18,0,0
BRDA:160,18,1,0
BRDA:160,19,0,0
BRDA:160,19,1,0
BRDA:168,20,0,0
BRDA:168,20,1,0
BRDA:168,20,2,0
BRDA:178,21,0,0
BRDA:204,22,0,0
BRDA:204,22,1,0
BRDA:205,23,0,0
BRDA:205,23,1,0
BRDA:208,24,0,0
BRDA:216,25,0,0
BRDA:216,25,1,0
BRDA:227,26,0,0
BRDA:227,26,1,0
BRDA:269,27,0,0
BRDA:269,27,1,0
BRDA:278,28,0,0
BRDA:278,28,1,0
BRDA:308,29,0,0
BRDA:308,29,1,0
BRDA:311,30,0,0
BRDA:311,30,1,0
BRDA:325,31,0,0
BRDA:325,31,1,0
BRDA:336,32,0,0
BRDA:336,32,1,0
BRDA:336,32,2,0
BRDA:336,32,3,0
BRDA:336,32,4,0
BRF:71
BRH:0
end_of_record
TN:
SF:components\manuscript-dashboard.tsx
FN:434,(anonymous_3)
FN:441,computeAIChecksSummary
FN:445,(anonymous_5)
FN:449,(anonymous_6)
FN:454,(anonymous_7)
FN:477,(anonymous_8)
FN:478,(anonymous_9)
FN:479,(anonymous_10)
FN:480,(anonymous_11)
FN:492,ManuscriptDashboard
FN:532,(anonymous_13)
FN:533,(anonymous_14)
FN:539,(anonymous_15)
FN:543,(anonymous_16)
FN:554,(anonymous_17)
FN:557,(anonymous_18)
FN:558,(anonymous_19)
FN:575,(anonymous_20)
FN:579,(anonymous_21)
FN:585,(anonymous_22)
FN:586,(anonymous_23)
FN:601,(anonymous_24)
FN:603,(anonymous_25)
FN:610,(anonymous_26)
FN:613,(anonymous_27)
FN:614,(anonymous_28)
FN:628,(anonymous_29)
FN:631,(anonymous_30)
FN:636,(anonymous_31)
FN:637,(anonymous_32)
FN:651,(anonymous_33)
FN:652,(anonymous_34)
FN:662,(anonymous_35)
FN:672,(anonymous_36)
FN:673,(anonymous_37)
FN:689,(anonymous_38)
FN:694,(anonymous_39)
FN:695,(anonymous_40)
FN:708,(anonymous_41)
FN:719,(anonymous_42)
FN:727,(anonymous_43)
FN:728,(anonymous_44)
FN:744,(anonymous_45)
FN:749,(anonymous_46)
FN:750,(anonymous_47)
FN:763,(anonymous_48)
FN:774,(anonymous_49)
FN:780,(anonymous_50)
FN:784,(anonymous_51)
FN:789,(anonymous_52)
FN:792,(anonymous_53)
FN:793,(anonymous_54)
FN:799,(anonymous_55)
FN:801,(anonymous_56)
FN:804,(anonymous_57)
FN:809,(anonymous_58)
FN:821,(anonymous_59)
FN:833,(anonymous_60)
FN:842,(anonymous_61)
FN:846,(anonymous_62)
FN:862,(anonymous_63)
FN:865,(anonymous_64)
FN:915,(anonymous_65)
FN:920,(anonymous_66)
FN:927,(anonymous_67)
FN:933,(anonymous_68)
FN:936,(anonymous_69)
FN:940,(anonymous_70)
FN:943,(anonymous_71)
FN:948,(anonymous_72)
FN:949,(anonymous_73)
FN:959,(anonymous_74)
FN:963,(anonymous_75)
FN:975,(anonymous_76)
FN:1020,(anonymous_77)
FN:1028,(anonymous_78)
FN:1047,(anonymous_79)
FN:1062,(anonymous_80)
FN:1073,(anonymous_81)
FN:1082,(anonymous_82)
FN:1169,(anonymous_83)
FN:1205,(anonymous_84)
FN:1213,(anonymous_85)
FN:1245,(anonymous_86)
FN:1286,(anonymous_87)
FN:1287,(anonymous_88)
FN:1299,(anonymous_89)
FN:1314,(anonymous_90)
FN:1316,(anonymous_91)
FN:1321,(anonymous_92)
FN:1328,(anonymous_93)
FN:1336,(anonymous_94)
FN:1358,(anonymous_95)
FN:1361,(anonymous_96)
FN:1362,(anonymous_97)
FN:1363,(anonymous_98)
FN:1364,(anonymous_99)
FN:1365,(anonymous_100)
FN:1377,(anonymous_101)
FN:1390,(anonymous_102)
FN:1394,(anonymous_103)
FN:1405,(anonymous_104)
FN:1414,(anonymous_105)
FN:1418,(anonymous_106)
FN:1430,(anonymous_107)
FN:1436,(anonymous_108)
FN:1440,(anonymous_109)
FN:1452,(anonymous_110)
FN:1458,(anonymous_111)
FN:1469,(anonymous_112)
FN:1474,(anonymous_113)
FN:1475,(anonymous_114)
FN:1476,(anonymous_115)
FN:1486,(anonymous_116)
FN:1491,(anonymous_117)
FN:1503,(anonymous_118)
FN:1519,(anonymous_119)
FN:1534,(anonymous_120)
FN:1537,(anonymous_121)
FN:1542,(anonymous_122)
FN:1593,(anonymous_124)
FN:1690,(anonymous_125)
FN:1736,(anonymous_126)
FN:1752,(anonymous_127)
FN:1752,(anonymous_128)
FN:1754,(anonymous_129)
FN:1833,(anonymous_130)
FN:1845,(anonymous_131)
FN:1849,(anonymous_132)
FN:1851,(anonymous_133)
FN:1852,(anonymous_134)
FN:1984,(anonymous_135)
FN:1988,(anonymous_136)
FN:1996,(anonymous_137)
FN:2000,(anonymous_138)
FN:2009,(anonymous_139)
FN:2013,(anonymous_140)
FN:2045,(anonymous_141)
FN:2050,(anonymous_142)
FN:2073,(anonymous_143)
FN:2092,(anonymous_144)
FN:2103,(anonymous_145)
FN:2114,(anonymous_146)
FN:2125,(anonymous_147)
FN:2139,(anonymous_148)
FN:2148,(anonymous_149)
FN:2204,(anonymous_150)
FN:2221,(anonymous_151)
FN:2236,(anonymous_152)
FN:2253,(anonymous_153)
FN:2266,(anonymous_154)
FN:2280,(anonymous_155)
FN:2292,(anonymous_156)
FN:2304,(anonymous_157)
FN:2321,(anonymous_158)
FN:2347,(anonymous_159)
FN:2359,(anonymous_160)
FN:2375,(anonymous_161)
FN:2392,(anonymous_162)
FN:2407,(anonymous_163)
FN:2413,(anonymous_164)
FN:2490,(anonymous_165)
FN:2502,(anonymous_166)
FN:2545,(anonymous_167)
FN:2563,(anonymous_168)
FN:2565,(anonymous_169)
FN:2580,(anonymous_170)
FN:2626,(anonymous_171)
FNF:168
FNH:0
FNDA:0,(anonymous_3)
FNDA:0,computeAIChecksSummary
FNDA:0,(anonymous_5)
FNDA:0,(anonymous_6)
FNDA:0,(anonymous_7)
FNDA:0,(anonymous_8)
FNDA:0,(anonymous_9)
FNDA:0,(anonymous_10)
FNDA:0,(anonymous_11)
FNDA:0,ManuscriptDashboard
FNDA:0,(anonymous_13)
FNDA:0,(anonymous_14)
FNDA:0,(anonymous_15)
FNDA:0,(anonymous_16)
FNDA:0,(anonymous_17)
FNDA:0,(anonymous_18)
FNDA:0,(anonymous_19)
FNDA:0,(anonymous_20)
FNDA:0,(anonymous_21)
FNDA:0,(anonymous_22)
FNDA:0,(anonymous_23)
FNDA:0,(anonymous_24)
FNDA:0,(anonymous_25)
FNDA:0,(anonymous_26)
FNDA:0,(anonymous_27)
FNDA:0,(anonymous_28)
FNDA:0,(anonymous_29)
FNDA:0,(anonymous_30)
FNDA:0,(anonymous_31)
FNDA:0,(anonymous_32)
FNDA:0,(anonymous_33)
FNDA:0,(anonymous_34)
FNDA:0,(anonymous_35)
FNDA:0,(anonymous_36)
FNDA:0,(anonymous_37)
FNDA:0,(anonymous_38)
FNDA:0,(anonymous_39)
FNDA:0,(anonymous_40)
FNDA:0,(anonymous_41)
FNDA:0,(anonymous_42)
FNDA:0,(anonymous_43)
FNDA:0,(anonymous_44)
FNDA:0,(anonymous_45)
FNDA:0,(anonymous_46)
FNDA:0,(anonymous_47)
FNDA:0,(anonymous_48)
FNDA:0,(anonymous_49)
FNDA:0,(anonymous_50)
FNDA:0,(anonymous_51)
FNDA:0,(anonymous_52)
FNDA:0,(anonymous_53)
FNDA:0,(anonymous_54)
FNDA:0,(anonymous_55)
FNDA:0,(anonymous_56)
FNDA:0,(anonymous_57)
FNDA:0,(anonymous_58)
FNDA:0,(anonymous_59)
FNDA:0,(anonymous_60)
FNDA:0,(anonymous_61)
FNDA:0,(anonymous_62)
FNDA:0,(anonymous_63)
FNDA:0,(anonymous_64)
FNDA:0,(anonymous_65)
FNDA:0,(anonymous_66)
FNDA:0,(anonymous_67)
FNDA:0,(anonymous_68)
FNDA:0,(anonymous_69)
FNDA:0,(anonymous_70)
FNDA:0,(anonymous_71)
FNDA:0,(anonymous_72)
FNDA:0,(anonymous_73)
FNDA:0,(anonymous_74)
FNDA:0,(anonymous_75)
FNDA:0,(anonymous_76)
FNDA:0,(anonymous_77)
FNDA:0,(anonymous_78)
FNDA:0,(anonymous_79)
FNDA:0,(anonymous_80)
FNDA:0,(anonymous_81)
FNDA:0,(anonymous_82)
FNDA:0,(anonymous_83)
FNDA:0,(anonymous_84)
FNDA:0,(anonymous_85)
FNDA:0,(anonymous_86)
FNDA:0,(anonymous_87)
FNDA:0,(anonymous_88)
FNDA:0,(anonymous_89)
FNDA:0,(anonymous_90)
FNDA:0,(anonymous_91)
FNDA:0,(anonymous_92)
FNDA:0,(anonymous_93)
FNDA:0,(anonymous_94)
FNDA:0,(anonymous_95)
FNDA:0,(anonymous_96)
FNDA:0,(anonymous_97)
FNDA:0,(anonymous_98)
FNDA:0,(anonymous_99)
FNDA:0,(anonymous_100)
FNDA:0,(anonymous_101)
FNDA:0,(anonymous_102)
FNDA:0,(anonymous_103)
FNDA:0,(anonymous_104)
FNDA:0,(anonymous_105)
FNDA:0,(anonymous_106)
FNDA:0,(anonymous_107)
FNDA:0,(anonymous_108)
FNDA:0,(anonymous_109)
FNDA:0,(anonymous_110)
FNDA:0,(anonymous_111)
FNDA:0,(anonymous_112)
FNDA:0,(anonymous_113)
FNDA:0,(anonymous_114)
FNDA:0,(anonymous_115)
FNDA:0,(anonymous_116)
FNDA:0,(anonymous_117)
FNDA:0,(anonymous_118)
FNDA:0,(anonymous_119)
FNDA:0,(anonymous_120)
FNDA:0,(anonymous_121)
FNDA:0,(anonymous_122)
FNDA:0,(anonymous_124)
FNDA:0,(anonymous_125)
FNDA:0,(anonymous_126)
FNDA:0,(anonymous_127)
FNDA:0,(anonymous_128)
FNDA:0,(anonymous_129)
FNDA:0,(anonymous_130)
FNDA:0,(anonymous_131)
FNDA:0,(anonymous_132)
FNDA:0,(anonymous_133)
FNDA:0,(anonymous_134)
FNDA:0,(anonymous_135)
FNDA:0,(anonymous_136)
FNDA:0,(anonymous_137)
FNDA:0,(anonymous_138)
FNDA:0,(anonymous_139)
FNDA:0,(anonymous_140)
FNDA:0,(anonymous_141)
FNDA:0,(anonymous_142)
FNDA:0,(anonymous_143)
FNDA:0,(anonymous_144)
FNDA:0,(anonymous_145)
FNDA:0,(anonymous_146)
FNDA:0,(anonymous_147)
FNDA:0,(anonymous_148)
FNDA:0,(anonymous_149)
FNDA:0,(anonymous_150)
FNDA:0,(anonymous_151)
FNDA:0,(anonymous_152)
FNDA:0,(anonymous_153)
FNDA:0,(anonymous_154)
FNDA:0,(anonymous_155)
FNDA:0,(anonymous_156)
FNDA:0,(anonymous_157)
FNDA:0,(anonymous_158)
FNDA:0,(anonymous_159)
FNDA:0,(anonymous_160)
FNDA:0,(anonymous_161)
FNDA:0,(anonymous_162)
FNDA:0,(anonymous_163)
FNDA:0,(anonymous_164)
FNDA:0,(anonymous_165)
FNDA:0,(anonymous_166)
FNDA:0,(anonymous_167)
FNDA:0,(anonymous_168)
FNDA:0,(anonymous_169)
FNDA:0,(anonymous_170)
FNDA:0,(anonymous_171)
DA:5,0
DA:6,0
DA:7,0
DA:8,0
DA:9,0
DA:10,0
DA:11,0
DA:12,0
DA:13,0
DA:14,0
DA:15,0
DA:16,0
DA:17,0
DA:19,0
DA:20,0
DA:21,0
DA:22,0
DA:23,0
DA:24,0
DA:27,0
DA:434,0
DA:436,0
DA:437,0
DA:443,0
DA:445,0
DA:449,0
DA:452,0
DA:454,0
DA:455,0
DA:457,0
DA:458,0
DA:459,0
DA:460,0
DA:462,0
DA:463,0
DA:464,0
DA:465,0
DA:467,0
DA:477,0
DA:478,0
DA:479,0
DA:480,0
DA:481,0
DA:483,0
DA:492,0
DA:493,0
DA:494,0
DA:495,0
DA:496,0
DA:497,0
DA:498,0
DA:499,0
DA:500,0
DA:501,0
DA:502,0
DA:503,0
DA:504,0
DA:505,0
DA:506,0
DA:507,0
DA:508,0
DA:509,0
DA:510,0
DA:511,0
DA:512,0
DA:513,0
DA:514,0
DA:515,0
DA:516,0
DA:518,0
DA:532,0
DA:533,0
DA:539,0
DA:540,0
DA:543,0
DA:544,0
DA:547,0
DA:548,0
DA:551,0
DA:554,0
DA:555,0
DA:557,0
DA:558,0
DA:559,0
DA:560,0
DA:561,0
DA:562,0
DA:569,0
DA:575,0
DA:576,0
DA:579,0
DA:580,0
DA:581,0
DA:585,0
DA:586,0
DA:587,0
DA:588,0
DA:589,0
DA:590,0
DA:596,0
DA:601,0
DA:602,0
DA:603,0
DA:604,0
DA:605,0
DA:610,0
DA:611,0
DA:613,0
DA:614,0
DA:615,0
DA:616,0
DA:617,0
DA:623,0
DA:628,0
DA:631,0
DA:632,0
DA:636,0
DA:637,0
DA:638,0
DA:639,0
DA:640,0
DA:646,0
DA:651,0
DA:652,0
DA:653,0
DA:658,0
DA:662,0
DA:663,0
DA:664,0
DA:665,0
DA:668,0
DA:670,0
DA:672,0
DA:673,0
DA:674,0
DA:675,0
DA:681,0
DA:689,0
DA:690,0
DA:694,0
DA:695,0
DA:696,0
DA:697,0
DA:703,0
DA:708,0
DA:709,0
DA:714,0
DA:715,0
DA:719,0
DA:720,0
DA:721,0
DA:722,0
DA:725,0
DA:727,0
DA:728,0
DA:729,0
DA:730,0
DA:736,0
DA:744,0
DA:745,0
DA:749,0
DA:750,0
DA:751,0
DA:752,0
DA:758,0
DA:763,0
DA:764,0
DA:769,0
DA:770,0
DA:774,0
DA:775,0
DA:776,0
DA:777,0
DA:780,0
DA:783,0
DA:784,0
DA:788,0
DA:789,0
DA:792,0
DA:793,0
DA:796,0
DA:797,0
DA:799,0
DA:801,0
DA:804,0
DA:805,0
DA:806,0
DA:808,0
DA:809,0
DA:820,0
DA:821,0
DA:832,0
DA:833,0
DA:842,0
DA:843,0
DA:845,0
DA:846,0
DA:855,0
DA:858,0
DA:862,0
DA:863,0
DA:864,0
DA:865,0
DA:868,0
DA:870,0
DA:874,0
DA:883,0
DA:884,0
DA:888,0
DA:889,0
DA:894,0
DA:895,0
DA:898,0
DA:899,0
DA:900,0
DA:901,0
DA:902,0
DA:905,0
DA:906,0
DA:910,0
DA:913,0
DA:914,0
DA:915,0
DA:920,0
DA:926,0
DA:927,0
DA:928,0
DA:933,0
DA:936,0
DA:937,0
DA:938,0
DA:939,0
DA:940,0
DA:943,0
DA:944,0
DA:945,0
DA:946,0
DA:948,0
DA:949,0
DA:950,0
DA:951,0
DA:952,0
DA:959,0
DA:960,0
DA:963,0
DA:964,0
DA:966,0
DA:967,0
DA:972,0
DA:975,0
DA:977,0
DA:978,0
DA:981,0
DA:982,0
DA:984,0
DA:985,0
DA:987,0
DA:991,0
DA:992,0
DA:996,0
DA:997,0
DA:998,0
DA:1002,0
DA:1003,0
DA:1004,0
DA:1008,0
DA:1009,0
DA:1010,0
DA:1020,0
DA:1021,0
DA:1025,0
DA:1028,0
DA:1029,0
DA:1030,0
DA:1032,0
DA:1033,0
DA:1034,0
DA:1037,0
DA:1038,0
DA:1039,0
DA:1042,0
DA:1043,0
DA:1044,0
DA:1047,0
DA:1048,0
DA:1049,0
DA:1051,0
DA:1052,0
DA:1054,0
DA:1055,0
DA:1057,0
DA:1061,0
DA:1062,0
DA:1070,0
DA:1073,0
DA:1074,0
DA:1075,0
DA:1077,0
DA:1078,0
DA:1082,0
DA:1083,0
DA:1084,0
DA:1085,0
DA:1086,0
DA:1087,0
DA:1088,0
DA:1090,0
DA:1091,0
DA:1092,0
DA:1095,0
DA:1096,0
DA:1097,0
DA:1101,0
DA:1102,0
DA:1103,0
DA:1104,0
DA:1105,0
DA:1106,0
DA:1107,0
DA:1108,0
DA:1109,0
DA:1110,0
DA:1111,0
DA:1113,0
DA:1115,0
DA:1116,0
DA:1117,0
DA:1118,0
DA:1119,0
DA:1120,0
DA:1121,0
DA:1122,0
DA:1125,0
DA:1126,0
DA:1127,0
DA:1128,0
DA:1129,0
DA:1130,0
DA:1131,0
DA:1132,0
DA:1133,0
DA:1134,0
DA:1135,0
DA:1136,0
DA:1137,0
DA:1138,0
DA:1139,0
DA:1140,0
DA:1143,0
DA:1144,0
DA:1145,0
DA:1146,0
DA:1150,0
DA:1151,0
DA:1152,0
DA:1169,0
DA:1170,0
DA:1185,0
DA:1194,0
DA:1201,0
DA:1205,0
DA:1210,0
DA:1213,0
DA:1214,0
DA:1216,0
DA:1217,0
DA:1218,0
DA:1219,0
DA:1222,0
DA:1224,0
DA:1225,0
DA:1227,0
DA:1228,0
DA:1230,0
DA:1238,0
DA:1239,0
DA:1242,0
DA:1245,0
DA:1246,0
DA:1247,0
DA:1274,0
DA:1276,0
DA:1278,0
DA:1280,0
DA:1281,0
DA:1287,0
DA:1288,0
DA:1289,0
DA:1291,0
DA:1295,0
DA:1299,0
DA:1300,0
DA:1304,0
DA:1306,0
DA:1307,0
DA:1310,0
DA:1314,0
DA:1315,0
DA:1316,0
DA:1317,0
DA:1320,0
DA:1321,0
DA:1322,0
DA:1325,0
DA:1328,0
DA:1329,0
DA:1330,0
DA:1336,0
DA:1337,0
DA:1338,0
DA:1339,0
DA:1340,0
DA:1341,0
DA:1342,0
DA:1343,0
DA:1344,0
DA:1345,0
DA:1346,0
DA:1347,0
DA:1348,0
DA:1349,0
DA:1350,0
DA:1351,0
DA:1355,0
DA:1358,0
DA:1359,0
DA:1360,0
DA:1361,0
DA:1362,0
DA:1363,0
DA:1364,0
DA:1365,0
DA:1367,0
DA:1377,0
DA:1378,0
DA:1379,0
DA:1389,0
DA:1391,0
DA:1392,0
DA:1396,0
DA:1397,0
DA:1398,0
DA:1402,0
DA:1405,0
DA:1406,0
DA:1407,0
DA:1413,0
DA:1415,0
DA:1416,0
DA:1419,0
DA:1420,0
DA:1421,0
DA:1423,0
DA:1427,0
DA:1430,0
DA:1431,0
DA:1432,0
DA:1435,0
DA:1437,0
DA:1438,0
DA:1441,0
DA:1442,0
DA:1445,0
DA:1448,0
DA:1449,0
DA:1450,0
DA:1452,0
DA:1453,0
DA:1455,0
DA:1456,0
DA:1458,0
DA:1459,0
DA:1469,0
DA:1470,0
DA:1471,0
DA:1474,0
DA:1475,0
DA:1476,0
DA:1477,0
DA:1482,0
DA:1483,0
DA:1486,0
DA:1487,0
DA:1488,0
DA:1491,0
DA:1492,0
DA:1494,0
DA:1495,0
DA:1497,0
DA:1500,0
DA:1503,0
DA:1504,0
DA:1508,0
DA:1511,0
DA:1513,0
DA:1515,0
DA:1519,0
DA:1520,0
DA:1521,0
DA:1522,0
DA:1523,0
DA:1524,0
DA:1529,0
DA:1530,0
DA:1531,0
DA:1534,0
DA:1535,0
DA:1536,0
DA:1537,0
DA:1538,0
DA:1539,0
DA:1542,0
DA:1583,0
DA:1584,0
DA:1593,0
DA:1690,0
DA:1737,0
DA:1752,0
DA:1753,0
DA:1754,0
DA:1756,0
DA:1758,0
DA:1835,0
DA:1836,0
DA:1837,0
DA:1838,0
DA:1842,0
DA:1843,0
DA:1844,0
DA:1845,0
DA:1849,0
DA:1851,0
DA:1852,0
DA:1853,0
DA:1854,0
DA:1855,0
DA:1984,0
DA:1988,0
DA:1996,0
DA:2000,0
DA:2009,0
DA:2013,0
DA:2046,0
DA:2050,0
DA:2073,0
DA:2092,0
DA:2103,0
DA:2114,0
DA:2125,0
DA:2140,0
DA:2149,0
DA:2150,0
DA:2152,0
DA:2153,0
DA:2154,0
DA:2157,0
DA:2158,0
DA:2159,0
DA:2160,0
DA:2163,0
DA:2164,0
DA:2167,0
DA:2168,0
DA:2172,0
DA:2173,0
DA:2177,0
DA:2180,0
DA:2181,0
DA:2185,0
DA:2186,0
DA:2189,0
DA:2194,0
DA:2205,0
DA:2206,0
DA:2207,0
DA:2222,0
DA:2223,0
DA:2224,0
DA:2225,0
DA:2226,0
DA:2237,0
DA:2238,0
DA:2239,0
DA:2240,0
DA:2241,0
DA:2254,0
DA:2255,0
DA:2256,0
DA:2257,0
DA:2267,0
DA:2268,0
DA:2269,0
DA:2270,0
DA:2281,0
DA:2282,0
DA:2283,0
DA:2284,0
DA:2293,0
DA:2294,0
DA:2295,0
DA:2296,0
DA:2305,0
DA:2306,0
DA:2307,0
DA:2308,0
DA:2322,0
DA:2323,0
DA:2324,0
DA:2325,0
DA:2326,0
DA:2348,0
DA:2349,0
DA:2350,0
DA:2360,0
DA:2361,0
DA:2362,0
DA:2376,0
DA:2377,0
DA:2378,0
DA:2393,0
DA:2394,0
DA:2395,0
DA:2398,0
DA:2399,0
DA:2402,0
DA:2408,0
DA:2414,0
DA:2415,0
DA:2416,0
DA:2417,0
DA:2418,0
DA:2490,0
DA:2502,0
DA:2545,0
DA:2563,0
DA:2566,0
DA:2567,0
DA:2568,0
DA:2569,0
DA:2580,0
DA:2627,0
DA:2704,0
LF:642
LH:0
BRDA:436,0,0,0
BRDA:436,0,1,0
BRDA:444,1,0,0
BRDA:444,1,1,0
BRDA:445,2,0,0
BRDA:445,2,1,0
BRDA:445,3,0,0
BRDA:445,3,1,0
BRDA:452,4,0,0
BRDA:452,4,1,0
BRDA:452,5,0,0
BRDA:452,5,1,0
BRDA:452,5,2,0
BRDA:455,6,0,0
BRDA:455,6,1,0
BRDA:547,7,0,0
BRDA:547,7,1,0
BRDA:547,8,0,0
BRDA:547,8,1,0
BRDA:555,9,0,0
BRDA:555,9,1,0
BRDA:559,10,0,0
BRDA:559,10,1,0
BRDA:560,11,0,0
BRDA:560,11,1,0
BRDA:576,12,0,0
BRDA:576,12,1,0
BRDA:580,13,0,0
BRDA:580,13,1,0
BRDA:587,14,0,0
BRDA:587,14,1,0
BRDA:588,15,0,0
BRDA:588,15,1,0
BRDA:602,16,0,0
BRDA:602,16,1,0
BRDA:604,17,0,0
BRDA:604,17,1,0
BRDA:611,18,0,0
BRDA:611,18,1,0
BRDA:615,19,0,0
BRDA:615,19,1,0
BRDA:638,20,0,0
BRDA:638,20,1,0
BRDA:663,21,0,0
BRDA:663,21,1,0
BRDA:668,22,0,0
BRDA:668,22,1,0
BRDA:668,22,2,0
BRDA:670,23,0,0
BRDA:670,23,1,0
BRDA:674,24,0,0
BRDA:674,24,1,0
BRDA:696,25,0,0
BRDA:696,25,1,0
BRDA:720,26,0,0
BRDA:720,26,1,0
BRDA:725,27,0,0
BRDA:725,27,1,0
BRDA:729,28,0,0
BRDA:729,28,1,0
BRDA:751,29,0,0
BRDA:751,29,1,0
BRDA:775,30,0,0
BRDA:775,30,1,0
BRDA:775,31,0,0
BRDA:775,31,1,0
BRDA:775,31,2,0
BRDA:776,32,0,0
BRDA:776,32,1,0
BRDA:776,32,2,0
BRDA:780,33,0,0
BRDA:783,34,0,0
BRDA:783,34,1,0
BRDA:784,35,0,0
BRDA:784,35,1,0
BRDA:808,36,0,0
BRDA:808,36,1,0
BRDA:820,37,0,0
BRDA:820,37,1,0
BRDA:832,38,0,0
BRDA:832,38,1,0
BRDA:845,39,0,0
BRDA:845,39,1,0
BRDA:850,40,0,0
BRDA:850,40,1,0
BRDA:851,41,0,0
BRDA:851,41,1,0
BRDA:883,42,0,0
BRDA:883,42,1,0
BRDA:889,43,0,0
BRDA:889,43,1,0
BRDA:913,44,0,0
BRDA:913,44,1,0
BRDA:913,45,0,0
BRDA:913,45,1,0
BRDA:926,46,0,0
BRDA:926,46,1,0
BRDA:938,47,0,0
BRDA:938,47,1,0
BRDA:960,48,0,0
BRDA:960,48,1,0
BRDA:964,49,0,0
BRDA:964,49,1,0
BRDA:977,50,0,0
BRDA:977,50,1,0
BRDA:978,51,0,0
BRDA:978,51,1,0
BRDA:981,52,0,0
BRDA:981,52,1,0
BRDA:982,53,0,0
BRDA:982,53,1,0
BRDA:982,54,0,0
BRDA:982,54,1,0
BRDA:984,55,0,0
BRDA:984,55,1,0
BRDA:984,56,0,0
BRDA:984,56,1,0
BRDA:991,57,0,0
BRDA:991,57,1,0
BRDA:991,58,0,0
BRDA:991,58,1,0
BRDA:996,59,0,0
BRDA:996,59,1,0
BRDA:997,60,0,0
BRDA:997,60,1,0
BRDA:997,61,0,0
BRDA:997,61,1,0
BRDA:998,62,0,0
BRDA:998,62,1,0
BRDA:998,63,0,0
BRDA:998,63,1,0
BRDA:1002,64,0,0
BRDA:1002,64,1,0
BRDA:1003,65,0,0
BRDA:1003,65,1,0
BRDA:1004,66,0,0
BRDA:1004,66,1,0
BRDA:1008,67,0,0
BRDA:1008,67,1,0
BRDA:1011,68,0,0
BRDA:1011,68,1,0
BRDA:1012,69,0,0
BRDA:1012,69,1,0
BRDA:1013,70,0,0
BRDA:1013,70,1,0
BRDA:1014,71,0,0
BRDA:1014,71,1,0
BRDA:1015,72,0,0
BRDA:1015,72,1,0
BRDA:1016,73,0,0
BRDA:1016,73,1,0
BRDA:1017,74,0,0
BRDA:1017,74,1,0
BRDA:1032,75,0,0
BRDA:1032,75,1,0
BRDA:1032,76,0,0
BRDA:1032,76,1,0
BRDA:1037,77,0,0
BRDA:1037,77,1,0
BRDA:1042,78,0,0
BRDA:1042,78,1,0
BRDA:1042,79,0,0
BRDA:1042,79,1,0
BRDA:1043,80,0,0
BRDA:1043,80,1,0
BRDA:1043,81,0,0
BRDA:1043,81,1,0
BRDA:1048,82,0,0
BRDA:1048,82,1,0
BRDA:1048,83,0,0
BRDA:1048,83,1,0
BRDA:1049,84,0,0
BRDA:1049,84,1,0
BRDA:1049,85,0,0
BRDA:1049,85,1,0
BRDA:1051,86,0,0
BRDA:1051,86,1,0
BRDA:1051,87,0,0
BRDA:1051,87,1,0
BRDA:1052,88,0,0
BRDA:1052,88,1,0
BRDA:1052,89,0,0
BRDA:1052,89,1,0
BRDA:1054,90,0,0
BRDA:1054,90,1,0
BRDA:1054,91,0,0
BRDA:1054,91,1,0
BRDA:1055,92,0,0
BRDA:1055,92,1,0
BRDA:1055,93,0,0
BRDA:1055,93,1,0
BRDA:1061,94,0,0
BRDA:1061,94,1,0
BRDA:1061,95,0,0
BRDA:1061,95,1,0
BRDA:1074,96,0,0
BRDA:1074,96,1,0
BRDA:1075,97,0,0
BRDA:1075,97,1,0
BRDA:1083,98,0,0
BRDA:1083,98,1,0
BRDA:1084,99,0,0
BRDA:1084,99,1,0
BRDA:1085,100,0,0
BRDA:1085,100,1,0
BRDA:1086,101,0,0
BRDA:1086,101,1,0
BRDA:1088,102,0,0
BRDA:1088,102,1,0
BRDA:1090,103,0,0
BRDA:1090,103,1,0
BRDA:1095,104,0,0
BRDA:1095,104,1,0
BRDA:1095,105,0,0
BRDA:1095,105,1,0
BRDA:1101,106,0,0
BRDA:1101,106,1,0
BRDA:1105,107,0,0
BRDA:1105,107,1,0
BRDA:1105,108,0,0
BRDA:1105,108,1,0
BRDA:1108,109,0,0
BRDA:1108,109,1,0
BRDA:1110,110,0,0
BRDA:1110,110,1,0
BRDA:1115,111,0,0
BRDA:1115,111,1,0
BRDA:1115,112,0,0
BRDA:1115,112,1,0
BRDA:1119,113,0,0
BRDA:1119,113,1,0
BRDA:1125,114,0,0
BRDA:1125,114,1,0
BRDA:1129,115,0,0
BRDA:1129,115,1,0
BRDA:1133,116,0,0
BRDA:1133,116,1,0
BRDA:1137,117,0,0
BRDA:1137,117,1,0
BRDA:1143,118,0,0
BRDA:1143,118,1,0
BRDA:1170,119,0,0
BRDA:1170,119,1,0
BRDA:1194,120,0,0
BRDA:1194,120,1,0
BRDA:1194,121,0,0
BRDA:1194,121,1,0
BRDA:1207,122,0,0
BRDA:1216,123,0,0
BRDA:1216,123,1,0
BRDA:1238,124,0,0
BRDA:1238,124,1,0
BRDA:1250,125,0,0
BRDA:1250,125,1,0
BRDA:1259,126,0,0
BRDA:1259,126,1,0
BRDA:1260,127,0,0
BRDA:1260,127,1,0
BRDA:1261,128,0,0
BRDA:1261,128,1,0
BRDA:1262,129,0,0
BRDA:1262,129,1,0
BRDA:1288,130,0,0
BRDA:1288,130,1,0
BRDA:1306,131,0,0
BRDA:1306,131,1,0
BRDA:1306,132,0,0
BRDA:1306,132,1,0
BRDA:1315,133,0,0
BRDA:1315,133,1,0
BRDA:1320,134,0,0
BRDA:1320,134,1,0
BRDA:1329,135,0,0
BRDA:1329,135,1,0
BRDA:1337,136,0,0
BRDA:1337,136,1,0
BRDA:1339,137,0,0
BRDA:1339,137,1,0
BRDA:1340,138,0,0
BRDA:1340,138,1,0
BRDA:1341,139,0,0
BRDA:1341,139,1,0
BRDA:1342,140,0,0
BRDA:1342,140,1,0
BRDA:1342,141,0,0
BRDA:1342,141,1,0
BRDA:1344,142,0,0
BRDA:1344,142,1,0
BRDA:1345,143,0,0
BRDA:1345,143,1,0
BRDA:1347,144,0,0
BRDA:1347,144,1,0
BRDA:1348,145,0,0
BRDA:1348,145,1,0
BRDA:1349,146,0,0
BRDA:1349,146,1,0
BRDA:1351,147,0,0
BRDA:1351,147,1,0
BRDA:1359,148,0,0
BRDA:1359,148,1,0
BRDA:1378,149,0,0
BRDA:1378,149,1,0
BRDA:1391,150,0,0
BRDA:1391,150,1,0
BRDA:1396,151,0,0
BRDA:1396,151,1,0
BRDA:1397,152,0,0
BRDA:1397,152,1,0
BRDA:1397,153,0,0
BRDA:1397,153,1,0
BRDA:1398,154,0,0
BRDA:1398,154,1,0
BRDA:1406,155,0,0
BRDA:1406,155,1,0
BRDA:1415,156,0,0
BRDA:1415,156,1,0
BRDA:1419,157,0,0
BRDA:1419,157,1,0
BRDA:1420,158,0,0
BRDA:1420,158,1,0
BRDA:1431,159,0,0
BRDA:1431,159,1,0
BRDA:1437,160,0,0
BRDA:1437,160,1,0
BRDA:1441,161,0,0
BRDA:1441,161,1,0
BRDA:1442,162,0,0
BRDA:1442,162,1,0
BRDA:1453,163,0,0
BRDA:1453,163,1,0
BRDA:1459,164,0,0
BRDA:1459,164,1,0
BRDA:1477,165,0,0
BRDA:1477,165,1,0
BRDA:1492,166,0,0
BRDA:1492,166,1,0
BRDA:1495,167,0,0
BRDA:1495,167,1,0
BRDA:1504,168,0,0
BRDA:1504,168,1,0
BRDA:1504,168,2,0
BRDA:1504,168,3,0
BRDA:1504,168,4,0
BRDA:1504,168,5,0
BRDA:1504,168,6,0
BRDA:1521,169,0,0
BRDA:1521,169,1,0
BRDA:1523,170,0,0
BRDA:1523,170,1,0
BRDA:1535,171,0,0
BRDA:1535,171,1,0
BRDA:1536,172,0,0
BRDA:1536,172,1,0
BRDA:1538,173,0,0
BRDA:1538,173,1,0
BRDA:1565,174,0,0
BRDA:1565,174,1,0
BRDA:1572,175,0,0
BRDA:1583,176,0,0
BRDA:1583,176,1,0
BRDA:1583,177,0,0
BRDA:1583,177,1,0
BRDA:1583,177,2,0
BRDA:1583,177,3,0
BRDA:1591,178,0,0
BRDA:1607,179,0,0
BRDA:1607,179,1,0
BRDA:1616,180,0,0
BRDA:1616,180,1,0
BRDA:1617,181,0,0
BRDA:1623,182,0,0
BRDA:1623,182,1,0
BRDA:1625,183,0,0
BRDA:1625,183,1,0
BRDA:1642,184,0,0
BRDA:1654,185,0,0
BRDA:1738,186,0,0
BRDA:1738,186,1,0
BRDA:1739,187,0,0
BRDA:1739,187,1,0
BRDA:1740,188,0,0
BRDA:1740,188,1,0
BRDA:1754,189,0,0
BRDA:1754,189,1,0
BRDA:1756,190,0,0
BRDA:1756,190,1,0
BRDA:1756,191,0,0
BRDA:1756,191,1,0
BRDA:1765,192,0,0
BRDA:1767,193,0,0
BRDA:1788,194,0,0
BRDA:1788,194,1,0
BRDA:1790,195,0,0
BRDA:1790,195,1,0
BRDA:1805,196,0,0
BRDA:1807,197,0,0
BRDA:1807,197,1,0
BRDA:1812,198,0,0
BRDA:1818,199,0,0
BRDA:1836,200,0,0
BRDA:1836,200,1,0
BRDA:1836,201,0,0
BRDA:1836,201,1,0
BRDA:1843,202,0,0
BRDA:1843,202,1,0
BRDA:1878,203,0,0
BRDA:1893,204,0,0
BRDA:1910,205,0,0
BRDA:1925,206,0,0
BRDA:1968,207,0,0
BRDA:1968,207,1,0
BRDA:1969,208,0,0
BRDA:1969,208,1,0
BRDA:1970,209,0,0
BRDA:1970,209,1,0
BRDA:1975,210,0,0
BRDA:1975,210,1,0
BRDA:1977,211,0,0
BRDA:1977,211,1,0
BRDA:1979,212,0,0
BRDA:1979,212,1,0
BRDA:1984,213,0,0
BRDA:1996,214,0,0
BRDA:2009,215,0,0
BRDA:2068,216,0,0
BRDA:2069,217,0,0
BRDA:2080,218,0,0
BRDA:2088,219,0,0
BRDA:2099,220,0,0
BRDA:2110,221,0,0
BRDA:2121,222,0,0
BRDA:2132,223,0,0
BRDA:2133,224,0,0
BRDA:2134,225,0,0
BRDA:2135,226,0,0
BRDA:2141,227,0,0
BRDA:2152,228,0,0
BRDA:2152,228,1,0
BRDA:2167,229,0,0
BRDA:2167,229,1,0
BRDA:2172,230,0,0
BRDA:2172,230,1,0
BRDA:2180,231,0,0
BRDA:2180,231,1,0
BRDA:2185,232,0,0
BRDA:2185,232,1,0
BRDA:2201,233,0,0
BRDA:2213,234,0,0
BRDA:2213,234,1,0
BRDA:2214,235,0,0
BRDA:2214,235,1,0
BRDA:2215,236,0,0
BRDA:2215,236,1,0
BRDA:2224,237,0,0
BRDA:2224,237,1,0
BRDA:2224,238,0,0
BRDA:2224,238,1,0
BRDA:2330,239,0,0
BRDA:2345,240,0,0
BRDA:2378,241,0,0
BRDA:2378,241,1,0
BRDA:2388,242,0,0
BRDA:2391,243,0,0
BRDA:2391,243,1,0
BRDA:2393,244,0,0
BRDA:2393,244,1,0
BRDA:2398,245,0,0
BRDA:2398,245,1,0
BRDA:2399,246,0,0
BRDA:2399,246,1,0
BRDA:2411,247,0,0
BRDA:2411,247,1,0
BRDA:2422,248,0,0
BRDA:2422,248,1,0
BRDA:2423,249,0,0
BRDA:2423,249,1,0
BRDA:2424,250,0,0
BRDA:2424,250,1,0
BRDA:2428,251,0,0
BRDA:2445,252,0,0
BRDA:2453,253,0,0
BRDA:2456,254,0,0
BRDA:2482,255,0,0
BRDA:2487,256,0,0
BRDA:2490,257,0,0
BRDA:2490,257,1,0
BRDA:2490,258,0,0
BRDA:2490,258,1,0
BRDA:2497,259,0,0
BRDA:2502,260,0,0
BRDA:2502,260,1,0
BRDA:2502,261,0,0
BRDA:2502,261,1,0
BRDA:2518,262,0,0
BRDA:2522,263,0,0
BRDA:2522,263,1,0
BRDA:2536,264,0,0
BRDA:2557,265,0,0
BRDA:2560,266,0,0
BRDA:2566,267,0,0
BRDA:2566,267,1,0
BRDA:2568,268,0,0
BRDA:2568,268,1,0
BRDA:2641,269,0,0
BRDA:2646,270,0,0
BRDA:2650,271,0,0
BRDA:2656,272,0,0
BRDA:2666,273,0,0
BRDA:2686,274,0,0
BRF:509
BRH:0
end_of_record
TN:
SF:components\manuscript-detail-utils.tsx
FN:13,(anonymous_11)
FN:27,(anonymous_12)
FN:57,(anonymous_13)
FN:66,(anonymous_14)
FN:100,(anonymous_15)
FN:119,(anonymous_16)
FN:135,(anonymous_17)
FN:145,(anonymous_18)
FN:160,(anonymous_19)
FN:161,(anonymous_20)
FN:164,(anonymous_21)
FN:165,(anonymous_22)
FN:185,(anonymous_23)
FN:186,(anonymous_24)
FN:190,(anonymous_25)
FN:191,(anonymous_26)
FNF:16
FNH:1
FNDA:0,(anonymous_11)
FNDA:0,(anonymous_12)
FNDA:22,(anonymous_13)
FNDA:0,(anonymous_14)
FNDA:0,(anonymous_15)
FNDA:0,(anonymous_16)
FNDA:0,(anonymous_17)
FNDA:0,(anonymous_18)
FNDA:0,(anonymous_19)
FNDA:0,(anonymous_20)
FNDA:0,(anonymous_21)
FNDA:0,(anonymous_22)
FNDA:0,(anonymous_23)
FNDA:0,(anonymous_24)
FNDA:0,(anonymous_25)
FNDA:0,(anonymous_26)
DA:1,1
DA:2,1
DA:3,1
DA:10,1
DA:13,1
DA:14,0
DA:27,1
DA:28,0
DA:35,0
DA:57,22
DA:58,22
DA:59,22
DA:60,0
DA:62,22
DA:66,1
DA:87,0
DA:89,0
DA:90,0
DA:100,0
DA:109,0
DA:119,0
DA:135,0
DA:145,0
DA:156,0
DA:160,1
DA:161,0
DA:164,1
DA:165,0
DA:166,0
DA:167,0
DA:172,1
DA:185,1
DA:186,0
DA:187,0
DA:190,1
DA:191,0
DA:192,0
LF:37
LH:16
BRDA:43,0,0,0
BRDA:43,0,1,0
BRDA:48,1,0,0
BRDA:48,1,1,0
BRDA:58,2,0,22
BRDA:58,2,1,0
BRDA:58,2,2,0
BRDA:59,3,0,0
BRDA:59,3,1,22
BRDA:59,4,0,22
BRDA:59,4,1,22
BRDA:68,5,0,0
BRDA:69,6,0,0
BRDA:89,7,0,0
BRDA:89,7,1,0
BRDA:90,8,0,0
BRDA:90,8,1,0
BRDA:109,9,0,0
BRDA:109,9,1,0
BRDA:109,10,0,0
BRDA:109,10,1,0
BRDA:187,11,0,0
BRDA:187,11,1,0
BRDA:192,12,0,0
BRDA:192,12,1,0
BRF:25
BRH:4
end_of_record
TN:
SF:components\manuscript-detail.tsx
FN:310,(anonymous_6)
FN:337,(anonymous_7)
FN:350,(anonymous_8)
FN:377,(anonymous_9)
FN:465,(anonymous_10)
FN:467,(anonymous_11)
FN:513,(anonymous_12)
FN:600,(anonymous_13)
FN:646,(anonymous_14)
FN:754,(anonymous_15)
FN:860,(anonymous_16)
FN:867,(anonymous_17)
FN:916,(anonymous_18)
FN:936,(anonymous_19)
FN:961,(anonymous_20)
FN:986,(anonymous_21)
FN:987,(anonymous_22)
FN:999,(anonymous_23)
FN:1006,(anonymous_24)
FN:1022,(anonymous_25)
FN:1038,(anonymous_26)
FN:1040,(anonymous_27)
FN:1062,(anonymous_28)
FN:1072,(anonymous_29)
FN:1080,(anonymous_30)
FN:1092,(anonymous_31)
FN:1101,(anonymous_32)
FN:1116,(anonymous_33)
FN:1118,(anonymous_34)
FN:1147,(anonymous_35)
FN:1153,(anonymous_36)
FN:1154,(anonymous_37)
FN:1161,(anonymous_38)
FN:1162,(anonymous_39)
FN:1163,(anonymous_40)
FN:1164,(anonymous_41)
FN:1168,(anonymous_42)
FN:1170,(anonymous_43)
FN:1171,(anonymous_44)
FN:1173,(anonymous_45)
FN:1181,(anonymous_46)
FN:1182,(anonymous_47)
FN:1185,(anonymous_48)
FN:1194,(anonymous_49)
FN:1267,(anonymous_50)
FN:1336,(anonymous_51)
FN:1351,(anonymous_52)
FN:1376,(anonymous_53)
FN:1472,(anonymous_54)
FN:1473,(anonymous_55)
FN:1478,(anonymous_56)
FN:1479,(anonymous_57)
FN:1484,(anonymous_58)
FN:1505,(anonymous_59)
FN:1507,(anonymous_60)
FN:1520,(anonymous_61)
FN:1521,(anonymous_62)
FN:1525,(anonymous_63)
FN:1540,(anonymous_64)
FN:1554,(anonymous_65)
FN:1555,(anonymous_66)
FN:1555,(anonymous_67)
FN:1558,(anonymous_68)
FN:1592,(anonymous_69)
FN:1611,(anonymous_70)
FN:1631,(anonymous_71)
FN:1638,(anonymous_72)
FN:1651,(anonymous_73)
FN:1658,(anonymous_74)
FN:1666,(anonymous_75)
FN:1679,(anonymous_76)
FN:1688,(anonymous_77)
FN:1702,(anonymous_78)
FN:1711,(anonymous_79)
FN:1716,(anonymous_80)
FN:1786,(anonymous_81)
FN:1797,(anonymous_82)
FN:1822,(anonymous_83)
FN:1824,(anonymous_84)
FN:1834,(anonymous_85)
FN:1843,(anonymous_86)
FN:1861,(anonymous_87)
FN:1868,(anonymous_88)
FN:1890,(anonymous_89)
FN:1893,(anonymous_90)
FN:1902,(anonymous_91)
FN:1913,(anonymous_92)
FN:1917,(anonymous_93)
FN:1924,(anonymous_94)
FN:1933,(anonymous_95)
FN:1973,(anonymous_96)
FN:1986,(anonymous_97)
FN:2007,(anonymous_98)
FN:2042,(anonymous_99)
FN:2056,(anonymous_100)
FN:2079,(anonymous_101)
FN:2099,(anonymous_102)
FN:2112,(anonymous_103)
FN:2136,(anonymous_104)
FN:2137,(anonymous_105)
FN:2144,(anonymous_106)
FN:2145,(anonymous_107)
FN:2153,(anonymous_108)
FN:2155,(anonymous_109)
FN:2156,(anonymous_110)
FN:2160,(anonymous_111)
FN:2161,(anonymous_112)
FN:2164,(anonymous_113)
FN:2165,(anonymous_114)
FN:2168,(anonymous_115)
FN:2169,(anonymous_116)
FN:2172,(anonymous_117)
FN:2173,(anonymous_118)
FN:2177,(anonymous_119)
FN:2178,(anonymous_120)
FN:2182,(anonymous_121)
FN:2183,(anonymous_122)
FN:2189,(anonymous_123)
FN:2197,(anonymous_124)
FN:2200,(anonymous_125)
FN:2211,(anonymous_126)
FN:2340,(anonymous_127)
FN:2341,(anonymous_128)
FN:2352,(anonymous_129)
FN:2353,(anonymous_130)
FN:2359,(anonymous_131)
FN:2364,(anonymous_132)
FN:2367,(anonymous_133)
FN:2369,(anonymous_134)
FN:2395,(anonymous_135)
FN:2405,(anonymous_136)
FN:2410,(anonymous_137)
FN:2411,(anonymous_138)
FN:2411,(anonymous_139)
FN:2414,(anonymous_140)
FN:2416,(anonymous_141)
FN:2417,(anonymous_142)
FN:2424,(anonymous_143)
FN:2433,(anonymous_144)
FN:2440,(anonymous_145)
FN:2446,(anonymous_146)
FN:2451,(anonymous_147)
FN:2457,(anonymous_148)
FN:2512,(anonymous_149)
FN:2569,(anonymous_150)
FN:2572,(anonymous_151)
FN:2609,(anonymous_152)
FN:2618,(anonymous_153)
FN:2627,(anonymous_154)
FN:2667,(anonymous_155)
FN:2683,(anonymous_156)
FN:2690,(anonymous_157)
FN:2715,(anonymous_158)
FN:2729,(anonymous_159)
FN:2733,(anonymous_160)
FN:2746,(anonymous_161)
FN:2773,(anonymous_162)
FN:2783,(anonymous_163)
FN:2821,(anonymous_164)
FN:2834,(anonymous_165)
FN:2835,(anonymous_166)
FN:2843,(anonymous_167)
FN:2844,(anonymous_168)
FN:2845,(anonymous_169)
FN:2859,(anonymous_170)
FN:2869,(anonymous_171)
FN:2904,(anonymous_172)
FN:2946,(anonymous_173)
FN:3005,(anonymous_174)
FN:3029,(anonymous_175)
FN:3051,(anonymous_176)
FN:3057,(anonymous_177)
FN:3082,(anonymous_178)
FN:3084,(anonymous_179)
FN:3094,(anonymous_180)
FN:3108,(anonymous_181)
FN:3108,(anonymous_182)
FN:3122,(anonymous_183)
FN:3122,(anonymous_184)
FN:3136,(anonymous_185)
FN:3136,(anonymous_186)
FN:3156,(anonymous_187)
FN:3197,(anonymous_188)
FN:3207,(anonymous_189)
FN:3210,(anonymous_190)
FN:3217,(anonymous_191)
FN:3240,(anonymous_192)
FN:3240,(anonymous_193)
FN:3249,(anonymous_194)
FN:3249,(anonymous_195)
FN:3274,(anonymous_196)
FN:3274,(anonymous_197)
FN:3283,(anonymous_198)
FN:3283,(anonymous_199)
FN:3296,(anonymous_200)
FN:3334,(anonymous_201)
FN:3345,(anonymous_202)
FN:3352,(anonymous_203)
FN:3353,(anonymous_204)
FN:3381,(anonymous_205)
FN:3388,(anonymous_206)
FN:3389,(anonymous_207)
FN:3417,(anonymous_208)
FN:3421,(anonymous_209)
FN:3430,(anonymous_210)
FN:3441,(anonymous_211)
FN:3460,(anonymous_212)
FN:3467,(anonymous_213)
FN:3486,(anonymous_214)
FN:3489,(anonymous_215)
FN:3506,(anonymous_216)
FN:3508,(anonymous_217)
FN:3513,(anonymous_218)
FN:3518,(anonymous_219)
FN:3537,(anonymous_220)
FN:3543,(anonymous_221)
FN:3556,(anonymous_222)
FN:3573,(anonymous_223)
FN:3612,(anonymous_224)
FN:3631,(anonymous_225)
FN:3646,(anonymous_226)
FN:3654,(anonymous_227)
FN:3662,(anonymous_228)
FN:3711,(anonymous_229)
FN:3854,(anonymous_230)
FN:3970,(anonymous_231)
FN:3971,(anonymous_232)
FN:3976,(anonymous_233)
FN:3989,(anonymous_234)
FN:3991,(anonymous_235)
FN:3996,(anonymous_236)
FN:4061,(anonymous_237)
FN:4114,(anonymous_238)
FN:4123,(anonymous_239)
FN:4147,(anonymous_240)
FN:4186,(anonymous_241)
FN:4244,(anonymous_242)
FN:4257,(anonymous_243)
FN:4268,(anonymous_244)
FN:4275,(anonymous_245)
FN:4307,(anonymous_246)
FN:4310,(anonymous_247)
FN:4341,(anonymous_248)
FN:4351,(anonymous_249)
FN:4385,(anonymous_250)
FN:4395,(anonymous_251)
FN:4411,(anonymous_252)
FN:4414,(anonymous_253)
FN:4416,(anonymous_254)
FN:4417,(anonymous_255)
FNF:250
FNH:0
FNDA:0,(anonymous_6)
FNDA:0,(anonymous_7)
FNDA:0,(anonymous_8)
FNDA:0,(anonymous_9)
FNDA:0,(anonymous_10)
FNDA:0,(anonymous_11)
FNDA:0,(anonymous_12)
FNDA:0,(anonymous_13)
FNDA:0,(anonymous_14)
FNDA:0,(anonymous_15)
FNDA:0,(anonymous_16)
FNDA:0,(anonymous_17)
FNDA:0,(anonymous_18)
FNDA:0,(anonymous_19)
FNDA:0,(anonymous_20)
FNDA:0,(anonymous_21)
FNDA:0,(anonymous_22)
FNDA:0,(anonymous_23)
FNDA:0,(anonymous_24)
FNDA:0,(anonymous_25)
FNDA:0,(anonymous_26)
FNDA:0,(anonymous_27)
FNDA:0,(anonymous_28)
FNDA:0,(anonymous_29)
FNDA:0,(anonymous_30)
FNDA:0,(anonymous_31)
FNDA:0,(anonymous_32)
FNDA:0,(anonymous_33)
FNDA:0,(anonymous_34)
FNDA:0,(anonymous_35)
FNDA:0,(anonymous_36)
FNDA:0,(anonymous_37)
FNDA:0,(anonymous_38)
FNDA:0,(anonymous_39)
FNDA:0,(anonymous_40)
FNDA:0,(anonymous_41)
FNDA:0,(anonymous_42)
FNDA:0,(anonymous_43)
FNDA:0,(anonymous_44)
FNDA:0,(anonymous_45)
FNDA:0,(anonymous_46)
FNDA:0,(anonymous_47)
FNDA:0,(anonymous_48)
FNDA:0,(anonymous_49)
FNDA:0,(anonymous_50)
FNDA:0,(anonymous_51)
FNDA:0,(anonymous_52)
FNDA:0,(anonymous_53)
FNDA:0,(anonymous_54)
FNDA:0,(anonymous_55)
FNDA:0,(anonymous_56)
FNDA:0,(anonymous_57)
FNDA:0,(anonymous_58)
FNDA:0,(anonymous_59)
FNDA:0,(anonymous_60)
FNDA:0,(anonymous_61)
FNDA:0,(anonymous_62)
FNDA:0,(anonymous_63)
FNDA:0,(anonymous_64)
FNDA:0,(anonymous_65)
FNDA:0,(anonymous_66)
FNDA:0,(anonymous_67)
FNDA:0,(anonymous_68)
FNDA:0,(anonymous_69)
FNDA:0,(anonymous_70)
FNDA:0,(anonymous_71)
FNDA:0,(anonymous_72)
FNDA:0,(anonymous_73)
FNDA:0,(anonymous_74)
FNDA:0,(anonymous_75)
FNDA:0,(anonymous_76)
FNDA:0,(anonymous_77)
FNDA:0,(anonymous_78)
FNDA:0,(anonymous_79)
FNDA:0,(anonymous_80)
FNDA:0,(anonymous_81)
FNDA:0,(anonymous_82)
FNDA:0,(anonymous_83)
FNDA:0,(anonymous_84)
FNDA:0,(anonymous_85)
FNDA:0,(anonymous_86)
FNDA:0,(anonymous_87)
FNDA:0,(anonymous_88)
FNDA:0,(anonymous_89)
FNDA:0,(anonymous_90)
FNDA:0,(anonymous_91)
FNDA:0,(anonymous_92)
FNDA:0,(anonymous_93)
FNDA:0,(anonymous_94)
FNDA:0,(anonymous_95)
FNDA:0,(anonymous_96)
FNDA:0,(anonymous_97)
FNDA:0,(anonymous_98)
FNDA:0,(anonymous_99)
FNDA:0,(anonymous_100)
FNDA:0,(anonymous_101)
FNDA:0,(anonymous_102)
FNDA:0,(anonymous_103)
FNDA:0,(anonymous_104)
FNDA:0,(anonymous_105)
FNDA:0,(anonymous_106)
FNDA:0,(anonymous_107)
FNDA:0,(anonymous_108)
FNDA:0,(anonymous_109)
FNDA:0,(anonymous_110)
FNDA:0,(anonymous_111)
FNDA:0,(anonymous_112)
FNDA:0,(anonymous_113)
FNDA:0,(anonymous_114)
FNDA:0,(anonymous_115)
FNDA:0,(anonymous_116)
FNDA:0,(anonymous_117)
FNDA:0,(anonymous_118)
FNDA:0,(anonymous_119)
FNDA:0,(anonymous_120)
FNDA:0,(anonymous_121)
FNDA:0,(anonymous_122)
FNDA:0,(anonymous_123)
FNDA:0,(anonymous_124)
FNDA:0,(anonymous_125)
FNDA:0,(anonymous_126)
FNDA:0,(anonymous_127)
FNDA:0,(anonymous_128)
FNDA:0,(anonymous_129)
FNDA:0,(anonymous_130)
FNDA:0,(anonymous_131)
FNDA:0,(anonymous_132)
FNDA:0,(anonymous_133)
FNDA:0,(anonymous_134)
FNDA:0,(anonymous_135)
FNDA:0,(anonymous_136)
FNDA:0,(anonymous_137)
FNDA:0,(anonymous_138)
FNDA:0,(anonymous_139)
FNDA:0,(anonymous_140)
FNDA:0,(anonymous_141)
FNDA:0,(anonymous_142)
FNDA:0,(anonymous_143)
FNDA:0,(anonymous_144)
FNDA:0,(anonymous_145)
FNDA:0,(anonymous_146)
FNDA:0,(anonymous_147)
FNDA:0,(anonymous_148)
FNDA:0,(anonymous_149)
FNDA:0,(anonymous_150)
FNDA:0,(anonymous_151)
FNDA:0,(anonymous_152)
FNDA:0,(anonymous_153)
FNDA:0,(anonymous_154)
FNDA:0,(anonymous_155)
FNDA:0,(anonymous_156)
FNDA:0,(anonymous_157)
FNDA:0,(anonymous_158)
FNDA:0,(anonymous_159)
FNDA:0,(anonymous_160)
FNDA:0,(anonymous_161)
FNDA:0,(anonymous_162)
FNDA:0,(anonymous_163)
FNDA:0,(anonymous_164)
FNDA:0,(anonymous_165)
FNDA:0,(anonymous_166)
FNDA:0,(anonymous_167)
FNDA:0,(anonymous_168)
FNDA:0,(anonymous_169)
FNDA:0,(anonymous_170)
FNDA:0,(anonymous_171)
FNDA:0,(anonymous_172)
FNDA:0,(anonymous_173)
FNDA:0,(anonymous_174)
FNDA:0,(anonymous_175)
FNDA:0,(anonymous_176)
FNDA:0,(anonymous_177)
FNDA:0,(anonymous_178)
FNDA:0,(anonymous_179)
FNDA:0,(anonymous_180)
FNDA:0,(anonymous_181)
FNDA:0,(anonymous_182)
FNDA:0,(anonymous_183)
FNDA:0,(anonymous_184)
FNDA:0,(anonymous_185)
FNDA:0,(anonymous_186)
FNDA:0,(anonymous_187)
FNDA:0,(anonymous_188)
FNDA:0,(anonymous_189)
FNDA:0,(anonymous_190)
FNDA:0,(anonymous_191)
FNDA:0,(anonymous_192)
FNDA:0,(anonymous_193)
FNDA:0,(anonymous_194)
FNDA:0,(anonymous_195)
FNDA:0,(anonymous_196)
FNDA:0,(anonymous_197)
FNDA:0,(anonymous_198)
FNDA:0,(anonymous_199)
FNDA:0,(anonymous_200)
FNDA:0,(anonymous_201)
FNDA:0,(anonymous_202)
FNDA:0,(anonymous_203)
FNDA:0,(anonymous_204)
FNDA:0,(anonymous_205)
FNDA:0,(anonymous_206)
FNDA:0,(anonymous_207)
FNDA:0,(anonymous_208)
FNDA:0,(anonymous_209)
FNDA:0,(anonymous_210)
FNDA:0,(anonymous_211)
FNDA:0,(anonymous_212)
FNDA:0,(anonymous_213)
FNDA:0,(anonymous_214)
FNDA:0,(anonymous_215)
FNDA:0,(anonymous_216)
FNDA:0,(anonymous_217)
FNDA:0,(anonymous_218)
FNDA:0,(anonymous_219)
FNDA:0,(anonymous_220)
FNDA:0,(anonymous_221)
FNDA:0,(anonymous_222)
FNDA:0,(anonymous_223)
FNDA:0,(anonymous_224)
FNDA:0,(anonymous_225)
FNDA:0,(anonymous_226)
FNDA:0,(anonymous_227)
FNDA:0,(anonymous_228)
FNDA:0,(anonymous_229)
FNDA:0,(anonymous_230)
FNDA:0,(anonymous_231)
FNDA:0,(anonymous_232)
FNDA:0,(anonymous_233)
FNDA:0,(anonymous_234)
FNDA:0,(anonymous_235)
FNDA:0,(anonymous_236)
FNDA:0,(anonymous_237)
FNDA:0,(anonymous_238)
FNDA:0,(anonymous_239)
FNDA:0,(anonymous_240)
FNDA:0,(anonymous_241)
FNDA:0,(anonymous_242)
FNDA:0,(anonymous_243)
FNDA:0,(anonymous_244)
FNDA:0,(anonymous_245)
FNDA:0,(anonymous_246)
FNDA:0,(anonymous_247)
FNDA:0,(anonymous_248)
FNDA:0,(anonymous_249)
FNDA:0,(anonymous_250)
FNDA:0,(anonymous_251)
FNDA:0,(anonymous_252)
FNDA:0,(anonymous_253)
FNDA:0,(anonymous_254)
FNDA:0,(anonymous_255)
DA:5,0
DA:6,0
DA:7,0
DA:8,0
DA:9,0
DA:10,0
DA:11,0
DA:12,0
DA:13,0
DA:42,0
DA:43,0
DA:44,0
DA:45,0
DA:49,0
DA:50,0
DA:51,0
DA:60,0
DA:61,0
DA:62,0
DA:64,0
DA:73,0
DA:310,0
DA:312,0
DA:313,0
DA:314,0
DA:315,0
DA:318,0
DA:322,0
DA:337,0
DA:338,0
DA:339,0
DA:340,0
DA:341,0
DA:342,0
DA:343,0
DA:344,0
DA:345,0
DA:347,0
DA:350,0
DA:351,0
DA:352,0
DA:353,0
DA:354,0
DA:355,0
DA:356,0
DA:357,0
DA:358,0
DA:360,0
DA:364,0
DA:379,0
DA:380,0
DA:381,0
DA:383,0
DA:384,0
DA:385,0
DA:387,0
DA:388,0
DA:396,0
DA:397,0
DA:400,0
DA:464,0
DA:465,0
DA:467,0
DA:473,0
DA:476,0
DA:477,0
DA:487,0
DA:511,0
DA:515,0
DA:516,0
DA:519,0
DA:520,0
DA:526,0
DA:534,0
DA:535,0
DA:541,0
DA:549,0
DA:550,0
DA:556,0
DA:564,0
DA:565,0
DA:571,0
DA:580,0
DA:581,0
DA:588,0
DA:589,0
DA:598,0
DA:602,0
DA:603,0
DA:606,0
DA:610,0
DA:612,0
DA:619,0
DA:620,0
DA:628,0
DA:629,0
DA:636,0
DA:637,0
DA:644,0
DA:648,0
DA:649,0
DA:652,0
DA:653,0
DA:665,0
DA:666,0
DA:679,0
DA:680,0
DA:692,0
DA:693,0
DA:706,0
DA:707,0
DA:719,0
DA:720,0
DA:733,0
DA:734,0
DA:746,0
DA:756,0
DA:757,0
DA:760,0
DA:761,0
DA:768,0
DA:775,0
DA:776,0
DA:783,0
DA:790,0
DA:791,0
DA:798,0
DA:805,0
DA:806,0
DA:813,0
DA:822,0
DA:830,0
DA:831,0
DA:840,0
DA:841,0
DA:851,0
DA:856,0
DA:860,0
DA:862,0
DA:863,0
DA:867,0
DA:868,0
DA:869,0
DA:870,0
DA:871,0
DA:872,0
DA:873,0
DA:874,0
DA:875,0
DA:876,0
DA:877,0
DA:878,0
DA:879,0
DA:880,0
DA:881,0
DA:882,0
DA:883,0
DA:884,0
DA:885,0
DA:886,0
DA:887,0
DA:888,0
DA:895,0
DA:896,0
DA:897,0
DA:898,0
DA:899,0
DA:900,0
DA:901,0
DA:902,0
DA:903,0
DA:904,0
DA:905,0
DA:907,0
DA:909,0
DA:911,0
DA:912,0
DA:918,0
DA:919,0
DA:925,0
DA:928,0
DA:929,0
DA:930,0
DA:933,0
DA:936,0
DA:938,0
DA:939,0
DA:942,0
DA:943,0
DA:945,0
DA:946,0
DA:947,0
DA:948,0
DA:949,0
DA:952,0
DA:953,0
DA:960,0
DA:961,0
DA:962,0
DA:964,0
DA:967,0
DA:968,0
DA:972,0
DA:973,0
DA:974,0
DA:975,0
DA:976,0
DA:979,0
DA:983,0
DA:986,0
DA:987,0
DA:998,0
DA:999,0
DA:1000,0
DA:1003,0
DA:1005,0
DA:1006,0
DA:1007,0
DA:1021,0
DA:1022,0
DA:1023,0
DA:1037,0
DA:1038,0
DA:1039,0
DA:1040,0
DA:1041,0
DA:1058,0
DA:1062,0
DA:1072,0
DA:1080,0
DA:1092,0
DA:1101,0
DA:1111,0
DA:1112,0
DA:1115,0
DA:1116,0
DA:1117,0
DA:1118,0
DA:1119,0
DA:1135,0
DA:1139,0
DA:1140,0
DA:1141,0
DA:1142,0
DA:1143,0
DA:1144,0
DA:1147,0
DA:1148,0
DA:1153,0
DA:1154,0
DA:1158,0
DA:1159,0
DA:1161,0
DA:1162,0
DA:1163,0
DA:1164,0
DA:1167,0
DA:1168,0
DA:1171,0
DA:1173,0
DA:1181,0
DA:1182,0
DA:1184,0
DA:1185,0
DA:1188,0
DA:1191,0
DA:1194,0
DA:1228,0
DA:1229,0
DA:1230,0
DA:1232,0
DA:1235,0
DA:1257,0
DA:1258,0
DA:1260,0
DA:1262,0
DA:1267,0
DA:1268,0
DA:1269,0
DA:1270,0
DA:1273,0
DA:1274,0
DA:1275,0
DA:1278,0
DA:1279,0
DA:1281,0
DA:1282,0
DA:1290,0
DA:1291,0
DA:1294,0
DA:1297,0
DA:1298,0
DA:1299,0
DA:1300,0
DA:1307,0
DA:1308,0
DA:1316,0
DA:1317,0
DA:1318,0
DA:1320,0
DA:1321,0
DA:1326,0
DA:1327,0
DA:1328,0
DA:1329,0
DA:1331,0
DA:1340,0
DA:1342,0
DA:1344,0
DA:1346,0
DA:1348,0
DA:1351,0
DA:1352,0
DA:1353,0
DA:1354,0
DA:1355,0
DA:1356,0
DA:1357,0
DA:1358,0
DA:1360,0
DA:1364,0
DA:1368,0
DA:1378,0
DA:1379,0
DA:1403,0
DA:1406,0
DA:1416,0
DA:1421,0
DA:1422,0
DA:1436,0
DA:1440,0
DA:1441,0
DA:1456,0
DA:1472,0
DA:1473,0
DA:1474,0
DA:1475,0
DA:1478,0
DA:1479,0
DA:1480,0
DA:1481,0
DA:1484,0
DA:1485,0
DA:1492,0
DA:1493,0
DA:1494,0
DA:1495,0
DA:1497,0
DA:1500,0
DA:1501,0
DA:1502,0
DA:1505,0
DA:1506,0
DA:1507,0
DA:1509,0
DA:1516,0
DA:1517,0
DA:1520,0
DA:1521,0
DA:1522,0
DA:1525,0
DA:1526,0
DA:1527,0
DA:1536,0
DA:1537,0
DA:1540,0
DA:1541,0
DA:1550,0
DA:1551,0
DA:1554,0
DA:1555,0
DA:1558,0
DA:1559,0
DA:1560,0
DA:1564,0
DA:1571,0
DA:1572,0
DA:1573,0
DA:1574,0
DA:1576,0
DA:1579,0
DA:1588,0
DA:1589,0
DA:1592,0
DA:1593,0
DA:1594,0
DA:1607,0
DA:1608,0
DA:1611,0
DA:1612,0
DA:1613,0
DA:1627,0
DA:1628,0
DA:1631,0
DA:1632,0
DA:1635,0
DA:1636,0
DA:1638,0
DA:1641,0
DA:1643,0
DA:1651,0
DA:1654,0
DA:1655,0
DA:1658,0
DA:1659,0
DA:1662,0
DA:1663,0
DA:1664,0
DA:1666,0
DA:1669,0
DA:1671,0
DA:1679,0
DA:1682,0
DA:1683,0
DA:1685,0
DA:1686,0
DA:1688,0
DA:1689,0
DA:1690,0
DA:1691,0
DA:1693,0
DA:1700,0
DA:1702,0
DA:1703,0
DA:1704,0
DA:1705,0
DA:1707,0
DA:1711,0
DA:1712,0
DA:1713,0
DA:1716,0
DA:1717,0
DA:1719,0
DA:1741,0
DA:1743,0
DA:1744,0
DA:1752,0
DA:1753,0
DA:1756,0
DA:1758,0
DA:1759,0
DA:1761,0
DA:1766,0
DA:1786,0
DA:1792,0
DA:1793,0
DA:1797,0
DA:1798,0
DA:1800,0
DA:1802,0
DA:1803,0
DA:1805,0
DA:1806,0
DA:1810,0
DA:1812,0
DA:1814,0
DA:1815,0
DA:1817,0
DA:1822,0
DA:1824,0
DA:1828,0
DA:1829,0
DA:1834,0
DA:1835,0
DA:1837,0
DA:1838,0
DA:1843,0
DA:1844,0
DA:1845,0
DA:1846,0
DA:1849,0
DA:1850,0
DA:1852,0
DA:1853,0
DA:1860,0
DA:1861,0
DA:1862,0
DA:1865,0
DA:1868,0
DA:1879,0
DA:1882,0
DA:1883,0
DA:1885,0
DA:1890,0
DA:1891,0
DA:1893,0
DA:1895,0
DA:1902,0
DA:1909,0
DA:1913,0
DA:1917,0
DA:1918,0
DA:1919,0
DA:1924,0
DA:1925,0
DA:1926,0
DA:1927,0
DA:1928,0
DA:1929,0
DA:1933,0
DA:1934,0
DA:1935,0
DA:1936,0
DA:1938,0
DA:1940,0
DA:1942,0
DA:1944,0
DA:1946,0
DA:1947,0
DA:1950,0
DA:1973,0
DA:1974,0
DA:1976,0
DA:1977,0
DA:1978,0
DA:1987,0
DA:1988,0
DA:1989,0
DA:1991,0
DA:1993,0
DA:1994,0
DA:1995,0
DA:1997,0
DA:2008,0
DA:2009,0
DA:2010,0
DA:2012,0
DA:2014,0
DA:2015,0
DA:2016,0
DA:2018,0
DA:2038,0
DA:2039,0
DA:2040,0
DA:2042,0
DA:2043,0
DA:2045,0
DA:2046,0
DA:2057,0
DA:2058,0
DA:2059,0
DA:2069,0
DA:2080,0
DA:2081,0
DA:2082,0
DA:2100,0
DA:2101,0
DA:2102,0
DA:2113,0
DA:2114,0
DA:2115,0
DA:2136,0
DA:2137,0
DA:2138,0
DA:2139,0
DA:2140,0
DA:2144,0
DA:2145,0
DA:2146,0
DA:2147,0
DA:2148,0
DA:2153,0
DA:2156,0
DA:2160,0
DA:2161,0
DA:2164,0
DA:2165,0
DA:2168,0
DA:2169,0
DA:2172,0
DA:2173,0
DA:2177,0
DA:2178,0
DA:2182,0
DA:2183,0
DA:2189,0
DA:2190,0
DA:2192,0
DA:2193,0
DA:2194,0
DA:2195,0
DA:2197,0
DA:2200,0
DA:2201,0
DA:2203,0
DA:2204,0
DA:2205,0
DA:2206,0
DA:2208,0
DA:2209,0
DA:2211,0
DA:2214,0
DA:2215,0
DA:2217,0
DA:2340,0
DA:2341,0
DA:2342,0
DA:2343,0
DA:2344,0
DA:2346,0
DA:2348,0
DA:2352,0
DA:2353,0
DA:2359,0
DA:2361,0
DA:2364,0
DA:2365,0
DA:2366,0
DA:2367,0
DA:2368,0
DA:2369,0
DA:2370,0
DA:2374,0
DA:2377,0
DA:2382,0
DA:2383,0
DA:2384,0
DA:2395,0
DA:2397,0
DA:2398,0
DA:2399,0
DA:2400,0
DA:2401,0
DA:2402,0
DA:2405,0
DA:2406,0
DA:2407,0
DA:2410,0
DA:2411,0
DA:2414,0
DA:2415,0
DA:2416,0
DA:2417,0
DA:2420,0
DA:2421,0
DA:2424,0
DA:2425,0
DA:2426,0
DA:2427,0
DA:2433,0
DA:2434,0
DA:2435,0
DA:2440,0
DA:2442,0
DA:2443,0
DA:2446,0
DA:2447,0
DA:2451,0
DA:2452,0
DA:2457,0
DA:2458,0
DA:2461,0
DA:2513,0
DA:2514,0
DA:2516,0
DA:2570,0
DA:2572,0
DA:2609,0
DA:2618,0
DA:2627,0
DA:2667,0
DA:2684,0
DA:2685,0
DA:2686,0
DA:2687,0
DA:2690,0
DA:2691,0
DA:2692,0
DA:2694,0
DA:2701,0
DA:2702,0
DA:2711,0
DA:2712,0
DA:2716,0
DA:2717,0
DA:2718,0
DA:2720,0
DA:2722,0
DA:2723,0
DA:2724,0
DA:2728,0
DA:2729,0
DA:2730,0
DA:2733,0
DA:2738,0
DA:2739,0
DA:2747,0
DA:2748,0
DA:2750,0
DA:2756,0
DA:2774,0
DA:2783,0
DA:2822,0
DA:2835,0
DA:2836,0
DA:2839,0
DA:2843,0
DA:2844,0
DA:2845,0
DA:2859,0
DA:2870,0
DA:2871,0
DA:2905,0
DA:2947,0
DA:3006,0
DA:3007,0
DA:3008,0
DA:3030,0
DA:3051,0
DA:3057,0
DA:3083,0
DA:3084,0
DA:3095,0
DA:3108,0
DA:3122,0
DA:3136,0
DA:3157,0
DA:3158,0
DA:3159,0
DA:3198,0
DA:3207,0
DA:3210,0
DA:3217,0
DA:3240,0
DA:3249,0
DA:3274,0
DA:3283,0
DA:3297,0
DA:3298,0
DA:3334,0
DA:3345,0
DA:3352,0
DA:3354,0
DA:3355,0
DA:3357,0
DA:3358,0
DA:3361,0
DA:3381,0
DA:3388,0
DA:3390,0
DA:3418,0
DA:3421,0
DA:3431,0
DA:3432,0
DA:3442,0
DA:3443,0
DA:3461,0
DA:3463,0
DA:3464,0
DA:3468,0
DA:3469,0
DA:3470,0
DA:3471,0
DA:3486,0
DA:3489,0
DA:3506,0
DA:3508,0
DA:3513,0
DA:3518,0
DA:3537,0
DA:3543,0
DA:3556,0
DA:3574,0
DA:3613,0
DA:3632,0
DA:3654,0
DA:3662,0
DA:3681,0
DA:3693,0
DA:3711,0
DA:3854,0
DA:3971,0
DA:3976,0
DA:3977,0
DA:3990,0
DA:3991,0
DA:3996,0
DA:3997,0
DA:4061,0
DA:4114,0
DA:4124,0
DA:4125,0
DA:4148,0
DA:4149,0
DA:4186,0
DA:4244,0
DA:4259,0
DA:4260,0
DA:4269,0
DA:4271,0
DA:4272,0
DA:4276,0
DA:4277,0
DA:4279,0
DA:4280,0
DA:4309,0
DA:4310,0
DA:4315,0
DA:4316,0
DA:4318,0
DA:4319,0
DA:4321,0
DA:4322,0
DA:4326,0
DA:4342,0
DA:4352,0
DA:4353,0
DA:4354,0
DA:4356,0
DA:4358,0
DA:4386,0
DA:4396,0
DA:4412,0
DA:4414,0
DA:4416,0
DA:4417,0
DA:4419,0
DA:4439,0
DA:4440,0
LF:819
LH:0
BRDA:314,0,0,0
BRDA:314,0,1,0
BRDA:314,1,0,0
BRDA:314,1,1,0
BRDA:322,2,0,0
BRDA:322,2,1,0
BRDA:338,3,0,0
BRDA:338,3,1,0
BRDA:340,4,0,0
BRDA:340,4,1,0
BRDA:342,5,0,0
BRDA:342,5,1,0
BRDA:344,6,0,0
BRDA:344,6,1,0
BRDA:351,7,0,0
BRDA:351,7,1,0
BRDA:353,8,0,0
BRDA:353,8,1,0
BRDA:355,9,0,0
BRDA:355,9,1,0
BRDA:357,10,0,0
BRDA:357,10,1,0
BRDA:368,11,0,0
BRDA:368,11,1,0
BRDA:369,12,0,0
BRDA:369,12,1,0
BRDA:370,13,0,0
BRDA:370,13,1,0
BRDA:371,14,0,0
BRDA:371,14,1,0
BRDA:372,15,0,0
BRDA:372,15,1,0
BRDA:377,16,0,0
BRDA:377,16,1,0
BRDA:379,17,0,0
BRDA:379,17,1,0
BRDA:390,18,0,0
BRDA:390,18,1,0
BRDA:390,19,0,0
BRDA:390,19,1,0
BRDA:390,20,0,0
BRDA:390,20,1,0
BRDA:390,21,0,0
BRDA:390,21,1,0
BRDA:470,22,0,0
BRDA:470,22,1,0
BRDA:476,23,0,0
BRDA:476,23,1,0
BRDA:489,24,0,0
BRDA:489,24,1,0
BRDA:490,25,0,0
BRDA:490,25,1,0
BRDA:491,26,0,0
BRDA:491,26,1,0
BRDA:492,27,0,0
BRDA:492,27,1,0
BRDA:493,28,0,0
BRDA:493,28,1,0
BRDA:494,29,0,0
BRDA:494,29,1,0
BRDA:495,30,0,0
BRDA:495,30,1,0
BRDA:496,31,0,0
BRDA:496,31,1,0
BRDA:497,32,0,0
BRDA:497,32,1,0
BRDA:498,33,0,0
BRDA:498,33,1,0
BRDA:499,34,0,0
BRDA:499,34,1,0
BRDA:500,35,0,0
BRDA:500,35,1,0
BRDA:501,36,0,0
BRDA:501,36,1,0
BRDA:502,37,0,0
BRDA:502,37,1,0
BRDA:503,38,0,0
BRDA:503,38,1,0
BRDA:515,39,0,0
BRDA:515,39,1,0
BRDA:519,40,0,0
BRDA:519,40,1,0
BRDA:519,41,0,0
BRDA:519,41,1,0
BRDA:534,42,0,0
BRDA:534,42,1,0
BRDA:534,43,0,0
BRDA:534,43,1,0
BRDA:549,44,0,0
BRDA:549,44,1,0
BRDA:549,45,0,0
BRDA:549,45,1,0
BRDA:564,46,0,0
BRDA:564,46,1,0
BRDA:564,47,0,0
BRDA:564,47,1,0
BRDA:580,48,0,0
BRDA:580,48,1,0
BRDA:588,49,0,0
BRDA:588,49,1,0
BRDA:602,50,0,0
BRDA:602,50,1,0
BRDA:619,51,0,0
BRDA:619,51,1,0
BRDA:628,52,0,0
BRDA:628,52,1,0
BRDA:628,53,0,0
BRDA:628,53,1,0
BRDA:636,54,0,0
BRDA:636,54,1,0
BRDA:636,55,0,0
BRDA:636,55,1,0
BRDA:648,56,0,0
BRDA:648,56,1,0
BRDA:652,57,0,0
BRDA:652,57,1,0
BRDA:665,58,0,0
BRDA:665,58,1,0
BRDA:679,59,0,0
BRDA:679,59,1,0
BRDA:692,60,0,0
BRDA:692,60,1,0
BRDA:706,61,0,0
BRDA:706,61,1,0
BRDA:719,62,0,0
BRDA:719,62,1,0
BRDA:733,63,0,0
BRDA:733,63,1,0
BRDA:756,64,0,0
BRDA:756,64,1,0
BRDA:760,65,0,0
BRDA:760,65,1,0
BRDA:760,66,0,0
BRDA:760,66,1,0
BRDA:775,67,0,0
BRDA:775,67,1,0
BRDA:775,68,0,0
BRDA:775,68,1,0
BRDA:790,69,0,0
BRDA:790,69,1,0
BRDA:790,70,0,0
BRDA:790,70,1,0
BRDA:805,71,0,0
BRDA:805,71,1,0
BRDA:805,72,0,0
BRDA:805,72,1,0
BRDA:830,73,0,0
BRDA:830,73,1,0
BRDA:840,74,0,0
BRDA:840,74,1,0
BRDA:862,75,0,0
BRDA:862,75,1,0
BRDA:918,76,0,0
BRDA:918,76,1,0
BRDA:938,77,0,0
BRDA:938,77,1,0
BRDA:945,78,0,0
BRDA:945,78,1,0
BRDA:960,79,0,0
BRDA:960,79,1,0
BRDA:962,80,0,0
BRDA:962,80,1,0
BRDA:967,81,0,0
BRDA:967,81,1,0
BRDA:967,82,0,0
BRDA:967,82,1,0
BRDA:975,83,0,0
BRDA:975,83,1,0
BRDA:987,84,0,0
BRDA:987,84,1,0
BRDA:988,85,0,0
BRDA:988,85,1,0
BRDA:988,86,0,0
BRDA:988,86,1,0
BRDA:989,87,0,0
BRDA:989,87,1,0
BRDA:989,87,2,0
BRDA:990,88,0,0
BRDA:990,88,1,0
BRDA:990,88,2,0
BRDA:990,88,3,0
BRDA:991,89,0,0
BRDA:991,89,1,0
BRDA:993,90,0,0
BRDA:993,90,1,0
BRDA:994,91,0,0
BRDA:994,91,1,0
BRDA:998,92,0,0
BRDA:998,92,1,0
BRDA:998,93,0,0
BRDA:998,93,1,0
BRDA:998,93,2,0
BRDA:1000,94,0,0
BRDA:1000,94,1,0
BRDA:1003,95,0,0
BRDA:1003,95,1,0
BRDA:1005,96,0,0
BRDA:1005,96,1,0
BRDA:1005,97,0,0
BRDA:1005,97,1,0
BRDA:1008,98,0,0
BRDA:1008,98,1,0
BRDA:1008,99,0,0
BRDA:1008,99,1,0
BRDA:1009,100,0,0
BRDA:1009,100,1,0
BRDA:1009,100,2,0
BRDA:1010,101,0,0
BRDA:1010,101,1,0
BRDA:1010,101,2,0
BRDA:1013,102,0,0
BRDA:1013,102,1,0
BRDA:1021,103,0,0
BRDA:1021,103,1,0
BRDA:1021,104,0,0
BRDA:1021,104,1,0
BRDA:1024,105,0,0
BRDA:1024,105,1,0
BRDA:1024,106,0,0
BRDA:1024,106,1,0
BRDA:1025,107,0,0
BRDA:1025,107,1,0
BRDA:1025,107,2,0
BRDA:1026,108,0,0
BRDA:1026,108,1,0
BRDA:1026,108,2,0
BRDA:1029,109,0,0
BRDA:1029,109,1,0
BRDA:1037,110,0,0
BRDA:1037,110,1,0
BRDA:1037,111,0,0
BRDA:1037,111,1,0
BRDA:1039,112,0,0
BRDA:1039,112,1,0
BRDA:1042,113,0,0
BRDA:1042,113,1,0
BRDA:1042,114,0,0
BRDA:1042,114,1,0
BRDA:1043,115,0,0
BRDA:1043,115,1,0
BRDA:1043,115,2,0
BRDA:1044,116,0,0
BRDA:1044,116,1,0
BRDA:1044,116,2,0
BRDA:1047,117,0,0
BRDA:1047,117,1,0
BRDA:1062,118,0,0
BRDA:1062,118,1,0
BRDA:1065,119,0,0
BRDA:1065,119,1,0
BRDA:1065,119,2,0
BRDA:1066,120,0,0
BRDA:1066,120,1,0
BRDA:1066,120,2,0
BRDA:1070,121,0,0
BRDA:1070,121,1,0
BRDA:1072,122,0,0
BRDA:1072,122,1,0
BRDA:1074,123,0,0
BRDA:1074,123,1,0
BRDA:1075,124,0,0
BRDA:1075,124,1,0
BRDA:1075,124,2,0
BRDA:1079,125,0,0
BRDA:1079,125,1,0
BRDA:1080,126,0,0
BRDA:1080,126,1,0
BRDA:1081,127,0,0
BRDA:1081,127,1,0
BRDA:1081,128,0,0
BRDA:1081,128,1,0
BRDA:1082,129,0,0
BRDA:1082,129,1,0
BRDA:1082,129,2,0
BRDA:1083,130,0,0
BRDA:1083,130,1,0
BRDA:1083,130,2,0
BRDA:1083,130,3,0
BRDA:1084,131,0,0
BRDA:1084,131,1,0
BRDA:1086,132,0,0
BRDA:1086,132,1,0
BRDA:1092,133,0,0
BRDA:1092,133,1,0
BRDA:1093,134,0,0
BRDA:1093,134,1,0
BRDA:1101,135,0,0
BRDA:1101,135,1,0
BRDA:1102,136,0,0
BRDA:1102,136,1,0
BRDA:1102,137,0,0
BRDA:1102,137,1,0
BRDA:1103,138,0,0
BRDA:1103,138,1,0
BRDA:1103,138,2,0
BRDA:1104,139,0,0
BRDA:1104,139,1,0
BRDA:1104,139,2,0
BRDA:1104,139,3,0
BRDA:1105,140,0,0
BRDA:1105,140,1,0
BRDA:1111,141,0,0
BRDA:1111,141,1,0
BRDA:1111,142,0,0
BRDA:1111,142,1,0
BRDA:1115,143,0,0
BRDA:1115,143,1,0
BRDA:1115,144,0,0
BRDA:1115,144,1,0
BRDA:1117,145,0,0
BRDA:1117,145,1,0
BRDA:1120,146,0,0
BRDA:1120,146,1,0
BRDA:1120,147,0,0
BRDA:1120,147,1,0
BRDA:1121,148,0,0
BRDA:1121,148,1,0
BRDA:1121,148,2,0
BRDA:1122,149,0,0
BRDA:1122,149,1,0
BRDA:1122,149,2,0
BRDA:1139,150,0,0
BRDA:1139,150,1,0
BRDA:1151,151,0,0
BRDA:1151,151,1,0
BRDA:1152,152,0,0
BRDA:1152,152,1,0
BRDA:1153,153,0,0
BRDA:1153,153,1,0
BRDA:1169,154,0,0
BRDA:1169,154,1,0
BRDA:1171,155,0,0
BRDA:1171,155,1,0
BRDA:1182,156,0,0
BRDA:1182,156,1,0
BRDA:1182,157,0,0
BRDA:1182,157,1,0
BRDA:1185,158,0,0
BRDA:1185,158,1,0
BRDA:1194,159,0,0
BRDA:1194,159,1,0
BRDA:1204,160,0,0
BRDA:1204,160,1,0
BRDA:1205,161,0,0
BRDA:1205,161,1,0
BRDA:1206,162,0,0
BRDA:1206,162,1,0
BRDA:1207,163,0,0
BRDA:1207,163,1,0
BRDA:1208,164,0,0
BRDA:1208,164,1,0
BRDA:1211,165,0,0
BRDA:1211,165,1,0
BRDA:1212,166,0,0
BRDA:1212,166,1,0
BRDA:1213,167,0,0
BRDA:1213,167,1,0
BRDA:1214,168,0,0
BRDA:1214,168,1,0
BRDA:1215,169,0,0
BRDA:1215,169,1,0
BRDA:1225,170,0,0
BRDA:1225,170,1,0
BRDA:1246,171,0,0
BRDA:1246,171,1,0
BRDA:1249,172,0,0
BRDA:1249,172,1,0
BRDA:1250,173,0,0
BRDA:1250,173,1,0
BRDA:1257,174,0,0
BRDA:1257,174,1,0
BRDA:1268,175,0,0
BRDA:1268,175,1,0
BRDA:1273,176,0,0
BRDA:1273,176,1,0
BRDA:1290,177,0,0
BRDA:1290,177,1,0
BRDA:1297,178,0,0
BRDA:1297,178,1,0
BRDA:1298,179,0,0
BRDA:1298,179,1,0
BRDA:1307,180,0,0
BRDA:1307,180,1,0
BRDA:1316,181,0,0
BRDA:1316,181,1,0
BRDA:1320,182,0,0
BRDA:1320,182,1,0
BRDA:1321,183,0,0
BRDA:1321,183,1,0
BRDA:1346,184,0,0
BRDA:1346,184,1,0
BRDA:1355,185,0,0
BRDA:1355,185,1,0
BRDA:1356,186,0,0
BRDA:1356,186,1,0
BRDA:1357,187,0,0
BRDA:1357,187,1,0
BRDA:1378,188,0,0
BRDA:1378,188,1,0
BRDA:1474,189,0,0
BRDA:1474,189,1,0
BRDA:1474,190,0,0
BRDA:1474,190,1,0
BRDA:1480,191,0,0
BRDA:1480,191,1,0
BRDA:1480,192,0,0
BRDA:1480,192,1,0
BRDA:1488,193,0,0
BRDA:1488,193,1,0
BRDA:1492,194,0,0
BRDA:1492,194,1,0
BRDA:1507,195,0,0
BRDA:1507,195,1,0
BRDA:1559,196,0,0
BRDA:1559,196,1,0
BRDA:1560,197,0,0
BRDA:1560,197,1,0
BRDA:1562,198,0,0
BRDA:1562,198,1,0
BRDA:1565,199,0,0
BRDA:1565,199,1,0
BRDA:1566,200,0,0
BRDA:1566,200,1,0
BRDA:1567,201,0,0
BRDA:1567,201,1,0
BRDA:1567,201,2,0
BRDA:1568,202,0,0
BRDA:1568,202,1,0
BRDA:1568,203,0,0
BRDA:1568,203,1,0
BRDA:1571,204,0,0
BRDA:1571,204,1,0
BRDA:1614,205,0,0
BRDA:1614,205,1,0
BRDA:1614,205,2,0
BRDA:1615,206,0,0
BRDA:1615,206,1,0
BRDA:1615,206,2,0
BRDA:1632,207,0,0
BRDA:1632,207,1,0
BRDA:1641,208,0,0
BRDA:1641,208,1,0
BRDA:1641,209,0,0
BRDA:1641,209,1,0
BRDA:1646,210,0,0
BRDA:1646,210,1,0
BRDA:1659,211,0,0
BRDA:1659,211,1,0
BRDA:1669,212,0,0
BRDA:1669,212,1,0
BRDA:1669,213,0,0
BRDA:1669,213,1,0
BRDA:1674,214,0,0
BRDA:1674,214,1,0
BRDA:1682,215,0,0
BRDA:1682,215,1,0
BRDA:1686,216,0,0
BRDA:1686,216,1,0
BRDA:1686,217,0,0
BRDA:1686,217,1,0
BRDA:1689,218,0,0
BRDA:1689,218,1,0
BRDA:1690,219,0,0
BRDA:1690,219,1,0
BRDA:1700,220,0,0
BRDA:1700,220,1,0
BRDA:1700,221,0,0
BRDA:1700,221,1,0
BRDA:1703,222,0,0
BRDA:1703,222,1,0
BRDA:1704,223,0,0
BRDA:1704,223,1,0
BRDA:1717,224,0,0
BRDA:1717,224,1,0
BRDA:1720,225,0,0
BRDA:1720,225,1,0
BRDA:1722,226,0,0
BRDA:1722,226,1,0
BRDA:1743,227,0,0
BRDA:1743,227,1,0
BRDA:1752,228,0,0
BRDA:1752,228,1,0
BRDA:1798,229,0,0
BRDA:1798,229,1,0
BRDA:1798,230,0,0
BRDA:1798,230,1,0
BRDA:1798,230,2,0
BRDA:1802,231,0,0
BRDA:1802,231,1,0
BRDA:1802,232,0,0
BRDA:1802,232,1,0
BRDA:1805,233,0,0
BRDA:1805,233,1,0
BRDA:1805,234,0,0
BRDA:1805,234,1,0
BRDA:1805,234,2,0
BRDA:1810,235,0,0
BRDA:1810,235,1,0
BRDA:1837,236,0,0
BRDA:1837,236,1,0
BRDA:1844,237,0,0
BRDA:1844,237,1,0
BRDA:1860,238,0,0
BRDA:1860,238,1,0
BRDA:1862,239,0,0
BRDA:1862,239,1,0
BRDA:1883,240,0,0
BRDA:1883,240,1,0
BRDA:1891,241,0,0
BRDA:1891,241,1,0
BRDA:1895,242,0,0
BRDA:1895,242,1,0
BRDA:1896,243,0,0
BRDA:1896,243,1,0
BRDA:1896,243,2,0
BRDA:1918,244,0,0
BRDA:1918,244,1,0
BRDA:1918,245,0,0
BRDA:1918,245,1,0
BRDA:1918,245,2,0
BRDA:1918,245,3,0
BRDA:1925,246,0,0
BRDA:1925,246,1,0
BRDA:1926,247,0,0
BRDA:1926,247,1,0
BRDA:1926,248,0,0
BRDA:1926,248,1,0
BRDA:1928,249,0,0
BRDA:1928,249,1,0
BRDA:1938,250,0,0
BRDA:1938,250,1,0
BRDA:1938,250,2,0
BRDA:1959,251,0,0
BRDA:1964,252,0,0
BRDA:1974,253,0,0
BRDA:1974,253,1,0
BRDA:1985,254,0,0
BRDA:1985,254,1,0
BRDA:1988,255,0,0
BRDA:1988,255,1,0
BRDA:2001,256,0,0
BRDA:2001,256,1,0
BRDA:2006,257,0,0
BRDA:2006,257,1,0
BRDA:2009,258,0,0
BRDA:2009,258,1,0
BRDA:2022,259,0,0
BRDA:2022,259,1,0
BRDA:2042,260,0,0
BRDA:2042,261,0,0
BRDA:2045,262,0,0
BRDA:2045,262,1,0
BRDA:2046,263,0,0
BRDA:2046,263,1,0
BRDA:2069,264,0,0
BRDA:2069,264,1,0
BRDA:2069,265,0,0
BRDA:2069,265,1,0
BRDA:2138,266,0,0
BRDA:2138,266,1,0
BRDA:2140,267,0,0
BRDA:2140,267,1,0
BRDA:2146,268,0,0
BRDA:2146,268,1,0
BRDA:2148,269,0,0
BRDA:2148,269,1,0
BRDA:2153,270,0,0
BRDA:2153,270,1,0
BRDA:2154,271,0,0
BRDA:2154,271,1,0
BRDA:2155,272,0,0
BRDA:2155,272,1,0
BRDA:2156,273,0,0
BRDA:2156,273,1,0
BRDA:2178,274,0,0
BRDA:2178,274,1,0
BRDA:2190,275,0,0
BRDA:2190,275,1,0
BRDA:2190,276,0,0
BRDA:2190,276,1,0
BRDA:2190,276,2,0
BRDA:2201,277,0,0
BRDA:2201,277,1,0
BRDA:2201,278,0,0
BRDA:2201,278,1,0
BRDA:2343,279,0,0
BRDA:2343,279,1,0
BRDA:2366,280,0,0
BRDA:2366,280,1,0
BRDA:2415,281,0,0
BRDA:2415,281,1,0
BRDA:2417,282,0,0
BRDA:2417,282,1,0
BRDA:2426,283,0,0
BRDA:2426,283,1,0
BRDA:2430,284,0,0
BRDA:2430,284,1,0
BRDA:2442,285,0,0
BRDA:2442,285,1,0
BRDA:2461,286,0,0
BRDA:2461,286,1,0
BRDA:2461,287,0,0
BRDA:2461,287,1,0
BRDA:2475,288,0,0
BRDA:2475,288,1,0
BRDA:2481,289,0,0
BRDA:2481,289,1,0
BRDA:2506,290,0,0
BRDA:2518,291,0,0
BRDA:2518,291,1,0
BRDA:2519,292,0,0
BRDA:2519,292,1,0
BRDA:2520,293,0,0
BRDA:2520,293,1,0
BRDA:2521,294,0,0
BRDA:2521,294,1,0
BRDA:2529,295,0,0
BRDA:2535,296,0,0
BRDA:2544,297,0,0
BRDA:2544,297,1,0
BRDA:2550,298,0,0
BRDA:2564,299,0,0
BRDA:2574,300,0,0
BRDA:2574,300,1,0
BRDA:2582,301,0,0
BRDA:2582,301,1,0
BRDA:2584,302,0,0
BRDA:2584,302,1,0
BRDA:2596,303,0,0
BRDA:2602,304,0,0
BRDA:2602,304,1,0
BRDA:2609,305,0,0
BRDA:2609,305,1,0
BRDA:2613,306,0,0
BRDA:2613,306,1,0
BRDA:2639,307,0,0
BRDA:2639,307,1,0
BRDA:2643,308,0,0
BRDA:2643,308,1,0
BRDA:2647,309,0,0
BRDA:2647,309,1,0
BRDA:2651,310,0,0
BRDA:2651,310,1,0
BRDA:2652,311,0,0
BRDA:2652,311,1,0
BRDA:2671,312,0,0
BRDA:2671,312,1,0
BRDA:2681,313,0,0
BRDA:2681,313,1,0
BRDA:2685,314,0,0
BRDA:2685,314,1,0
BRDA:2687,315,0,0
BRDA:2687,315,1,0
BRDA:2691,316,0,0
BRDA:2691,316,1,0
BRDA:2701,317,0,0
BRDA:2701,317,1,0
BRDA:2703,318,0,0
BRDA:2703,318,1,0
BRDA:2712,319,0,0
BRDA:2712,319,1,0
BRDA:2720,320,0,0
BRDA:2720,320,1,0
BRDA:2720,321,0,0
BRDA:2720,321,1,0
BRDA:2720,321,2,0
BRDA:2722,322,0,0
BRDA:2722,322,1,0
BRDA:2750,323,0,0
BRDA:2750,323,1,0
BRDA:2756,324,0,0
BRDA:2756,324,1,0
BRDA:2756,325,0,0
BRDA:2756,325,1,0
BRDA:2773,326,0,0
BRDA:2773,326,1,0
BRDA:2773,327,0,0
BRDA:2773,327,1,0
BRDA:2786,328,0,0
BRDA:2786,328,1,0
BRDA:2806,329,0,0
BRDA:2806,329,1,0
BRDA:2815,330,0,0
BRDA:2815,330,1,0
BRDA:2833,331,0,0
BRDA:2832,332,0,0
BRDA:2832,332,1,0
BRDA:2835,333,0,0
BRDA:2835,333,1,0
BRDA:2836,334,0,0
BRDA:2836,334,1,0
BRDA:2848,335,0,0
BRDA:2848,335,1,0
BRDA:2852,336,0,0
BRDA:2852,336,1,0
BRDA:2852,337,0,0
BRDA:2852,337,1,0
BRDA:2854,338,0,0
BRDA:2859,339,0,0
BRDA:2894,340,0,0
BRDA:2894,340,1,0
BRDA:2906,341,0,0
BRDA:2906,341,1,0
BRDA:2907,342,0,0
BRDA:2907,342,1,0
BRDA:2915,343,0,0
BRDA:2919,344,0,0
BRDA:2936,345,0,0
BRDA:2936,345,1,0
BRDA:2945,346,0,0
BRDA:2944,347,0,0
BRDA:2944,347,1,0
BRDA:3070,348,0,0
BRDA:3074,349,0,0
BRDA:3074,349,1,0
BRDA:3088,350,0,0
BRDA:3088,350,1,0
BRDA:3115,351,0,0
BRDA:3143,352,0,0
BRDA:3143,352,1,0
BRDA:3143,352,2,0
BRDA:3168,353,0,0
BRDA:3168,353,1,0
BRDA:3168,353,2,0
BRDA:3168,353,3,0
BRDA:3168,353,4,0
BRDA:3174,354,0,0
BRDA:3174,354,1,0
BRDA:3228,355,0,0
BRDA:3232,356,0,0
BRDA:3232,356,1,0
BRDA:3283,357,0,0
BRDA:3283,357,1,0
BRDA:3292,358,0,0
BRDA:3292,358,1,0
BRDA:3322,359,0,0
BRDA:3322,360,0,0
BRDA:3322,360,1,0
BRDA:3330,361,0,0
BRDA:3338,362,0,0
BRDA:3338,362,1,0
BRDA:3345,363,0,0
BRDA:3345,364,0,0
BRDA:3345,364,1,0
BRDA:3351,365,0,0
BRDA:3351,365,1,0
BRDA:3357,366,0,0
BRDA:3357,366,1,0
BRDA:3357,367,0,0
BRDA:3357,367,1,0
BRDA:3364,368,0,0
BRDA:3364,368,1,0
BRDA:3381,369,0,0
BRDA:3381,370,0,0
BRDA:3381,370,1,0
BRDA:3387,371,0,0
BRDA:3387,371,1,0
BRDA:3417,372,0,0
BRDA:3417,372,1,0
BRDA:3458,373,0,0
BRDA:3458,373,1,0
BRDA:3463,374,0,0
BRDA:3463,374,1,0
BRDA:3469,375,0,0
BRDA:3469,375,1,0
BRDA:3469,376,0,0
BRDA:3469,376,1,0
BRDA:3479,377,0,0
BRDA:3479,377,1,0
BRDA:3481,378,0,0
BRDA:3481,378,1,0
BRDA:3482,379,0,0
BRDA:3482,379,1,0
BRDA:3484,380,0,0
BRDA:3484,380,1,0
BRDA:3486,381,0,0
BRDA:3489,382,0,0
BRDA:3510,383,0,0
BRDA:3510,383,1,0
BRDA:3515,384,0,0
BRDA:3515,384,1,0
BRDA:3520,385,0,0
BRDA:3520,385,1,0
BRDA:3556,386,0,0
BRDA:3556,386,1,0
BRDA:3556,387,0,0
BRDA:3556,387,1,0
BRDA:3630,388,0,0
BRDA:3681,389,0,0
BRDA:3681,389,1,0
BRDA:3693,390,0,0
BRDA:3693,390,1,0
BRDA:3693,391,0,0
BRDA:3693,391,1,0
BRDA:3693,391,2,0
BRDA:3693,391,3,0
BRDA:3706,392,0,0
BRDA:3710,393,0,0
BRDA:3724,394,0,0
BRDA:3724,394,1,0
BRDA:3727,395,0,0
BRDA:3732,396,0,0
BRDA:3780,397,0,0
BRDA:3780,397,1,0
BRDA:3781,398,0,0
BRDA:3781,398,1,0
BRDA:3793,399,0,0
BRDA:3792,400,0,0
BRDA:3792,400,1,0
BRDA:3794,401,0,0
BRDA:3794,401,1,0
BRDA:3794,401,2,0
BRDA:3798,402,0,0
BRDA:3798,402,1,0
BRDA:3798,402,2,0
BRDA:3816,403,0,0
BRDA:3816,403,1,0
BRDA:3825,404,0,0
BRDA:3825,404,1,0
BRDA:3840,405,0,0
BRDA:3866,406,0,0
BRDA:3865,407,0,0
BRDA:3865,407,1,0
BRDA:3867,408,0,0
BRDA:3867,408,1,0
BRDA:3867,408,2,0
BRDA:3871,409,0,0
BRDA:3871,409,1,0
BRDA:3871,409,2,0
BRDA:3883,410,0,0
BRDA:3886,411,0,0
BRDA:3897,412,0,0
BRDA:3897,412,1,0
BRDA:3900,413,0,0
BRDA:3908,414,0,0
BRDA:3917,415,0,0
BRDA:3916,416,0,0
BRDA:3916,416,1,0
BRDA:3918,417,0,0
BRDA:3918,417,1,0
BRDA:3918,417,2,0
BRDA:3922,418,0,0
BRDA:3922,418,1,0
BRDA:3922,418,2,0
BRDA:3934,419,0,0
BRDA:3945,420,0,0
BRDA:3950,421,0,0
BRDA:3950,421,1,0
BRDA:3963,422,0,0
BRDA:3967,423,0,0
BRDA:3964,424,0,0
BRDA:3964,424,1,0
BRDA:3964,424,2,0
BRDA:3964,424,3,0
BRDA:3990,425,0,0
BRDA:3990,425,1,0
BRDA:3990,425,2,0
BRDA:4022,426,0,0
BRDA:4024,427,0,0
BRDA:4024,427,1,0
BRDA:4027,428,0,0
BRDA:4027,428,1,0
BRDA:4031,429,0,0
BRDA:4031,429,1,0
BRDA:4033,430,0,0
BRDA:4033,430,1,0
BRDA:4039,431,0,0
BRDA:4073,432,0,0
BRDA:4072,433,0,0
BRDA:4072,433,1,0
BRDA:4077,434,0,0
BRDA:4077,434,1,0
BRDA:4084,435,0,0
BRDA:4094,436,0,0
BRDA:4094,436,1,0
BRDA:4097,437,0,0
BRDA:4105,438,0,0
BRDA:4109,439,0,0
BRDA:4125,440,0,0
BRDA:4125,440,1,0
BRDA:4148,441,0,0
BRDA:4148,441,1,0
BRDA:4154,442,0,0
BRDA:4154,442,1,0
BRDA:4159,443,0,0
BRDA:4158,444,0,0
BRDA:4158,444,1,0
BRDA:4170,445,0,0
BRDA:4205,446,0,0
BRDA:4205,446,1,0
BRDA:4234,447,0,0
BRDA:4260,448,0,0
BRDA:4260,448,1,0
BRDA:4271,449,0,0
BRDA:4271,449,1,0
BRDA:4277,450,0,0
BRDA:4277,450,1,0
BRDA:4277,451,0,0
BRDA:4277,451,1,0
BRDA:4279,452,0,0
BRDA:4279,452,1,0
BRDA:4315,453,0,0
BRDA:4315,453,1,0
BRDA:4318,454,0,0
BRDA:4318,454,1,0
BRDA:4321,455,0,0
BRDA:4321,455,1,0
BRDA:4326,456,0,0
BRDA:4326,456,1,0
BRDA:4344,457,0,0
BRDA:4356,458,0,0
BRDA:4356,458,1,0
BRDA:4356,459,0,0
BRDA:4356,459,1,0
BRDA:4360,460,0,0
BRDA:4360,460,1,0
BRDA:4361,461,0,0
BRDA:4361,461,1,0
BRDA:4369,462,0,0
BRDA:4388,463,0,0
BRDA:4411,464,0,0
BRDA:4413,465,0,0
BRDA:4413,465,1,0
BRDA:4414,466,0,0
BRDA:4414,466,1,0
BRDA:4414,467,0,0
BRDA:4414,467,1,0
BRDA:4419,468,0,0
BRDA:4419,468,1,0
BRF:929
BRH:0
end_of_record
TN:
SF:components\manuscript-full-text-view.tsx
FN:20,(anonymous_2)
FN:141,(anonymous_3)
FNF:2
FNH:0
FNDA:0,(anonymous_2)
FNDA:0,(anonymous_3)
DA:1,0
DA:2,0
DA:3,0
DA:9,0
DA:20,0
DA:141,0
LF:6
LH:0
BRDA:37,0,0,0
BRDA:40,1,0,0
BRDA:40,1,1,0
BRDA:42,2,0,0
BRDA:47,3,0,0
BRDA:57,4,0,0
BRDA:65,5,0,0
BRDA:83,6,0,0
BRDA:92,7,0,0
BRDA:99,8,0,0
BRDA:115,9,0,0
BRDA:124,10,0,0
BRDA:127,11,0,0
BRDA:133,12,0,0
BRDA:158,13,0,0
BRF:15
BRH:0
end_of_record
TN:
SF:components\manuscript-loading-screen.tsx
FN:14,(anonymous_2)
FNF:1
FNH:0
FNDA:0,(anonymous_2)
DA:1,0
DA:2,0
DA:7,0
DA:14,0
LF:4
LH:0
BRDA:30,0,0,0
BRDA:30,0,1,0
BRDA:36,1,0,0
BRF:3
BRH:0
end_of_record
TN:
SF:components\qc-validation.tsx
FN:222,(anonymous_1)
FN:237,(anonymous_2)
FN:258,(anonymous_3)
FN:287,QCValidation
FN:296,(anonymous_5)
FN:305,(anonymous_6)
FN:306,(anonymous_7)
FN:307,(anonymous_8)
FN:310,(anonymous_9)
FN:311,(anonymous_10)
FN:312,(anonymous_11)
FN:320,(anonymous_12)
FN:321,(anonymous_13)
FN:322,(anonymous_14)
FN:328,(anonymous_15)
FN:351,(anonymous_16)
FN:354,(anonymous_17)
FN:355,(anonymous_18)
FN:356,(anonymous_19)
FN:357,(anonymous_20)
FN:410,(anonymous_21)
FN:413,(anonymous_22)
FN:516,(anonymous_23)
FN:536,(anonymous_24)
FN:547,(anonymous_25)
FN:562,(anonymous_26)
FN:564,(anonymous_27)
FN:588,QCCheckCard
FN:643,(anonymous_29)
FN:673,(anonymous_30)
FN:679,(anonymous_31)
FNF:31
FNH:0
FNDA:0,(anonymous_1)
FNDA:0,(anonymous_2)
FNDA:0,(anonymous_3)
FNDA:0,QCValidation
FNDA:0,(anonymous_5)
FNDA:0,(anonymous_6)
FNDA:0,(anonymous_7)
FNDA:0,(anonymous_8)
FNDA:0,(anonymous_9)
FNDA:0,(anonymous_10)
FNDA:0,(anonymous_11)
FNDA:0,(anonymous_12)
FNDA:0,(anonymous_13)
FNDA:0,(anonymous_14)
FNDA:0,(anonymous_15)
FNDA:0,(anonymous_16)
FNDA:0,(anonymous_17)
FNDA:0,(anonymous_18)
FNDA:0,(anonymous_19)
FNDA:0,(anonymous_20)
FNDA:0,(anonymous_21)
FNDA:0,(anonymous_22)
FNDA:0,(anonymous_23)
FNDA:0,(anonymous_24)
FNDA:0,(anonymous_25)
FNDA:0,(anonymous_26)
FNDA:0,(anonymous_27)
FNDA:0,QCCheckCard
FNDA:0,(anonymous_29)
FNDA:0,(anonymous_30)
FNDA:0,(anonymous_31)
DA:3,0
DA:4,0
DA:5,0
DA:6,0
DA:7,0
DA:8,0
DA:9,0
DA:10,0
DA:33,0
DA:40,0
DA:222,0
DA:223,0
DA:237,0
DA:238,0
DA:258,0
DA:259,0
DA:287,0
DA:288,0
DA:289,0
DA:290,0
DA:291,0
DA:292,0
DA:293,0
DA:294,0
DA:296,0
DA:297,0
DA:298,0
DA:299,0
DA:300,0
DA:301,0
DA:304,0
DA:305,0
DA:306,0
DA:307,0
DA:310,0
DA:311,0
DA:312,0
DA:313,0
DA:320,0
DA:321,0
DA:322,0
DA:323,0
DA:328,0
DA:330,0
DA:351,0
DA:354,0
DA:355,0
DA:356,0
DA:357,0
DA:410,0
DA:413,0
DA:516,0
DA:537,0
DA:548,0
DA:563,0
DA:565,0
DA:644,0
DA:673,0
DA:679,0
LF:59
LH:0
BRDA:297,0,0,0
BRDA:297,0,1,0
BRDA:297,1,0,0
BRDA:297,1,1,0
BRDA:298,2,0,0
BRDA:298,2,1,0
BRDA:298,3,0,0
BRDA:298,3,1,0
BRDA:299,4,0,0
BRDA:299,4,1,0
BRDA:299,5,0,0
BRDA:299,5,1,0
BRDA:300,6,0,0
BRDA:300,6,1,0
BRDA:300,7,0,0
BRDA:300,7,1,0
BRDA:313,8,0,0
BRDA:313,8,1,0
BRDA:323,9,0,0
BRDA:323,9,1,0
BRDA:356,10,0,0
BRDA:356,10,1,0
BRDA:514,11,0,0
BRDA:514,11,1,0
BRDA:519,12,0,0
BRDA:520,13,0,0
BRDA:520,13,1,0
BRDA:538,14,0,0
BRDA:572,15,0,0
BRDA:600,16,0,0
BRDA:600,16,1,0
BRDA:602,17,0,0
BRDA:602,17,1,0
BRDA:604,18,0,0
BRDA:604,18,1,0
BRDA:625,19,0,0
BRDA:628,20,0,0
BRDA:628,20,1,0
BRDA:631,21,0,0
BRDA:640,22,0,0
BRDA:656,23,0,0
BRDA:671,24,0,0
BRDA:671,24,1,0
BRDA:677,25,0,0
BRDA:677,25,1,0
BRDA:680,26,0,0
BRDA:681,27,0,0
BRDA:681,27,1,0
BRF:48
BRH:0
end_of_record
TN:
SF:components\real-data-manager.tsx
FN:31,RealDataManager
FN:38,(anonymous_5)
FN:57,(anonymous_6)
FN:61,(anonymous_7)
FN:62,(anonymous_8)
FN:71,(anonymous_9)
FN:77,(anonymous_10)
FN:91,(anonymous_11)
FN:144,(anonymous_12)
FN:168,(anonymous_13)
FN:176,(anonymous_14)
FN:200,(anonymous_15)
FN:221,(anonymous_16)
FN:254,(anonymous_17)
FN:262,(anonymous_18)
FN:268,(anonymous_19)
FN:277,(anonymous_20)
FNF:17
FNH:0
FNDA:0,RealDataManager
FNDA:0,(anonymous_5)
FNDA:0,(anonymous_6)
FNDA:0,(anonymous_7)
FNDA:0,(anonymous_8)
FNDA:0,(anonymous_9)
FNDA:0,(anonymous_10)
FNDA:0,(anonymous_11)
FNDA:0,(anonymous_12)
FNDA:0,(anonymous_13)
FNDA:0,(anonymous_14)
FNDA:0,(anonymous_15)
FNDA:0,(anonymous_16)
FNDA:0,(anonymous_17)
FNDA:0,(anonymous_18)
FNDA:0,(anonymous_19)
FNDA:0,(anonymous_20)
DA:3,0
DA:4,0
DA:5,0
DA:7,0
DA:19,0
DA:25,0
DA:31,0
DA:32,0
DA:33,0
DA:34,0
DA:35,0
DA:38,0
DA:39,0
DA:40,0
DA:42,0
DA:43,0
DA:44,0
DA:46,0
DA:47,0
DA:50,0
DA:52,0
DA:57,0
DA:58,0
DA:59,0
DA:61,0
DA:62,0
DA:65,0
DA:66,0
DA:71,0
DA:72,0
DA:73,0
DA:77,0
DA:78,0
DA:91,0
DA:92,0
DA:145,0
DA:168,0
DA:176,0
DA:201,0
DA:222,0
DA:254,0
DA:262,0
DA:269,0
DA:277,0
LF:44
LH:0
BRDA:46,0,0,0
BRDA:46,0,1,0
BRDA:50,1,0,0
BRDA:50,1,1,0
BRDA:62,2,0,0
BRDA:62,2,1,0
BRDA:65,3,0,0
BRDA:65,3,1,0
BRDA:113,4,0,0
BRDA:125,5,0,0
[...]
DA:302,0
DA:325,0
DA:329,0
DA:333,0
DA:334,0
DA:335,0
DA:336,0
DA:339,0
DA:340,0
DA:341,0
DA:345,0
DA:354,0
DA:356,0
DA:357,0
DA:359,0
DA:362,0
DA:365,0
DA:373,0
DA:374,0
DA:375,0
DA:376,0
DA:384,0
DA:389,0
DA:396,0
DA:404,0
DA:421,0
DA:435,0
DA:441,0
DA:452,0
DA:453,0
DA:454,0
DA:455,0
DA:457,0
DA:462,0
DA:471,0
DA:472,0
DA:474,0
DA:475,0
DA:478,0
DA:487,0
DA:497,0
DA:498,0
DA:500,0
DA:509,0
DA:514,0
DA:515,0
DA:516,0
DA:517,0
DA:521,0
DA:526,0
DA:527,0
DA:528,0
DA:530,0
DA:535,0
DA:540,0
DA:541,0
DA:544,0
DA:545,0
DA:548,0
DA:549,0
DA:556,0
DA:560,0
DA:561,0
DA:563,0
DA:566,0
DA:567,0
DA:570,0
DA:571,0
DA:573,0
DA:579,0
DA:584,0
DA:588,0
DA:589,0
DA:590,0
DA:591,0
DA:592,0
DA:593,0
DA:594,0
DA:595,0
DA:596,0
DA:597,0
DA:598,0
LF:144
LH:0
BRDA:42,0,0,0
BRDA:43,1,0,0
BRDA:87,2,0,0
BRDA:87,2,1,0
BRDA:99,3,0,0
BRDA:99,3,1,0
BRDA:106,4,0,0
BRDA:106,4,1,0
BRDA:112,5,0,0
BRDA:112,5,1,0
BRDA:165,6,0,0
BRDA:165,6,1,0
BRDA:178,7,0,0
BRDA:178,7,1,0
BRDA:185,8,0,0
BRDA:185,8,1,0
BRDA:186,9,0,0
BRDA:186,9,1,0
BRDA:187,10,0,0
BRDA:187,10,1,0
BRDA:188,11,0,0
BRDA:188,11,1,0
BRDA:190,12,0,0
BRDA:190,12,1,0
BRDA:192,13,0,0
BRDA:192,13,1,0
BRDA:193,14,0,0
BRDA:193,14,1,0
BRDA:194,15,0,0
BRDA:194,15,1,0
BRDA:195,16,0,0
BRDA:195,16,1,0
BRDA:196,17,0,0
BRDA:196,17,1,0
BRDA:199,18,0,0
BRDA:199,18,1,0
BRDA:200,19,0,0
BRDA:200,19,1,0
BRDA:201,20,0,0
BRDA:201,20,1,0
BRDA:202,21,0,0
BRDA:202,21,1,0
BRDA:203,22,0,0
BRDA:203,22,1,0
BRDA:204,23,0,0
BRDA:204,23,1,0
BRDA:206,24,0,0
BRDA:206,24,1,0
BRDA:207,25,0,0
BRDA:207,25,1,0
BRDA:209,26,0,0
BRDA:209,26,1,0
BRDA:222,27,0,0
BRDA:222,27,1,0
BRDA:226,28,0,0
BRDA:226,28,1,0
BRDA:229,29,0,0
BRDA:229,29,1,0
BRDA:232,30,0,0
BRDA:232,30,1,0
BRDA:238,31,0,0
BRDA:238,31,1,0
BRDA:239,32,0,0
BRDA:239,32,1,0
BRDA:245,33,0,0
BRDA:245,33,1,0
BRDA:246,34,0,0
BRDA:246,34,1,0
BRDA:247,35,0,0
BRDA:247,35,1,0
BRDA:260,36,0,0
BRDA:260,36,1,0
BRDA:261,37,0,0
BRDA:261,37,1,0
BRDA:263,38,0,0
BRDA:263,38,1,0
BRDA:271,39,0,0
BRDA:271,39,1,0
BRDA:273,40,0,0
BRDA:273,40,1,0
BRDA:290,41,0,0
BRDA:290,41,1,0
BRDA:301,42,0,0
BRDA:301,42,1,0
BRDA:305,43,0,0
BRDA:305,43,1,0
BRDA:308,44,0,0
BRDA:308,44,1,0
BRDA:309,45,0,0
BRDA:309,45,1,0
BRDA:312,46,0,0
BRDA:312,46,1,0
BRDA:318,47,0,0
BRDA:318,47,1,0
BRDA:319,48,0,0
BRDA:319,48,1,0
BRDA:320,49,0,0
BRDA:320,49,1,0
BRDA:321,50,0,0
BRDA:321,50,1,0
BRDA:333,51,0,0
BRDA:333,51,1,0
BRDA:335,52,0,0
BRDA:335,52,1,0
BRDA:354,53,0,0
BRDA:354,53,1,0
BRDA:359,54,0,0
BRDA:359,54,1,0
BRDA:367,55,0,0
BRDA:367,55,1,0
BRDA:368,56,0,0
BRDA:368,56,1,0
BRDA:373,57,0,0
BRDA:373,57,1,0
BRDA:378,58,0,0
BRDA:378,58,1,0
BRDA:379,59,0,0
BRDA:379,59,1,0
BRDA:391,60,0,0
BRDA:391,60,1,0
BRDA:392,61,0,0
BRDA:392,61,1,0
BRDA:393,62,0,0
BRDA:393,62,1,0
BRDA:394,63,0,0
BRDA:394,63,1,0
BRDA:395,64,0,0
BRDA:395,64,1,0
BRDA:396,65,0,0
BRDA:396,65,1,0
BRDA:404,66,0,0
BRDA:404,66,1,0
BRDA:415,67,0,0
BRDA:415,67,1,0
BRDA:416,68,0,0
BRDA:416,68,1,0
BRDA:436,69,0,0
BRDA:436,69,1,0
BRDA:437,70,0,0
BRDA:437,70,1,0
BRDA:442,71,0,0
BRDA:442,71,1,0
BRDA:442,72,0,0
BRDA:442,72,1,0
BRDA:443,73,0,0
BRDA:443,73,1,0
BRDA:444,74,0,0
BRDA:444,74,1,0
BRDA:452,75,0,0
BRDA:452,75,1,0
BRDA:454,76,0,0
BRDA:454,76,1,0
BRDA:471,77,0,0
BRDA:471,77,1,0
BRDA:474,78,0,0
BRDA:474,78,1,0
BRDA:480,79,0,0
BRDA:480,79,1,0
BRDA:481,80,0,0
BRDA:481,80,1,0
BRDA:497,81,0,0
BRDA:497,81,1,0
BRDA:502,82,0,0
BRDA:502,82,1,0
BRDA:503,83,0,0
BRDA:503,83,1,0
BRDA:514,84,0,0
BRDA:514,84,1,0
BRDA:517,85,0,0
BRDA:517,85,1,0
BRDA:517,85,2,0
BRDA:530,86,0,0
BRDA:530,86,1,0
BRDA:530,86,2,0
BRDA:540,87,0,0
BRDA:540,87,1,0
BRDA:544,88,0,0
BRDA:544,88,1,0
BRDA:548,89,0,0
BRDA:548,89,1,0
BRDA:566,90,0,0
BRDA:566,90,1,0
BRDA:570,91,0,0
BRDA:570,91,1,0
BRDA:573,92,0,0
BRDA:573,92,1,0
BRF:186
BRH:0
end_of_record
TN:
SF:lib\data-transformer.ts
FN:18,transformApiManuscriptToUI
FN:24,(anonymous_7)
FN:57,transformApiFigureToUI
FN:78,transformApiPanelToUI
FN:102,transformCheckResultsToQCChecks
FN:103,(anonymous_11)
FN:113,transformLinksToLinkedData
FN:114,(anonymous_13)
FN:123,derivePriorityFromStatus
FN:134,deriveQCStatusFromCheckResults
FN:137,(anonymous_16)
FN:138,(anonymous_17)
FN:145,mapStatusToDisplay
FN:156,mapStatusToWorkflow
FN:167,mapStatusToBadgeVariant
FN:178,mapCheckStatusToType
FN:188,hasPanelIssues
FN:189,(anonymous_23)
FNF:18
FNH:0
FNDA:0,transformApiManuscriptToUI
FNDA:0,(anonymous_7)
FNDA:0,transformApiFigureToUI
FNDA:0,transformApiPanelToUI
FNDA:0,transformCheckResultsToQCChecks
FNDA:0,(anonymous_11)
FNDA:0,transformLinksToLinkedData
FNDA:0,(anonymous_13)
FNDA:0,derivePriorityFromStatus
FNDA:0,deriveQCStatusFromCheckResults
FNDA:0,(anonymous_16)
FNDA:0,(anonymous_17)
FNDA:0,mapStatusToDisplay
FNDA:0,mapStatusToWorkflow
FNDA:0,mapStatusToBadgeVariant
FNDA:0,mapCheckStatusToType
FNDA:0,hasPanelIssues
FNDA:0,(anonymous_23)
DA:18,0
DA:19,0
DA:24,0
DA:57,0
DA:58,0
DA:78,0
DA:79,0
DA:102,0
DA:103,0
DA:113,0
DA:114,0
DA:124,0
DA:131,0
DA:135,0
DA:137,0
DA:138,0
DA:140,0
DA:141,0
DA:142,0
DA:146,0
DA:153,0
DA:157,0
DA:164,0
DA:168,0
DA:175,0
DA:179,0
DA:185,0
DA:189,0
DA:190,0
LF:29
LH:0
BRDA:35,0,0,0
BRDA:35,0,1,0
BRDA:37,1,0,0
BRDA:37,1,1,0
BRDA:41,2,0,0
BRDA:41,2,1,0
BRDA:44,3,0,0
BRDA:44,3,1,0
BRDA:45,4,0,0
BRDA:45,4,1,0
BRDA:63,5,0,0
BRDA:63,5,1,0
BRDA:64,6,0,0
BRDA:64,6,1,0
BRDA:70,7,0,0
BRDA:70,7,1,0
BRDA:71,8,0,0
BRDA:71,8,1,0
BRDA:72,9,0,0
BRDA:72,9,1,0
BRDA:73,10,0,0
BRDA:73,10,1,0
BRDA:84,11,0,0
BRDA:84,11,1,0
BRDA:95,12,0,0
BRDA:95,12,1,0
BRDA:96,13,0,0
BRDA:96,13,1,0
BRDA:97,14,0,0
BRDA:97,14,1,0
BRDA:105,15,0,0
BRDA:105,15,1,0
BRDA:106,16,0,0
BRDA:106,16,1,0
BRDA:115,17,0,0
BRDA:115,17,1,0
BRDA:116,18,0,0
BRDA:116,18,1,0
BRDA:131,19,0,0
BRDA:131,19,1,0
BRDA:135,20,0,0
BRDA:135,20,1,0
BRDA:135,21,0,0
BRDA:135,21,1,0
BRDA:140,22,0,0
BRDA:140,22,1,0
BRDA:141,23,0,0
BRDA:141,23,1,0
BRDA:153,24,0,0
BRDA:153,24,1,0
BRDA:164,25,0,0
BRDA:164,25,1,0
BRDA:175,26,0,0
BRDA:175,26,1,0
BRDA:185,27,0,0
BRDA:185,27,1,0
BRDA:190,28,0,0
BRDA:190,28,1,0
BRDA:190,28,2,0
BRF:59
BRH:0
end_of_record
TN:
SF:lib\dev-bypass-auth.ts
FN:6,shouldBypassAuth
FN:11,getDevUser
FNF:2
FNH:0
FNDA:0,shouldBypassAuth
FNDA:0,getDevUser
DA:6,0
DA:8,0
DA:11,0
DA:12,0
LF:4
LH:0
BRDA:8,0,0,0
BRDA:8,0,1,0
BRF:2
BRH:0
end_of_record
TN:
SF:lib\figures-service.ts
FN:43,loadManuscriptFigures
FN:57,loadFiguresFromAPI
FN:85,(anonymous_6)
FN:96,loadFiguresFromMockData
FN:98,(anonymous_8)
FN:115,transformRealFigureToUnified
FN:121,(anonymous_10)
FN:137,generateMockFigures
FN:171,generateMockQCChecks
FN:184,(anonymous_13)
FN:210,getFigureById
FN:216,(anonymous_15)
FN:222,updateFigure
FNF:13
FNH:0
FNDA:0,loadManuscriptFigures
FNDA:0,loadFiguresFromAPI
FNDA:0,(anonymous_6)
FNDA:0,loadFiguresFromMockData
FNDA:0,(anonymous_8)
FNDA:0,transformRealFigureToUnified
FNDA:0,(anonymous_10)
FNDA:0,generateMockFigures
FNDA:0,generateMockQCChecks
FNDA:0,(anonymous_13)
FNDA:0,getFigureById
FNDA:0,(anonymous_15)
FNDA:0,updateFigure
DA:6,0
DA:7,0
DA:8,0
DA:43,0
DA:47,0
DA:48,0
DA:50,0
DA:58,0
DA:59,0
DA:72,0
DA:73,0
DA:74,0
DA:77,0
DA:79,0
DA:80,0
DA:81,0
DA:85,0
DA:88,0
DA:89,0
DA:98,0
DA:99,0
DA:104,0
DA:105,0
DA:109,0
DA:116,0
DA:121,0
DA:138,0
DA:139,0
DA:140,0
DA:142,0
DA:143,0
DA:144,0
DA:146,0
DA:147,0
DA:155,0
DA:165,0
DA:172,0
DA:173,0
DA:174,0
DA:184,0
DA:185,0
DA:187,0
DA:188,0
DA:189,0
DA:191,0
DA:204,0
DA:210,0
DA:215,0
DA:216,0
DA:222,0
DA:228,0
DA:230,0
DA:231,0
DA:245,0
DA:246,0
DA:247,0
DA:250,0
DA:255,0
DA:256,0
LF:59
LH:0
BRDA:45,0,0,0
BRDA:47,1,0,0
BRDA:47,1,1,0
BRDA:65,2,0,0
BRDA:65,2,1,0
BRDA:72,3,0,0
BRDA:72,3,1,0
BRDA:79,4,0,0
BRDA:79,4,1,0
BRDA:79,5,0,0
BRDA:79,5,1,0
BRDA:99,6,0,0
BRDA:99,6,1,0
BRDA:99,6,2,0
BRDA:104,7,0,0
BRDA:104,7,1,0
BRDA:129,8,0,0
BRDA:129,8,1,0
BRDA:130,9,0,0
BRDA:130,9,1,0
BRDA:138,10,0,0
BRDA:138,10,1,0
BRDA:149,11,0,0
BRDA:149,11,1,0
BRDA:149,12,0,0
BRDA:149,12,1,0
BRDA:149,13,0,0
BRDA:149,13,1,0
BRDA:149,14,0,0
BRDA:149,14,1,0
BRDA:213,15,0,0
BRDA:216,16,0,0
BRDA:216,16,1,0
BRDA:226,17,0,0
BRDA:228,18,0,0
BRDA:228,18,1,0
BRDA:237,19,0,0
BRDA:237,19,1,0
BRDA:245,20,0,0
BRDA:245,20,1,0
BRF:40
BRH:0
end_of_record
TN:
SF:lib\image-error-handler.ts
FN:32,loadImageWithFallback
FN:117,validateImage
FN:140,preloadImage
FN:141,(anonymous_9)
FN:144,(anonymous_10)
FN:149,(anonymous_11)
FN:154,(anonymous_12)
FN:160,(anonymous_13)
FN:172,createImageElement
FN:199,(anonymous_15)
FN:211,(anonymous_16)
FN:230,resetImageErrors
FN:245,getImageErrorStats
FN:251,(anonymous_19)
FN:254,(anonymous_20)
FNF:15
FNH:0
FNDA:0,loadImageWithFallback
FNDA:0,validateImage
FNDA:0,preloadImage
FNDA:0,(anonymous_9)
FNDA:0,(anonymous_10)
FNDA:0,(anonymous_11)
FNDA:0,(anonymous_12)
FNDA:0,(anonymous_13)
FNDA:0,createImageElement
FNDA:0,(anonymous_15)
FNDA:0,(anonymous_16)
FNDA:0,resetImageErrors
FNDA:0,getImageErrorStats
FNDA:0,(anonymous_19)
FNDA:0,(anonymous_20)
DA:5,0
DA:20,0
DA:26,0
DA:27,0
DA:32,0
DA:43,0
DA:46,0
DA:47,0
DA:48,0
DA:56,0
DA:57,0
DA:58,0
DA:60,0
DA:61,0
DA:62,0
DA:63,0
DA:71,0
DA:72,0
DA:73,0
DA:80,0
DA:81,0
DA:82,0
DA:83,0
DA:85,0
DA:87,0
DA:88,0
DA:89,0
DA:94,0
DA:99,0
DA:100,0
DA:102,0
DA:106,0
DA:107,0
DA:118,0
DA:119,0
DA:124,0
DA:125,0
DA:128,0
DA:129,0
DA:132,0
DA:133,0
DA:140,0
DA:141,0
DA:142,0
DA:144,0
DA:145,0
DA:146,0
DA:149,0
DA:150,0
DA:151,0
DA:154,0
DA:155,0
DA:156,0
DA:160,0
DA:161,0
DA:162,0
DA:165,0
DA:172,0
DA:187,0
DA:189,0
DA:190,0
DA:193,0
DA:194,0
DA:198,0
DA:200,0
DA:201,0
DA:203,0
DA:204,0
DA:207,0
DA:208,0
DA:212,0
DA:215,0
DA:216,0
DA:217,0
DA:219,0
DA:220,0
DA:224,0
DA:230,0
DA:231,0
DA:232,0
DA:233,0
DA:234,0
DA:236,0
DA:237,0
DA:238,0
DA:245,0
DA:250,0
DA:251,0
DA:253,0
DA:254,0
DA:256,0
LF:91
LH:0
BRDA:35,0,0,0
BRDA:41,1,0,0
BRDA:43,2,0,0
BRDA:43,2,1,0
BRDA:43,3,0,0
BRDA:43,3,1,0
BRDA:46,4,0,0
BRDA:46,4,1,0
BRDA:56,5,0,0
BRDA:56,5,1,0
BRDA:57,6,0,0
BRDA:57,6,1,0
BRDA:60,7,0,0
BRDA:60,7,1,0
BRDA:71,8,0,0
BRDA:71,8,1,0
BRDA:71,9,0,0
BRDA:71,9,1,0
BRDA:81,10,0,0
BRDA:81,10,1,0
BRDA:85,11,0,0
BRDA:85,11,1,0
BRDA:110,12,0,0
BRDA:110,12,1,0
BRDA:124,13,0,0
BRDA:124,13,1,0
BRDA:129,14,0,0
BRDA:129,14,1,0
BRDA:175,15,0,0
BRDA:183,16,0,0
BRDA:189,17,0,0
BRDA:189,17,1,0
BRDA:193,18,0,0
BRDA:193,18,1,0
BRDA:203,19,0,0
BRDA:203,19,1,0
BRDA:207,20,0,0
BRDA:207,20,1,0
BRDA:219,21,0,0
BRDA:219,21,1,0
BRDA:231,22,0,0
BRDA:231,22,1,0
BRDA:251,23,0,0
BRDA:251,23,1,0
BRF:44
BRH:0
end_of_record
TN:
SF:lib\image-utils.ts
FN:17,getFigureImageUrl
FN:40,getFigureThumbnailUrl
FN:55,getPanelImageUrl
FN:71,getFallbackImageUrl
FN:113,getImageUrl
FN:132,preloadImage
FN:133,(anonymous_13)
FN:135,(anonymous_14)
FN:136,(anonymous_15)
FN:144,getImageWithFallback
FNF:10
FNH:0
FNDA:0,getFigureImageUrl
FNDA:0,getFigureThumbnailUrl
FNDA:0,getPanelImageUrl
FNDA:0,getFallbackImageUrl
FNDA:0,getImageUrl
FNDA:0,preloadImage
FNDA:0,(anonymous_13)
FNDA:0,(anonymous_14)
FNDA:0,(anonymous_15)
FNDA:0,getImageWithFallback
DA:17,0
DA:22,0
DA:24,0
DA:25,0
DA:26,0
DA:27,0
DA:28,0
DA:29,0
DA:31,0
DA:32,0
DA:34,0
DA:40,0
DA:45,0
DA:55,0
DA:61,0
DA:77,0
DA:78,0
DA:82,0
DA:83,0
DA:100,0
DA:101,0
DA:102,0
DA:103,0
DA:104,0
DA:107,0
DA:113,0
DA:119,0
DA:121,0
DA:122,0
DA:125,0
DA:132,0
DA:133,0
DA:134,0
DA:135,0
DA:136,0
DA:137,0
DA:144,0
DA:150,0
DA:152,0
DA:154,0
DA:155,0
DA:156,0
DA:157,0
DA:160,0
DA:164,0
LF:45
LH:0
BRDA:20,0,0,0
BRDA:24,1,0,0
BRDA:24,1,1,0
BRDA:25,2,0,0
BRDA:25,2,1,0
BRDA:26,3,0,0
BRDA:26,3,1,0
BRDA:27,4,0,0
BRDA:27,4,1,0
BRDA:28,5,0,0
BRDA:28,5,1,0
BRDA:29,6,0,0
BRDA:29,6,1,0
BRDA:34,7,0,0
BRDA:34,7,1,0
BRDA:43,8,0,0
BRDA:59,9,0,0
BRDA:77,10,0,0
BRDA:77,10,1,0
BRDA:82,11,0,0
BRDA:82,11,1,0
BRDA:116,12,0,0
BRDA:117,13,0,0
BRDA:119,14,0,0
BRDA:119,14,1,0
BRDA:147,15,0,0
BRDA:148,16,0,0
BRDA:150,17,0,0
BRDA:150,17,1,0
BRDA:156,18,0,0
BRDA:156,18,1,0
BRDA:156,19,0,0
BRDA:156,19,1,0
BRF:33
BRH:0
end_of_record
TN:
SF:lib\mock-manuscript-details.ts
FNF:0
FNH:0
DA:5,0
DA:22,0
DA:39,0
LF:3
LH:0
BRF:0
BRH:0
end_of_record
TN:
SF:lib\mock.ts
FNF:0
FNH:0
DA:1,0
DA:233,0
DA:254,0
DA:272,0
LF:4
LH:0
BRF:0
BRH:0
end_of_record
TN:
SF:lib\real-data-integration.ts
FN:22,loadAndAddRealData
FN:36,(anonymous_2)
FN:46,(anonymous_3)
FN:50,(anonymous_4)
FNF:4
FNH:0
FNDA:0,loadAndAddRealData
FNDA:0,(anonymous_2)
FNDA:0,(anonymous_3)
FNDA:0,(anonymous_4)
DA:3,0
DA:22,0
DA:23,0
DA:24,0
DA:25,0
DA:26,0
DA:27,0
DA:28,0
DA:31,0
DA:32,0
DA:33,0
DA:36,0
DA:38,0
DA:39,0
DA:41,0
DA:46,0
DA:50,0
DA:62,0
DA:64,0
DA:65,0
LF:20
LH:0
BRDA:26,0,0,0
BRDA:26,0,1,0
BRDA:33,1,0,0
BRDA:33,1,1,0
BRDA:50,2,0,0
BRDA:50,2,1,0
BRF:6
BRH:0
end_of_record
TN:
SF:lib\real-data-loader.ts
FN:30,loadAllFigures
FN:47,convertToMockFormat
FN:53,(anonymous_6)
FN:67,generateSampleQCChecks
FN:71,(anonymous_8)
FN:72,(anonymous_9)
FN:85,createSampleCheck
FNF:7
FNH:0
FNDA:0,loadAllFigures
FNDA:0,convertToMockFormat
FNDA:0,(anonymous_6)
FNDA:0,generateSampleQCChecks
FNDA:0,(anonymous_8)
FNDA:0,(anonymous_9)
FNDA:0,createSampleCheck
DA:30,0
DA:31,0
DA:32,0
DA:33,0
DA:34,0
DA:37,0
DA:38,0
DA:40,0
DA:41,0
DA:47,0
DA:48,0
DA:53,0
DA:67,0
DA:68,0
DA:71,0
DA:72,0
DA:74,0
DA:75,0
DA:76,0
DA:81,0
DA:86,0
DA:114,0
DA:115,0
DA:117,0
LF:24
LH:0
BRDA:33,0,0,0
BRDA:33,0,1,0
BRDA:38,1,0,0
BRDA:38,1,1,0
BRDA:75,2,0,0
BRDA:75,2,1,0
BRDA:115,3,0,0
BRDA:115,3,1,0
BRF:8
BRH:0
end_of_record
TN:
SF:lib\real-figures-data.ts
FNF:0
FNH:0
DA:3,0
LF:1
LH:0
BRF:0
BRH:0
end_of_record
TN:
SF:lib\status-mapping.ts
FN:119,getStatusMapping
FN:129,getValidStatusesForTab
FN:131,(anonymous_9)
FN:132,(anonymous_10)
FN:138,isFieldMapped
FN:154,getUnmappedFields
FNF:6
FNH:3
FNDA:0,getStatusMapping
FNDA:6,getValidStatusesForTab
FNDA:60,(anonymous_9)
FNDA:30,(anonymous_10)
FNDA:0,isFieldMapped
FNDA:0,getUnmappedFields
DA:14,1
DA:108,1
DA:119,0
DA:120,0
DA:121,0
DA:129,6
DA:130,6
DA:131,60
DA:132,30
DA:134,6
DA:138,0
DA:139,0
DA:141,0
DA:143,0
DA:145,0
DA:147,0
DA:149,0
DA:154,0
DA:155,0
DA:157,0
DA:158,0
DA:161,0
DA:162,0
DA:165,0
DA:166,0
DA:169,0
DA:170,0
DA:173,0
LF:28
LH:7
BRDA:121,0,0,0
BRDA:121,0,1,0
BRDA:139,1,0,0
BRDA:139,1,1,0
BRDA:139,1,2,0
BRDA:139,1,3,0
BRDA:139,1,4,0
BRDA:157,2,0,0
BRDA:157,2,1,0
BRDA:161,3,0,0
BRDA:161,3,1,0
BRDA:161,4,0,0
BRDA:161,4,1,0
BRDA:165,5,0,0
BRDA:165,5,1,0
BRDA:165,6,0,0
BRDA:165,6,1,0
BRDA:169,7,0,0
BRDA:169,7,1,0
BRDA:169,8,0,0
BRDA:169,8,1,0
BRF:21
BRH:0
end_of_record
TN:
SF:lib\test-real-data.ts
FN:5,testRealDataLoading
FN:13,(anonymous_2)
FN:21,(anonymous_3)
FN:22,(anonymous_4)
FNF:4
FNH:0
FNDA:0,testRealDataLoading
FNDA:0,(anonymous_2)
FNDA:0,(anonymous_3)
FNDA:0,(anonymous_4)
DA:3,0
DA:5,0
DA:6,0
DA:8,0
DA:9,0
DA:11,0
DA:13,0
DA:14,0
DA:15,0
DA:16,0
DA:17,0
DA:18,0
DA:19,0
DA:21,0
DA:22,0
DA:25,0
DA:27,0
DA:28,0
DA:33,0
DA:34,0
LF:20
LH:0
BRDA:33,0,0,0
BRDA:33,0,1,0
BRF:2
BRH:0
end_of_record
TN:
SF:lib\utils.ts
FN:4,cn
FNF:1
FNH:1
FNDA:317,cn
DA:1,2
DA:2,2
DA:4,317
DA:5,317
LF:4
LH:4
BRF:0
BRH:0
end_of_record
TN:
SF:lib\utils\date-utils.ts
FN:3,formatDate
FN:35,getRelativeTime
FN:52,getEditingDuration
FNF:3
FNH:3
FNDA:5,formatDate
FNDA:7,getRelativeTime
FNDA:6,getEditingDuration
DA:3,5
DA:4,5
DA:6,5
DA:7,1
DA:10,4
DA:12,2
DA:19,1
DA:28,1
DA:31,0
DA:35,6
DA:36,7
DA:37,7
DA:39,7
DA:40,7
DA:42,7
DA:43,7
DA:45,7
DA:46,7
DA:48,7
DA:49,7
DA:52,6
DA:53,6
DA:54,6
DA:56,3
DA:57,3
LF:25
LH:24
BRDA:3,0,0,2
BRDA:6,1,0,1
BRDA:6,1,1,4
BRDA:10,2,0,2
BRDA:10,2,1,1
BRDA:10,2,2,1
BRDA:10,2,3,0
BRDA:39,3,0,0
BRDA:39,3,1,7
BRDA:40,4,0,0
BRDA:40,4,1,7
BRDA:40,5,0,0
BRDA:40,5,1,0
BRDA:43,6,0,0
BRDA:43,6,1,7
BRDA:43,7,0,0
BRDA:43,7,1,0
BRDA:46,8,0,0
BRDA:46,8,1,7
BRDA:46,9,0,0
BRDA:46,9,1,0
BRDA:49,10,0,7
BRDA:49,10,1,0
BRDA:54,11,0,3
BRDA:54,11,1,3
BRDA:54,12,0,2
BRDA:54,12,1,1
BRDA:57,13,0,2
BRDA:57,13,1,1
BRF:29
BRH:17
end_of_record
TN:
SF:lib\utils\manuscript-utils.ts
FN:4,searchManuscripts
FN:9,(anonymous_8)
FN:20,(anonymous_9)
FN:27,getUniqueAssignees
FN:28,(anonymous_11)
FN:33,(anonymous_12)
FN:41,getTabCounts
FN:49,(anonymous_14)
FN:60,filterAndSortManuscripts
FN:79,(anonymous_16)
FN:100,(anonymous_17)
FN:120,(anonymous_18)
FN:128,getPriorityColor
FN:144,getStatusColor
FNF:14
FNH:14
FNDA:7,searchManuscripts
FNDA:24,(anonymous_8)
FNDA:141,(anonymous_9)
FNDA:3,getUniqueAssignees
FNDA:8,(anonymous_11)
FNDA:3,(anonymous_12)
FNDA:2,getTabCounts
FNDA:8,(anonymous_14)
FNDA:7,filterAndSortManuscripts
FNDA:25,(anonymous_16)
FNDA:13,(anonymous_17)
FNDA:16,(anonymous_18)
FNDA:6,getPriorityColor
FNDA:7,getStatusColor
DA:4,6
DA:5,7
DA:7,6
DA:9,6
DA:10,24
DA:20,24
DA:21,141
DA:27,3
DA:28,8
DA:29,3
DA:32,3
DA:33,3
DA:34,1
DA:37,2
DA:41,2
DA:42,2
DA:49,2
DA:50,8
DA:51,8
DA:52,8
DA:56,2
DA:60,7
DA:71,7
DA:74,7
DA:75,1
DA:79,7
DA:81,25
DA:82,4
DA:86,22
DA:87,4
DA:91,19
DA:92,4
DA:93,4
DA:96,17
DA:100,7
DA:101,13
DA:102,13
DA:104,13
DA:105,7
DA:106,7
DA:109,13
DA:110,6
DA:111,6
DA:114,13
DA:115,10
DA:116,0
DA:120,7
DA:121,16
DA:122,6
DA:123,6
DA:128,6
DA:129,6
DA:131,2
DA:133,1
DA:135,1
DA:137,1
DA:139,1
DA:144,7
DA:145,7
DA:147,2
DA:149,1
DA:151,1
DA:153,1
DA:155,1
DA:157,1
LF:65
LH:64
BRDA:5,0,0,1
BRDA:5,0,1,6
BRDA:11,1,0,24
BRDA:11,1,1,0
BRDA:12,2,0,24
BRDA:12,2,1,0
BRDA:13,3,0,24
BRDA:13,3,1,0
BRDA:14,4,0,24
BRDA:14,4,1,0
BRDA:15,5,0,24
BRDA:15,5,1,0
BRDA:16,6,0,24
BRDA:16,6,1,0
BRDA:17,7,0,24
BRDA:17,7,1,0
BRDA:32,8,0,1
BRDA:32,8,1,2
BRDA:32,9,0,3
BRDA:32,9,1,1
BRDA:50,10,0,8
BRDA:50,10,1,4
BRDA:51,11,0,8
BRDA:51,11,1,0
BRDA:74,12,0,1
BRDA:74,12,1,6
BRDA:81,13,0,4
BRDA:81,13,1,21
BRDA:81,14,0,25
BRDA:81,14,1,4
BRDA:82,15,0,3
BRDA:82,15,1,1
BRDA:86,16,0,4
BRDA:86,16,1,18
BRDA:86,17,0,22
BRDA:86,17,1,4
BRDA:87,18,0,3
BRDA:87,18,1,1
BRDA:91,19,0,4
BRDA:91,19,1,15
BRDA:91,20,0,19
BRDA:91,20,1,4
BRDA:92,21,0,4
BRDA:92,21,1,0
BRDA:93,22,0,2
BRDA:93,22,1,2
BRDA:104,23,0,7
BRDA:104,23,1,6
BRDA:104,24,0,13
BRDA:104,24,1,6
BRDA:109,25,0,6
BRDA:109,25,1,7
BRDA:114,26,0,3
BRDA:114,26,1,10
BRDA:114,27,0,3
BRDA:114,27,1,0
BRDA:115,28,0,10
BRDA:115,28,1,0
BRDA:115,29,0,3
BRDA:115,29,1,7
BRDA:121,30,0,10
BRDA:121,30,1,6
BRDA:121,31,0,16
BRDA:121,31,1,10
BRDA:122,32,0,0
BRDA:122,32,1,6
BRDA:122,33,0,6
BRDA:122,33,1,0
BRDA:129,34,0,2
BRDA:129,34,1,1
BRDA:129,34,2,1
BRDA:129,34,3,1
BRDA:129,34,4,1
BRDA:145,35,0,2
BRDA:145,35,1,1
BRDA:145,35,2,1
BRDA:145,35,3,1
BRDA:145,35,4,1
BRDA:145,35,5,1
BRF:79
BRH:66
end_of_record
TN:
SF:lib\utils\sort-utils.ts
FN:5,sortManuscripts
FN:10,(anonymous_6)
FN:33,filterManuscripts
FN:42,(anonymous_8)
FN:73,groupManuscriptsByStatus
FN:74,(anonymous_10)
FN:84,getManuscriptStats
FN:87,(anonymous_12)
FN:92,(anonymous_13)
FN:93,(anonymous_14)
FNF:10
FNH:0
FNDA:0,sortManuscripts
FNDA:0,(anonymous_6)
FNDA:0,filterManuscripts
FNDA:0,(anonymous_8)
FNDA:0,groupManuscriptsByStatus
FNDA:0,(anonymous_10)
FNDA:0,getManuscriptStats
FNDA:0,(anonymous_12)
FNDA:0,(anonymous_13)
FNDA:0,(anonymous_14)
DA:5,0
DA:10,0
DA:11,0
DA:12,0
DA:15,0
DA:16,0
DA:17,0
DA:21,0
DA:22,0
DA:23,0
DA:27,0
DA:28,0
DA:29,0
DA:33,0
DA:42,0
DA:44,0
DA:45,0
DA:47,0
DA:51,0
DA:55,0
DA:56,0
DA:60,0
DA:61,0
DA:65,0
DA:66,0
DA:69,0
DA:73,0
DA:74,0
DA:75,0
DA:76,0
DA:77,0
DA:79,0
DA:80,0
DA:84,0
DA:85,0
DA:86,0
DA:87,0
DA:88,0
DA:89,0
DA:92,0
DA:93,0
DA:95,0
LF:42
LH:0
BRDA:15,0,0,0
BRDA:15,0,1,0
BRDA:15,1,0,0
BRDA:15,1,1,0
BRDA:21,2,0,0
BRDA:21,2,1,0
BRDA:27,3,0,0
BRDA:27,3,1,0
BRDA:27,4,0,0
BRDA:27,4,1,0
BRDA:28,5,0,0
BRDA:28,5,1,0
BRDA:28,6,0,0
BRDA:28,6,1,0
BRDA:44,7,0,0
BRDA:44,7,1,0
BRDA:47,8,0,0
BRDA:47,8,1,0
BRDA:47,8,2,0
BRDA:51,9,0,0
BRDA:51,9,1,0
BRDA:55,10,0,0
BRDA:55,10,1,0
BRDA:55,11,0,0
BRDA:55,11,1,0
BRDA:56,12,0,0
BRDA:56,12,1,0
BRDA:60,13,0,0
BRDA:60,13,1,0
BRDA:60,14,0,0
BRDA:60,14,1,0
BRDA:61,15,0,0
BRDA:61,15,1,0
BRDA:65,16,0,0
BRDA:65,16,1,0
BRDA:65,17,0,0
BRDA:65,17,1,0
BRDA:66,18,0,0
BRDA:66,18,1,0
BRDA:76,19,0,0
BRDA:76,19,1,0
BRDA:88,20,0,0
BRDA:88,20,1,0
BRF:43
BRH:0
end_of_record
TN:
SF:lib\utils\validation-utils.ts
FN:3,validateEmail
FN:8,validateMsid
FN:14,sanitizeString
FN:18,validateUrl
FN:27,validateDoi
FN:33,truncateText
FNF:6
FNH:0
FNDA:0,validateEmail
FNDA:0,validateMsid
FNDA:0,sanitizeString
FNDA:0,validateUrl
FNDA:0,validateDoi
FNDA:0,truncateText
DA:3,0
DA:4,0
DA:5,0
DA:8,0
DA:10,0
DA:11,0
DA:14,0
DA:15,0
DA:18,0
DA:19,0
DA:20,0
DA:21,0
DA:23,0
DA:27,0
DA:29,0
DA:30,0
DA:33,0
DA:34,0
DA:35,0
LF:19
LH:0
BRDA:34,0,0,0
BRDA:34,0,1,0
BRF:2
BRH:0
end_of_record
